#
# There is insufficient memory for the Java Runtime Environment to continue.
# Native memory allocation (malloc) failed to allocate 1277952 bytes for Chunk::new
# Possible reasons:
#   The system is out of physical RAM or swap space
#   The process is running with CompressedOops enabled, and the Java Heap may be blocking the growth of the native heap
# Possible solutions:
#   Reduce memory load on the system
#   Increase physical memory or swap space
#   Check if swap backing store is full
#   Decrease Java heap size (-Xmx/-Xms)
#   Decrease number of Java threads
#   Decrease Java thread stack sizes (-Xss)
#   Set larger code cache with -XX:ReservedCodeCacheSize=
#   JVM is running with Zero Based Compressed Oops mode in which the Java heap is
#     placed in the first 32GB address space. The Java Heap base address is the
#     maximum limit for the native heap growth. Please use -XX:HeapBaseMinAddress
#     to set the Java Heap base and to place the Java Heap above 32GB virtual address.
# This output file may be truncated or incomplete.
#
#  Out of Memory Error (arena.cpp:189), pid=13452, tid=21092
#
# JRE version: OpenJDK Runtime Environment (17.0.6) (build 17.0.6+0-b2043.56-9586694)
# Java VM: OpenJDK 64-Bit Server VM (17.0.6+0-b2043.56-9586694, mixed mode, tiered, compressed oops, compressed class ptrs, g1 gc, windows-amd64)
# No core dump will be written. Minidumps are not enabled by default on client versions of Windows
#

---------------  S U M M A R Y ------------

Command Line: --add-opens=java.base/java.util=ALL-UNNAMED --add-opens=java.base/java.lang=ALL-UNNAMED --add-opens=java.base/java.lang.invoke=ALL-UNNAMED --add-opens=java.prefs/java.util.prefs=ALL-UNNAMED --add-opens=java.base/java.nio.charset=ALL-UNNAMED --add-opens=java.base/java.net=ALL-UNNAMED --add-opens=java.base/java.util.concurrent.atomic=ALL-UNNAMED -Xmx4096m -Dfile.encoding=UTF-8 -Duser.country=CL -Duser.language=es -Duser.variant org.gradle.launcher.daemon.bootstrap.GradleDaemon 8.0

Host: AMD Athlon Silver 3050U with Radeon Graphics   , 2 cores, 9G,  Windows 10 , 64 bit Build 19041 (10.0.19041.2913)
Time: Mon Jun  5 16:57:11 2023 Hora est. Sudamérica Pacífico elapsed time: 8.538830 seconds (0d 0h 0m 8s)

---------------  T H R E A D  ---------------

Current thread (0x0000022df744e9c0):  JavaThread "C2 CompilerThread0" daemon [_thread_in_native, id=21092, stack(0x000000a136900000,0x000000a136a00000)]


Current CompileTask:
C2:   8538 4684       4       jdk.internal.org.objectweb.asm.Frame::execute (2305 bytes)

Stack: [0x000000a136900000,0x000000a136a00000]
Native frames: (J=compiled Java code, j=interpreted, Vv=VM code, C=native code)
V  [jvm.dll+0x683b4a]
V  [jvm.dll+0x842654]
V  [jvm.dll+0x843dfe]
V  [jvm.dll+0x844463]
V  [jvm.dll+0x249b75]
V  [jvm.dll+0xabcac]
V  [jvm.dll+0xac27c]
V  [jvm.dll+0x368857]
V  [jvm.dll+0x1bced2]
V  [jvm.dll+0x21c359]
V  [jvm.dll+0x21b621]
V  [jvm.dll+0x1a4fdd]
V  [jvm.dll+0x22b098]
V  [jvm.dll+0x229159]
V  [jvm.dll+0x7f809c]
V  [jvm.dll+0x7f25fa]
V  [jvm.dll+0x682985]
C  [ucrtbase.dll+0x21bb2]
C  [KERNEL32.DLL+0x17614]
C  [ntdll.dll+0x526a1]


---------------  P R O C E S S  ---------------

Threads class SMR info:
_java_thread_list=0x0000022dfb797960, length=37, elements={
0x0000022dd897a490, 0x0000022df67fdda0, 0x0000022df67ff2c0, 0x0000022df7449140,
0x0000022df7449c00, 0x0000022df744cd70, 0x0000022df744d630, 0x0000022df744e9c0,
0x0000022df7459170, 0x0000022df74c1e90, 0x0000022df7600410, 0x0000022df76008e0,
0x0000022df8f9f020, 0x0000022df8bf1e90, 0x0000022df8e0e1c0, 0x0000022df985e000,
0x0000022df985e4d0, 0x0000022df9834030, 0x0000022df9834500, 0x0000022df8bef430,
0x0000022df8bedc20, 0x0000022df8bef900, 0x0000022df8beea90, 0x0000022df8bee0f0,
0x0000022df8bee5c0, 0x0000022df8bed750, 0x0000022df8bf0c40, 0x0000022df8befdd0,
0x0000022df8beef60, 0x0000022df8bf02a0, 0x0000022df8bf0770, 0x0000022df8bf1110,
0x0000022df9eaaa40, 0x0000022df9ead590, 0x0000022df9eae8d0, 0x0000022df9eaa570,
0x0000022df9eabd80
}

Java Threads: ( => current thread )
  0x0000022dd897a490 JavaThread "main" [_thread_blocked, id=7216, stack(0x000000a135c00000,0x000000a135d00000)]
  0x0000022df67fdda0 JavaThread "Reference Handler" daemon [_thread_blocked, id=23384, stack(0x000000a136300000,0x000000a136400000)]
  0x0000022df67ff2c0 JavaThread "Finalizer" daemon [_thread_blocked, id=22480, stack(0x000000a136400000,0x000000a136500000)]
  0x0000022df7449140 JavaThread "Signal Dispatcher" daemon [_thread_blocked, id=16148, stack(0x000000a136500000,0x000000a136600000)]
  0x0000022df7449c00 JavaThread "Attach Listener" daemon [_thread_blocked, id=4856, stack(0x000000a136600000,0x000000a136700000)]
  0x0000022df744cd70 JavaThread "Service Thread" daemon [_thread_blocked, id=13644, stack(0x000000a136700000,0x000000a136800000)]
  0x0000022df744d630 JavaThread "Monitor Deflation Thread" daemon [_thread_blocked, id=11904, stack(0x000000a136800000,0x000000a136900000)]
=>0x0000022df744e9c0 JavaThread "C2 CompilerThread0" daemon [_thread_in_native, id=21092, stack(0x000000a136900000,0x000000a136a00000)]
  0x0000022df7459170 JavaThread "C1 CompilerThread0" daemon [_thread_blocked, id=20952, stack(0x000000a136a00000,0x000000a136b00000)]
  0x0000022df74c1e90 JavaThread "Sweeper thread" daemon [_thread_blocked, id=20596, stack(0x000000a136b00000,0x000000a136c00000)]
  0x0000022df7600410 JavaThread "Common-Cleaner" daemon [_thread_blocked, id=15536, stack(0x000000a136c00000,0x000000a136d00000)]
  0x0000022df76008e0 JavaThread "Notification Thread" daemon [_thread_blocked, id=7460, stack(0x000000a136d00000,0x000000a136e00000)]
  0x0000022df8f9f020 JavaThread "Daemon health stats" [_thread_blocked, id=22608, stack(0x000000a137000000,0x000000a137100000)]
  0x0000022df8bf1e90 JavaThread "Incoming local TCP Connector on port 63386" [_thread_in_native, id=15384, stack(0x000000a137100000,0x000000a137200000)]
  0x0000022df8e0e1c0 JavaThread "Daemon periodic checks" [_thread_blocked, id=16740, stack(0x000000a137200000,0x000000a137300000)]
  0x0000022df985e000 JavaThread "Daemon" [_thread_blocked, id=16984, stack(0x000000a137300000,0x000000a137400000)]
  0x0000022df985e4d0 JavaThread "Handler for socket connection from /127.0.0.1:63386 to /127.0.0.1:63387" [_thread_in_native, id=24352, stack(0x000000a137400000,0x000000a137500000)]
  0x0000022df9834030 JavaThread "Cancel handler" [_thread_blocked, id=23820, stack(0x000000a137500000,0x000000a137600000)]
  0x0000022df9834500 JavaThread "Daemon worker" [_thread_blocked, id=21368, stack(0x000000a137600000,0x000000a137700000)]
  0x0000022df8bef430 JavaThread "Asynchronous log dispatcher for DefaultDaemonConnection: socket connection from /127.0.0.1:63386 to /127.0.0.1:63387" [_thread_blocked, id=9988, stack(0x000000a137700000,0x000000a137800000)]
  0x0000022df8bedc20 JavaThread "Stdin handler" [_thread_blocked, id=1944, stack(0x000000a137800000,0x000000a137900000)]
  0x0000022df8bef900 JavaThread "Daemon client event forwarder" [_thread_blocked, id=14944, stack(0x000000a137900000,0x000000a137a00000)]
  0x0000022df8beea90 JavaThread "Cache worker for journal cache (C:\Users\gabri\.gradle\caches\journal-1)" [_thread_blocked, id=8708, stack(0x000000a137a00000,0x000000a137b00000)]
  0x0000022df8bee0f0 JavaThread "File lock request listener" [_thread_in_native, id=20460, stack(0x000000a137b00000,0x000000a137c00000)]
  0x0000022df8bee5c0 JavaThread "Cache worker for file hash cache (C:\Users\gabri\.gradle\caches\8.0\fileHashes)" [_thread_blocked, id=11300, stack(0x000000a137c00000,0x000000a137d00000)]
  0x0000022df8bed750 JavaThread "File watcher server" daemon [_thread_in_native, id=19348, stack(0x000000a137d00000,0x000000a137e00000)]
  0x0000022df8bf0c40 JavaThread "File watcher consumer" daemon [_thread_blocked, id=2864, stack(0x000000a137e00000,0x000000a137f00000)]
  0x0000022df8befdd0 JavaThread "jar transforms" [_thread_blocked, id=18232, stack(0x000000a137f00000,0x000000a138000000)]
  0x0000022df8beef60 JavaThread "jar transforms Thread 2" [_thread_blocked, id=22904, stack(0x000000a138000000,0x000000a138100000)]
  0x0000022df8bf02a0 JavaThread "Cache worker for checksums cache (C:\Users\gabri\AndroidStudioProjects\Sprint_final3\.gradle\8.0\checksums)" [_thread_blocked, id=8060, stack(0x000000a138200000,0x000000a138300000)]
  0x0000022df8bf0770 JavaThread "Cache worker for cache directory md-rule (C:\Users\gabri\.gradle\caches\8.0\md-rule)" [_thread_blocked, id=18260, stack(0x000000a138300000,0x000000a138400000)]
  0x0000022df8bf1110 JavaThread "Cache worker for file content cache (C:\Users\gabri\.gradle\caches\8.0\fileContent)" [_thread_blocked, id=19308, stack(0x000000a138400000,0x000000a138500000)]
  0x0000022df9eaaa40 JavaThread "Cache worker for file hash cache (C:\Users\gabri\AndroidStudioProjects\Sprint_final3\.gradle\8.0\fileHashes)" [_thread_blocked, id=9232, stack(0x000000a138500000,0x000000a138600000)]
  0x0000022df9ead590 JavaThread "Cache worker for cache directory md-supplier (C:\Users\gabri\.gradle\caches\8.0\md-supplier)" [_thread_blocked, id=13248, stack(0x000000a138600000,0x000000a138700000)]
  0x0000022df9eae8d0 JavaThread "Cache worker for execution history cache (C:\Users\gabri\.gradle\caches\8.0\executionHistory)" [_thread_blocked, id=13576, stack(0x000000a138700000,0x000000a138800000)]
  0x0000022df9eaa570 JavaThread "Cache worker for dependencies-accessors (C:\Users\gabri\AndroidStudioProjects\Sprint_final3\.gradle\8.0\dependencies-accessors)" [_thread_blocked, id=13160, stack(0x000000a138800000,0x000000a138900000)]
  0x0000022df9eabd80 JavaThread "Cache worker for Build Output Cleanup Cache (C:\Users\gabri\AndroidStudioProjects\Sprint_final3\.gradle\buildOutputCleanup)" [_thread_blocked, id=16564, stack(0x000000a138900000,0x000000a138a00000)]

Other Threads:
  0x0000022dd8963370 VMThread "VM Thread" [stack: 0x000000a136200000,0x000000a136300000] [id=21708]
  0x0000022df7600db0 WatcherThread [stack: 0x000000a136e00000,0x000000a136f00000] [id=24316]
  0x0000022dd89e48e0 GCTaskThread "GC Thread#0" [stack: 0x000000a135d00000,0x000000a135e00000] [id=13544]
  0x0000022df7690a10 GCTaskThread "GC Thread#1" [stack: 0x000000a136f00000,0x000000a137000000] [id=13352]
  0x0000022dd89f6890 ConcurrentGCThread "G1 Main Marker" [stack: 0x000000a135e00000,0x000000a135f00000] [id=9220]
  0x0000022dd89f7580 ConcurrentGCThread "G1 Conc#0" [stack: 0x000000a135f00000,0x000000a136000000] [id=24176]
  0x0000022df66724c0 ConcurrentGCThread "G1 Refine#0" [stack: 0x000000a136000000,0x000000a136100000] [id=11104]
  0x0000022dfa69d030 ConcurrentGCThread "G1 Refine#1" [stack: 0x000000a138100000,0x000000a138200000] [id=10876]
  0x0000022df6672df0 ConcurrentGCThread "G1 Service" [stack: 0x000000a136100000,0x000000a136200000] [id=19136]

Threads with active compile tasks:
C2 CompilerThread0     8561 4684       4       jdk.internal.org.objectweb.asm.Frame::execute (2305 bytes)

VM state: not at safepoint (normal execution)

VM Mutex/Monitor currently owned by a thread: None

Heap address: 0x0000000700000000, size: 4096 MB, Compressed Oops mode: Zero based, Oop shift amount: 3

CDS archive(s) not mapped
Compressed class space mapped at: 0x0000000800000000-0x0000000840000000, reserved size: 1073741824
Narrow klass base: 0x0000000800000000, Narrow klass shift: 0, Narrow klass range: 0x40000000

GC Precious Log:
 CPUs: 2 total, 2 available
 Memory: 10116M
 Large Page Support: Disabled
 NUMA Support: Disabled
 Compressed Oops: Enabled (Zero based)
 Heap Region Size: 2M
 Heap Min Capacity: 8M
 Heap Initial Capacity: 160M
 Heap Max Capacity: 4G
 Pre-touch: Disabled
 Parallel Workers: 2
 Concurrent Workers: 1
 Concurrent Refinement Workers: 2
 Periodic GC: Disabled

Heap:
 garbage-first heap   total 163840K, used 118974K [0x0000000700000000, 0x0000000800000000)
  region size 2048K, 10 young (20480K), 1 survivors (2048K)
 Metaspace       used 52600K, committed 53184K, reserved 1097728K
  class space    used 6994K, committed 7296K, reserved 1048576K

Heap Regions: E=young(eden), S=young(survivor), O=old, HS=humongous(starts), HC=humongous(continues), CS=collection set, F=free, OA=open archive, CA=closed archive, TAMS=top-at-mark-start (previous, next)
|   0|0x0000000700000000, 0x0000000700200000, 0x0000000700200000|100%|HS|  |TAMS 0x0000000700200000, 0x0000000700000000| Complete 
|   1|0x0000000700200000, 0x0000000700400000, 0x0000000700400000|100%|HC|  |TAMS 0x0000000700400000, 0x0000000700200000| Complete 
|   2|0x0000000700400000, 0x0000000700600000, 0x0000000700600000|100%| O|  |TAMS 0x0000000700600000, 0x0000000700400000| Untracked 
|   3|0x0000000700600000, 0x0000000700800000, 0x0000000700800000|100%| O|  |TAMS 0x0000000700800000, 0x0000000700600000| Untracked 
|   4|0x0000000700800000, 0x00000007008e7c00, 0x0000000700a00000| 45%| O|  |TAMS 0x00000007008e7c00, 0x0000000700800000| Untracked 
|   5|0x0000000700a00000, 0x0000000700c00000, 0x0000000700c00000|100%| O|  |TAMS 0x0000000700c00000, 0x0000000700a00000| Untracked 
|   6|0x0000000700c00000, 0x0000000700e00000, 0x0000000700e00000|100%| O|  |TAMS 0x0000000700e00000, 0x0000000700c00000| Untracked 
|   7|0x0000000700e00000, 0x0000000701000000, 0x0000000701000000|100%| O|  |TAMS 0x0000000701000000, 0x0000000700e00000| Untracked 
|   8|0x0000000701000000, 0x0000000701200000, 0x0000000701200000|100%| O|  |TAMS 0x0000000701200000, 0x0000000701000000| Untracked 
|   9|0x0000000701200000, 0x0000000701400000, 0x0000000701400000|100%| O|  |TAMS 0x0000000701400000, 0x0000000701200000| Untracked 
|  10|0x0000000701400000, 0x0000000701600000, 0x0000000701600000|100%|HS|  |TAMS 0x0000000701600000, 0x0000000701400000| Complete 
|  11|0x0000000701600000, 0x0000000701800000, 0x0000000701800000|100%|HS|  |TAMS 0x0000000701800000, 0x0000000701600000| Complete 
|  12|0x0000000701800000, 0x0000000701a00000, 0x0000000701a00000|100%|HC|  |TAMS 0x0000000701a00000, 0x0000000701800000| Complete 
|  13|0x0000000701a00000, 0x0000000701c00000, 0x0000000701c00000|100%|HS|  |TAMS 0x0000000701c00000, 0x0000000701a00000| Complete 
|  14|0x0000000701c00000, 0x0000000701e00000, 0x0000000701e00000|100%| O|  |TAMS 0x0000000701e00000, 0x0000000701c00000| Untracked 
|  15|0x0000000701e00000, 0x0000000702000000, 0x0000000702000000|100%|HS|  |TAMS 0x0000000702000000, 0x0000000701e00000| Complete 
|  16|0x0000000702000000, 0x0000000702200000, 0x0000000702200000|100%|HC|  |TAMS 0x0000000702200000, 0x0000000702000000| Complete 
|  17|0x0000000702200000, 0x0000000702400000, 0x0000000702400000|100%|HS|  |TAMS 0x0000000702400000, 0x0000000702200000| Complete 
|  18|0x0000000702400000, 0x0000000702600000, 0x0000000702600000|100%| O|  |TAMS 0x0000000702600000, 0x0000000702400000| Untracked 
|  19|0x0000000702600000, 0x0000000702800000, 0x0000000702800000|100%|HS|  |TAMS 0x0000000702800000, 0x0000000702600000| Complete 
|  20|0x0000000702800000, 0x0000000702a00000, 0x0000000702a00000|100%|HC|  |TAMS 0x0000000702a00000, 0x0000000702800000| Complete 
|  21|0x0000000702a00000, 0x0000000702c00000, 0x0000000702c00000|100%|HC|  |TAMS 0x0000000702c00000, 0x0000000702a00000| Complete 
|  22|0x0000000702c00000, 0x0000000702e00000, 0x0000000702e00000|100%|HC|  |TAMS 0x0000000702e00000, 0x0000000702c00000| Complete 
|  23|0x0000000702e00000, 0x0000000703000000, 0x0000000703000000|100%|HC|  |TAMS 0x0000000703000000, 0x0000000702e00000| Complete 
|  24|0x0000000703000000, 0x0000000703200000, 0x0000000703200000|100%| O|  |TAMS 0x0000000703200000, 0x0000000703000000| Untracked 
|  25|0x0000000703200000, 0x0000000703400000, 0x0000000703400000|100%|HS|  |TAMS 0x0000000703400000, 0x0000000703200000| Complete 
|  26|0x0000000703400000, 0x0000000703600000, 0x0000000703600000|100%|HC|  |TAMS 0x0000000703600000, 0x0000000703400000| Complete 
|  27|0x0000000703600000, 0x0000000703800000, 0x0000000703800000|100%|HC|  |TAMS 0x0000000703800000, 0x0000000703600000| Complete 
|  28|0x0000000703800000, 0x0000000703a00000, 0x0000000703a00000|100%| O|  |TAMS 0x0000000703a00000, 0x0000000703800000| Untracked 
|  29|0x0000000703a00000, 0x0000000703c00000, 0x0000000703c00000|100%| O|  |TAMS 0x0000000703c00000, 0x0000000703a00000| Untracked 
|  30|0x0000000703c00000, 0x0000000703e00000, 0x0000000703e00000|100%| O|  |TAMS 0x0000000703e00000, 0x0000000703c00000| Untracked 
|  31|0x0000000703e00000, 0x0000000704000000, 0x0000000704000000|100%| O|  |TAMS 0x0000000704000000, 0x0000000703e00000| Untracked 
|  32|0x0000000704000000, 0x0000000704200000, 0x0000000704200000|100%|HS|  |TAMS 0x0000000704200000, 0x0000000704000000| Complete 
|  33|0x0000000704200000, 0x0000000704400000, 0x0000000704400000|100%|HC|  |TAMS 0x0000000704400000, 0x0000000704200000| Complete 
|  34|0x0000000704400000, 0x0000000704600000, 0x0000000704600000|100%|HC|  |TAMS 0x0000000704600000, 0x0000000704400000| Complete 
|  35|0x0000000704600000, 0x0000000704800000, 0x0000000704800000|100%|HC|  |TAMS 0x0000000704800000, 0x0000000704600000| Complete 
|  36|0x0000000704800000, 0x0000000704a00000, 0x0000000704a00000|100%|HC|  |TAMS 0x0000000704a00000, 0x0000000704800000| Complete 
|  37|0x0000000704a00000, 0x0000000704c00000, 0x0000000704c00000|100%|HC|  |TAMS 0x0000000704c00000, 0x0000000704a00000| Complete 
|  38|0x0000000704c00000, 0x0000000704e00000, 0x0000000704e00000|100%|HS|  |TAMS 0x0000000704e00000, 0x0000000704c00000| Complete 
|  39|0x0000000704e00000, 0x0000000705000000, 0x0000000705000000|100%|HS|  |TAMS 0x0000000705000000, 0x0000000704e00000| Complete 
|  40|0x0000000705000000, 0x0000000705200000, 0x0000000705200000|100%|HC|  |TAMS 0x0000000705200000, 0x0000000705000000| Complete 
|  41|0x0000000705200000, 0x0000000705400000, 0x0000000705400000|100%| O|  |TAMS 0x000000070537d000, 0x0000000705200000| Untracked 
|  42|0x0000000705400000, 0x0000000705600000, 0x0000000705600000|100%|HS|  |TAMS 0x0000000705600000, 0x0000000705400000| Complete 
|  43|0x0000000705600000, 0x0000000705800000, 0x0000000705800000|100%|HS|  |TAMS 0x0000000705800000, 0x0000000705600000| Complete 
|  44|0x0000000705800000, 0x0000000705a00000, 0x0000000705a00000|100%|HC|  |TAMS 0x0000000705a00000, 0x0000000705800000| Complete 
|  45|0x0000000705a00000, 0x0000000705c00000, 0x0000000705c00000|100%| O|  |TAMS 0x0000000705a00000, 0x0000000705a00000| Untracked 
|  46|0x0000000705c00000, 0x0000000705d75800, 0x0000000705e00000| 72%| O|  |TAMS 0x0000000705c00000, 0x0000000705c00000| Untracked 
|  47|0x0000000705e00000, 0x0000000706000000, 0x0000000706000000|100%|HS|  |TAMS 0x0000000705e00000, 0x0000000705e00000| Complete 
|  48|0x0000000706000000, 0x0000000706200000, 0x0000000706200000|100%|HC|  |TAMS 0x0000000706000000, 0x0000000706000000| Complete 
|  49|0x0000000706200000, 0x0000000706400000, 0x0000000706400000|100%|HC|  |TAMS 0x0000000706200000, 0x0000000706200000| Complete 
|  50|0x0000000706400000, 0x0000000706400000, 0x0000000706600000|  0%| F|  |TAMS 0x0000000706400000, 0x0000000706400000| Untracked 
|  51|0x0000000706600000, 0x0000000706600000, 0x0000000706800000|  0%| F|  |TAMS 0x0000000706600000, 0x0000000706600000| Untracked 
|  52|0x0000000706800000, 0x0000000706800000, 0x0000000706a00000|  0%| F|  |TAMS 0x0000000706800000, 0x0000000706800000| Untracked 
|  53|0x0000000706a00000, 0x0000000706a00000, 0x0000000706c00000|  0%| F|  |TAMS 0x0000000706a00000, 0x0000000706a00000| Untracked 
|  54|0x0000000706c00000, 0x0000000706c00000, 0x0000000706e00000|  0%| F|  |TAMS 0x0000000706c00000, 0x0000000706c00000| Untracked 
|  55|0x0000000706e00000, 0x0000000706e00000, 0x0000000707000000|  0%| F|  |TAMS 0x0000000706e00000, 0x0000000706e00000| Untracked 
|  56|0x0000000707000000, 0x0000000707000000, 0x0000000707200000|  0%| F|  |TAMS 0x0000000707000000, 0x0000000707000000| Untracked 
|  57|0x0000000707200000, 0x0000000707200000, 0x0000000707400000|  0%| F|  |TAMS 0x0000000707200000, 0x0000000707200000| Untracked 
|  58|0x0000000707400000, 0x0000000707400000, 0x0000000707600000|  0%| F|  |TAMS 0x0000000707400000, 0x0000000707400000| Untracked 
|  59|0x0000000707600000, 0x0000000707600000, 0x0000000707800000|  0%| F|  |TAMS 0x0000000707600000, 0x0000000707600000| Untracked 
|  60|0x0000000707800000, 0x0000000707800000, 0x0000000707a00000|  0%| F|  |TAMS 0x0000000707800000, 0x0000000707800000| Untracked 
|  61|0x0000000707a00000, 0x0000000707a00000, 0x0000000707c00000|  0%| F|  |TAMS 0x0000000707a00000, 0x0000000707a00000| Untracked 
|  62|0x0000000707c00000, 0x0000000707c00000, 0x0000000707e00000|  0%| F|  |TAMS 0x0000000707c00000, 0x0000000707c00000| Untracked 
|  63|0x0000000707e00000, 0x0000000707e00000, 0x0000000708000000|  0%| F|  |TAMS 0x0000000707e00000, 0x0000000707e00000| Untracked 
|  64|0x0000000708000000, 0x0000000708000000, 0x0000000708200000|  0%| F|  |TAMS 0x0000000708000000, 0x0000000708000000| Untracked 
|  65|0x0000000708200000, 0x0000000708200000, 0x0000000708400000|  0%| F|  |TAMS 0x0000000708200000, 0x0000000708200000| Untracked 
|  66|0x0000000708400000, 0x00000007085d2400, 0x0000000708600000| 91%| S|CS|TAMS 0x0000000708400000, 0x0000000708400000| Complete 
|  67|0x0000000708600000, 0x0000000708600000, 0x0000000708800000|  0%| F|  |TAMS 0x0000000708600000, 0x0000000708600000| Untracked 
|  68|0x0000000708800000, 0x0000000708800000, 0x0000000708a00000|  0%| F|  |TAMS 0x0000000708800000, 0x0000000708800000| Untracked 
|  69|0x0000000708a00000, 0x0000000708a00000, 0x0000000708c00000|  0%| F|  |TAMS 0x0000000708a00000, 0x0000000708a00000| Untracked 
|  70|0x0000000708c00000, 0x0000000708c00000, 0x0000000708e00000|  0%| F|  |TAMS 0x0000000708c00000, 0x0000000708c00000| Untracked 
|  71|0x0000000708e00000, 0x0000000708e0e460, 0x0000000709000000|  2%| E|  |TAMS 0x0000000708e00000, 0x0000000708e00000| Complete 
|  72|0x0000000709000000, 0x0000000709200000, 0x0000000709200000|100%| E|CS|TAMS 0x0000000709000000, 0x0000000709000000| Complete 
|  73|0x0000000709200000, 0x0000000709400000, 0x0000000709400000|100%| E|CS|TAMS 0x0000000709200000, 0x0000000709200000| Complete 
|  74|0x0000000709400000, 0x0000000709600000, 0x0000000709600000|100%| E|CS|TAMS 0x0000000709400000, 0x0000000709400000| Complete 
|  75|0x0000000709600000, 0x0000000709800000, 0x0000000709800000|100%| E|CS|TAMS 0x0000000709600000, 0x0000000709600000| Complete 
|  76|0x0000000709800000, 0x0000000709a00000, 0x0000000709a00000|100%| E|CS|TAMS 0x0000000709800000, 0x0000000709800000| Complete 
|  77|0x0000000709a00000, 0x0000000709c00000, 0x0000000709c00000|100%| E|CS|TAMS 0x0000000709a00000, 0x0000000709a00000| Complete 
|  78|0x0000000709c00000, 0x0000000709e00000, 0x0000000709e00000|100%| E|CS|TAMS 0x0000000709c00000, 0x0000000709c00000| Complete 
|  79|0x0000000709e00000, 0x000000070a000000, 0x000000070a000000|100%| E|CS|TAMS 0x0000000709e00000, 0x0000000709e00000| Complete 

Card table byte_map: [0x0000022deb620000,0x0000022debe20000] _byte_map_base: 0x0000022de7e20000

Marking Bits (Prev, Next): (CMBitMap*) 0x0000022dd89e5e50, (CMBitMap*) 0x0000022dd89e5e10
 Prev Bits: [0x0000022df0620000, 0x0000022df4620000)
 Next Bits: [0x0000022dec620000, 0x0000022df0620000)

Polling page: 0x0000022dd68b0000

Metaspace:

Usage:
  Non-class:     44.54 MB used.
      Class:      6.83 MB used.
       Both:     51.38 MB used.

Virtual space:
  Non-class space:       48.00 MB reserved,      44.81 MB ( 93%) committed,  6 nodes.
      Class space:        1.00 GB reserved,       7.12 MB ( <1%) committed,  1 nodes.
             Both:        1.05 GB reserved,      51.94 MB (  5%) committed. 

Chunk freelists:
   Non-Class:  2.46 MB
       Class:  813.00 KB
        Both:  3.26 MB

MaxMetaspaceSize: unlimited
CompressedClassSpaceSize: 1.00 GB
Initial GC threshold: 21.00 MB
Current GC threshold: 83.69 MB
CDS: off
MetaspaceReclaimPolicy: balanced
 - commit_granule_bytes: 65536.
 - commit_granule_words: 8192.
 - virtual_space_node_default_size: 1048576.
 - enlarge_chunks_in_place: 1.
 - new_chunks_are_fully_committed: 0.
 - uncommit_free_chunks: 1.
 - use_allocation_guard: 0.
 - handle_deallocations: 1.


Internal statistics:

num_allocs_failed_limit: 3.
num_arena_births: 560.
num_arena_deaths: 0.
num_vsnodes_births: 7.
num_vsnodes_deaths: 0.
num_space_committed: 831.
num_space_uncommitted: 0.
num_chunks_returned_to_freelist: 3.
num_chunks_taken_from_freelist: 2261.
num_chunk_merges: 3.
num_chunk_splits: 1475.
num_chunks_enlarged: 996.
num_purges: 0.
num_inconsistent_stats: 0.

CodeHeap 'non-profiled nmethods': size=120064Kb used=2515Kb max_used=2515Kb free=117548Kb
 bounds [0x0000022de38e0000, 0x0000022de3b60000, 0x0000022deae20000]
CodeHeap 'profiled nmethods': size=120000Kb used=10184Kb max_used=10184Kb free=109815Kb
 bounds [0x0000022ddbe20000, 0x0000022ddc820000, 0x0000022de3350000]
CodeHeap 'non-nmethods': size=5696Kb used=2312Kb max_used=2347Kb free=3383Kb
 bounds [0x0000022de3350000, 0x0000022de35c0000, 0x0000022de38e0000]
 total_blobs=5560 nmethods=4736 adapters=736
 compilation: enabled
              stopped_count=0, restarted_count=0
 full_count=0

Compilation events (20 events):
Event: 8.500 Thread 0x0000022df7459170 nmethod 4732 0x0000022de3b53f10 code [0x0000022de3b540a0, 0x0000022de3b54158]
Event: 8.501 Thread 0x0000022df7459170 4733       3       com.google.common.collect.LinkedHashMultimap$ValueSet::<init> (55 bytes)
Event: 8.501 Thread 0x0000022df7459170 nmethod 4733 0x0000022ddc7e8a90 code [0x0000022ddc7e8c80, 0x0000022ddc7e91e8]
Event: 8.505 Thread 0x0000022df7459170 4734       1       org.gradle.internal.logging.progress.DefaultProgressLoggerFactory::access$200 (5 bytes)
Event: 8.505 Thread 0x0000022df7459170 nmethod 4734 0x0000022de3b54210 code [0x0000022de3b543a0, 0x0000022de3b54458]
Event: 8.510 Thread 0x0000022df7459170 4735       3       com.google.common.collect.MapMakerInternalMap$Segment::drainValueReferenceQueue (42 bytes)
Event: 8.511 Thread 0x0000022df7459170 nmethod 4735 0x0000022ddc7e9390 code [0x0000022ddc7e9580, 0x0000022ddc7e9b58]
Event: 8.511 Thread 0x0000022df7459170 4736       3       com.google.common.collect.MapMakerInternalMap$StrongKeyWeakValueEntry$Helper::newEntry (12 bytes)
Event: 8.511 Thread 0x0000022df7459170 nmethod 4736 0x0000022ddc7e9d90 code [0x0000022ddc7e9f60, 0x0000022ddc7ea398]
Event: 8.511 Thread 0x0000022df7459170 4737       3       com.google.common.collect.MapMakerInternalMap$StrongKeyWeakValueEntry::setValue (26 bytes)
Event: 8.511 Thread 0x0000022df7459170 nmethod 4737 0x0000022ddc7ea510 code [0x0000022ddc7ea6e0, 0x0000022ddc7eac88]
Event: 8.515 Thread 0x0000022df7459170 4738       3       org.objectweb.asm.ClassReader::readLabel (20 bytes)
Event: 8.516 Thread 0x0000022df7459170 nmethod 4738 0x0000022ddc7eae90 code [0x0000022ddc7eb040, 0x0000022ddc7eb478]
Event: 8.516 Thread 0x0000022df7459170 4739       3       org.objectweb.asm.ClassReader::readCode (5109 bytes)
Event: 8.532 Thread 0x0000022df7459170 nmethod 4739 0x0000022ddc7eb610 code [0x0000022ddc7ecb60, 0x0000022ddc7fece8]
Event: 8.534 Thread 0x0000022df7459170 4740       3       java.util.TreeMap::addEntryToEmptyMap (37 bytes)
Event: 8.535 Thread 0x0000022df7459170 nmethod 4740 0x0000022ddc806d90 code [0x0000022ddc806f80, 0x0000022ddc807698]
Event: 8.536 Thread 0x0000022df7459170 4742       3       java.util.concurrent.ConcurrentHashMap$ReservationNode::<init> (9 bytes)
Event: 8.536 Thread 0x0000022df7459170 nmethod 4742 0x0000022ddc807890 code [0x0000022ddc807a40, 0x0000022ddc807cb8]
Event: 8.536 Thread 0x0000022df7459170 4743       3       org.gradle.internal.instantiation.generator.ParamsMatchingConstructorSelector::forParams (481 bytes)

GC Heap History (20 events):
Event: 5.055 GC heap before
{Heap before GC invocations=12 (full 0):
 garbage-first heap   total 102400K, used 77399K [0x0000000700000000, 0x0000000800000000)
  region size 2048K, 11 young (22528K), 1 survivors (2048K)
 Metaspace       used 34622K, committed 35008K, reserved 1081344K
  class space    used 4799K, committed 4992K, reserved 1048576K
}
Event: 5.059 GC heap after
{Heap after GC invocations=13 (full 0):
 garbage-first heap   total 102400K, used 57804K [0x0000000700000000, 0x0000000800000000)
  region size 2048K, 2 young (4096K), 2 survivors (4096K)
 Metaspace       used 34622K, committed 35008K, reserved 1081344K
  class space    used 4799K, committed 4992K, reserved 1048576K
}
Event: 5.626 GC heap before
{Heap before GC invocations=14 (full 0):
 garbage-first heap   total 106496K, used 78284K [0x0000000700000000, 0x0000000800000000)
  region size 2048K, 12 young (24576K), 2 survivors (4096K)
 Metaspace       used 40491K, committed 40896K, reserved 1089536K
  class space    used 5457K, committed 5632K, reserved 1048576K
}
Event: 5.634 GC heap after
{Heap after GC invocations=15 (full 0):
 garbage-first heap   total 106496K, used 60346K [0x0000000700000000, 0x0000000800000000)
  region size 2048K, 2 young (4096K), 2 survivors (4096K)
 Metaspace       used 40491K, committed 40896K, reserved 1089536K
  class space    used 5457K, committed 5632K, reserved 1048576K
}
Event: 5.876 GC heap before
{Heap before GC invocations=15 (full 0):
 garbage-first heap   total 106496K, used 78778K [0x0000000700000000, 0x0000000800000000)
  region size 2048K, 12 young (24576K), 2 survivors (4096K)
 Metaspace       used 41879K, committed 42240K, reserved 1089536K
  class space    used 5574K, committed 5760K, reserved 1048576K
}
Event: 5.884 GC heap after
{Heap after GC invocations=16 (full 0):
 garbage-first heap   total 129024K, used 63398K [0x0000000700000000, 0x0000000800000000)
  region size 2048K, 2 young (4096K), 2 survivors (4096K)
 Metaspace       used 41879K, committed 42240K, reserved 1089536K
  class space    used 5574K, committed 5760K, reserved 1048576K
}
Event: 6.058 GC heap before
{Heap before GC invocations=17 (full 0):
 garbage-first heap   total 129024K, used 69542K [0x0000000700000000, 0x0000000800000000)
  region size 2048K, 7 young (14336K), 2 survivors (4096K)
 Metaspace       used 42305K, committed 42752K, reserved 1089536K
  class space    used 5619K, committed 5824K, reserved 1048576K
}
Event: 6.063 GC heap after
{Heap after GC invocations=18 (full 0):
 garbage-first heap   total 129024K, used 63838K [0x0000000700000000, 0x0000000800000000)
  region size 2048K, 2 young (4096K), 2 survivors (4096K)
 Metaspace       used 42305K, committed 42752K, reserved 1089536K
  class space    used 5619K, committed 5824K, reserved 1048576K
}
Event: 6.929 GC heap before
{Heap before GC invocations=19 (full 0):
 garbage-first heap   total 129024K, used 94558K [0x0000000700000000, 0x0000000800000000)
  region size 2048K, 18 young (36864K), 2 survivors (4096K)
 Metaspace       used 46730K, committed 47168K, reserved 1089536K
  class space    used 6189K, committed 6400K, reserved 1048576K
}
Event: 6.936 GC heap after
{Heap after GC invocations=20 (full 0):
 garbage-first heap   total 129024K, used 65844K [0x0000000700000000, 0x0000000800000000)
  region size 2048K, 2 young (4096K), 2 survivors (4096K)
 Metaspace       used 46730K, committed 47168K, reserved 1089536K
  class space    used 6189K, committed 6400K, reserved 1048576K
}
Event: 7.002 GC heap before
{Heap before GC invocations=21 (full 0):
 garbage-first heap   total 129024K, used 78132K [0x0000000700000000, 0x0000000800000000)
  region size 2048K, 2 young (4096K), 2 survivors (4096K)
 Metaspace       used 46730K, committed 47168K, reserved 1089536K
  class space    used 6189K, committed 6400K, reserved 1048576K
}
Event: 7.008 GC heap after
{Heap after GC invocations=22 (full 0):
 garbage-first heap   total 129024K, used 78328K [0x0000000700000000, 0x0000000800000000)
  region size 2048K, 2 young (4096K), 2 survivors (4096K)
 Metaspace       used 46730K, committed 47168K, reserved 1089536K
  class space    used 6189K, committed 6400K, reserved 1048576K
}
Event: 7.076 GC heap before
{Heap before GC invocations=23 (full 0):
 garbage-first heap   total 143360K, used 84472K [0x0000000700000000, 0x0000000800000000)
  region size 2048K, 3 young (6144K), 2 survivors (4096K)
 Metaspace       used 46730K, committed 47168K, reserved 1089536K
  class space    used 6189K, committed 6400K, reserved 1048576K
}
Event: 7.080 GC heap after
{Heap after GC invocations=24 (full 0):
 garbage-first heap   total 143360K, used 85158K [0x0000000700000000, 0x0000000800000000)
  region size 2048K, 1 young (2048K), 1 survivors (2048K)
 Metaspace       used 46730K, committed 47168K, reserved 1089536K
  class space    used 6189K, committed 6400K, reserved 1048576K
}
Event: 7.141 GC heap before
{Heap before GC invocations=25 (full 0):
 garbage-first heap   total 147456K, used 87206K [0x0000000700000000, 0x0000000800000000)
  region size 2048K, 2 young (4096K), 1 survivors (2048K)
 Metaspace       used 46730K, committed 47168K, reserved 1089536K
  class space    used 6189K, committed 6400K, reserved 1048576K
}
Event: 7.142 GC heap after
{Heap after GC invocations=26 (full 0):
 garbage-first heap   total 147456K, used 87217K [0x0000000700000000, 0x0000000800000000)
  region size 2048K, 1 young (2048K), 1 survivors (2048K)
 Metaspace       used 46730K, committed 47168K, reserved 1089536K
  class space    used 6189K, committed 6400K, reserved 1048576K
}
Event: 7.734 GC heap before
{Heap before GC invocations=27 (full 0):
 garbage-first heap   total 157696K, used 119985K [0x0000000700000000, 0x0000000800000000)
  region size 2048K, 15 young (30720K), 1 survivors (2048K)
 Metaspace       used 49296K, committed 49792K, reserved 1097728K
  class space    used 6428K, committed 6656K, reserved 1048576K
}
Event: 7.746 GC heap after
{Heap after GC invocations=28 (full 0):
 garbage-first heap   total 157696K, used 94549K [0x0000000700000000, 0x0000000800000000)
  region size 2048K, 2 young (4096K), 2 survivors (4096K)
 Metaspace       used 49296K, committed 49792K, reserved 1097728K
  class space    used 6428K, committed 6656K, reserved 1048576K
}
Event: 8.073 GC heap before
{Heap before GC invocations=28 (full 0):
 garbage-first heap   total 157696K, used 112981K [0x0000000700000000, 0x0000000800000000)
  region size 2048K, 12 young (24576K), 2 survivors (4096K)
 Metaspace       used 50916K, committed 51392K, reserved 1097728K
  class space    used 6715K, committed 6912K, reserved 1048576K
}
Event: 8.081 GC heap after
{Heap after GC invocations=29 (full 0):
 garbage-first heap   total 157696K, used 96446K [0x0000000700000000, 0x0000000800000000)
  region size 2048K, 1 young (2048K), 1 survivors (2048K)
 Metaspace       used 50916K, committed 51392K, reserved 1097728K
  class space    used 6715K, committed 6912K, reserved 1048576K
}

Dll operation events (2 events):
Event: 0.008 Loaded shared library C:\Program Files\Android\Android Studio\jbr\bin\java.dll
Event: 0.574 Loaded shared library C:\Program Files\Android\Android Studio\jbr\bin\verify.dll

Deoptimization events (20 events):
Event: 7.988 Thread 0x0000022df9834500 DEOPT PACKING pc=0x0000022de3b363c8 sp=0x000000a1376fa010
Event: 7.988 Thread 0x0000022df9834500 DEOPT UNPACKING pc=0x0000022de33a69a3 sp=0x000000a1376f9fa0 mode 2
Event: 8.441 Thread 0x0000022df9834500 Uncommon trap: trap_request=0xffffff45 fr.pc=0x0000022de3a5db74 relative=0x00000000000002d4
Event: 8.441 Thread 0x0000022df9834500 Uncommon trap: reason=unstable_if action=reinterpret pc=0x0000022de3a5db74 method=java.util.HashMap.getNode(Ljava/lang/Object;)Ljava/util/HashMap$Node; @ 57 c2
Event: 8.441 Thread 0x0000022df9834500 DEOPT PACKING pc=0x0000022de3a5db74 sp=0x000000a1376f7fc0
Event: 8.446 Thread 0x0000022df9834500 DEOPT UNPACKING pc=0x0000022de33a69a3 sp=0x000000a1376f7ee0 mode 2
Event: 8.446 Thread 0x0000022df9834500 Uncommon trap: trap_request=0xffffff45 fr.pc=0x0000022de3aa4d70 relative=0x0000000000000790
Event: 8.446 Thread 0x0000022df9834500 Uncommon trap: reason=unstable_if action=reinterpret pc=0x0000022de3aa4d70 method=java.util.HashMap.putVal(ILjava/lang/Object;Ljava/lang/Object;ZZ)Ljava/lang/Object; @ 85 c2
Event: 8.446 Thread 0x0000022df9834500 DEOPT PACKING pc=0x0000022de3aa4d70 sp=0x000000a1376f7f90
Event: 8.446 Thread 0x0000022df9834500 DEOPT UNPACKING pc=0x0000022de33a69a3 sp=0x000000a1376f7ec0 mode 2
Event: 8.450 Thread 0x0000022df9834500 Uncommon trap: trap_request=0xffffff45 fr.pc=0x0000022de3a684c4 relative=0x0000000000000304
Event: 8.450 Thread 0x0000022df9834500 Uncommon trap: reason=unstable_if action=reinterpret pc=0x0000022de3a684c4 method=org.gradle.internal.reflect.PropertyAccessorType.isGetGetterName(Ljava/lang/String;)Z @ 14 c2
Event: 8.450 Thread 0x0000022df9834500 DEOPT PACKING pc=0x0000022de3a684c4 sp=0x000000a1376f8a70
Event: 8.450 Thread 0x0000022df9834500 DEOPT UNPACKING pc=0x0000022de33a69a3 sp=0x000000a1376f89c8 mode 2
Event: 8.463 Thread 0x0000022df9834500 DEOPT PACKING pc=0x0000022ddc3ccdcb sp=0x000000a1376f8650
Event: 8.463 Thread 0x0000022df9834500 DEOPT UNPACKING pc=0x0000022de33a7143 sp=0x000000a1376f7ac0 mode 0
Event: 8.505 Thread 0x0000022df9834500 Uncommon trap: trap_request=0xffffff45 fr.pc=0x0000022de3aaff5c relative=0x00000000000016fc
Event: 8.505 Thread 0x0000022df9834500 Uncommon trap: reason=unstable_if action=reinterpret pc=0x0000022de3aaff5c method=java.util.concurrent.ConcurrentHashMap.computeIfAbsent(Ljava/lang/Object;Ljava/util/function/Function;)Ljava/lang/Object; @ 123 c2
Event: 8.505 Thread 0x0000022df9834500 DEOPT PACKING pc=0x0000022de3aaff5c sp=0x000000a1376f9960
Event: 8.505 Thread 0x0000022df9834500 DEOPT UNPACKING pc=0x0000022de33a69a3 sp=0x000000a1376f98e0 mode 2

Classes unloaded (0 events):
No events

Classes redefined (0 events):
No events

Internal exceptions (20 events):
Event: 7.943 Thread 0x0000022df9834500 Exception <a 'java/lang/ClassNotFoundException'{0x0000000708c7f650}: org/jetbrains/plugins/gradle/model/web/WebConfigurationCustomizer> (0x0000000708c7f650) 
thrown [s\src\hotspot\share\classfile\systemDictionary.cpp, line 256]
Event: 7.945 Thread 0x0000022df9834500 Exception <a 'java/lang/ClassNotFoundException'{0x0000000708c9de20}: org/jetbrains/plugins/gradle/model/scala/ScalaModelBeanInfo> (0x0000000708c9de20) 
thrown [s\src\hotspot\share\classfile\systemDictionary.cpp, line 256]
Event: 7.945 Thread 0x0000022df9834500 Exception <a 'java/lang/ClassNotFoundException'{0x0000000708ca6128}: org/jetbrains/plugins/gradle/model/scala/ScalaModelCustomizer> (0x0000000708ca6128) 
thrown [s\src\hotspot\share\classfile\systemDictionary.cpp, line 256]
Event: 7.950 Thread 0x0000022df9834500 Exception <a 'java/lang/ClassNotFoundException'{0x0000000708cd7268}: org/jetbrains/plugins/gradle/model/DependencyAccessorsModelBeanInfo> (0x0000000708cd7268) 
thrown [s\src\hotspot\share\classfile\systemDictionary.cpp, line 256]
Event: 7.950 Thread 0x0000022df9834500 Exception <a 'java/lang/ClassNotFoundException'{0x0000000708cdf618}: org/jetbrains/plugins/gradle/model/DependencyAccessorsModelCustomizer> (0x0000000708cdf618) 
thrown [s\src\hotspot\share\classfile\systemDictionary.cpp, line 256]
Event: 8.168 Thread 0x0000022df9834500 Exception <a 'java/lang/ClassNotFoundException'{0x0000000709f73398}: org/gradle/api/internal/project/DefaultProject_DecoratedBeanInfo> (0x0000000709f73398) 
thrown [s\src\hotspot\share\classfile\systemDictionary.cpp, line 256]
Event: 8.168 Thread 0x0000022df9834500 Exception <a 'java/lang/ClassNotFoundException'{0x0000000709f7fef0}: org/gradle/api/internal/project/DefaultProjectBeanInfo> (0x0000000709f7fef0) 
thrown [s\src\hotspot\share\classfile\systemDictionary.cpp, line 256]
Event: 8.169 Thread 0x0000022df9834500 Exception <a 'java/lang/ClassNotFoundException'{0x0000000709f8ca50}: org/gradle/api/internal/project/DefaultProjectCustomizer> (0x0000000709f8ca50) 
thrown [s\src\hotspot\share\classfile\systemDictionary.cpp, line 256]
Event: 8.174 Thread 0x0000022df9834500 Exception <a 'java/lang/ClassNotFoundException'{0x0000000709c361f8}: org/gradle/api/internal/project/DefaultProject_DecoratedCustomizer> (0x0000000709c361f8) 
thrown [s\src\hotspot\share\classfile\systemDictionary.cpp, line 256]
Event: 8.292 Thread 0x0000022df9834500 Exception <a 'java/lang/NoSuchMethodError'{0x0000000709910970}: 'java.lang.Object java.lang.invoke.DelegatingMethodHandle$Holder.reinvoke_L(java.lang.Object, java.lang.Object, java.lang.Object, java.lang.Object, java.lang.Object, java.lang.Object, java.lang.Object, java.lang.Object, java.lang.Object, java.lang.Object, java.lang.Object, java.lang.Object, java.lang.Object, java.lang.Object, java.lang.Object, java.lang.Object, java.lang.Object, java.lang.Object, java.lang.Object, java.lang.Object, java.lang.O
Event: 8.293 Thread 0x0000022df9834500 Exception <a 'java/lang/NoSuchMethodError'{0x000000070991ce88}: 'java.lang.Object java.lang.invoke.Invokers$Holder.invoker(java.lang.Object, java.lang.Object, java.lang.Object, java.lang.Object, java.lang.Object, java.lang.Object, java.lang.Object, java.lang.Object, java.lang.Object, java.lang.Object, java.lang.Object, java.lang.Object, java.lang.Object, java.lang.Object, java.lang.Object, java.lang.Object, java.lang.Object, java.lang.Object, java.lang.Object, java.lang.Object, java.lang.Object)'> (0x00000
Event: 8.294 Thread 0x0000022df9834500 Exception <a 'java/lang/NoSuchMethodError'{0x000000070993a788}: 'java.lang.Object java.lang.invoke.DelegatingMethodHandle$Holder.delegate(java.lang.Object, java.lang.Object, java.lang.Object, java.lang.Object, java.lang.Object, java.lang.Object, java.lang.Object, java.lang.Object, java.lang.Object, java.lang.Object, java.lang.Object, java.lang.Object, java.lang.Object, java.lang.Object, java.lang.Object, java.lang.Object, java.lang.Object, java.lang.Object, java.lang.Object, java.lang.Object, java.lang.Obj
Event: 8.310 Thread 0x0000022df9834500 Exception <a 'java/lang/NoSuchMethodError'{0x00000007099aac80}: 'java.lang.Object java.lang.invoke.DirectMethodHandle$Holder.invokeStatic(java.lang.Object, java.lang.Object, java.lang.Object, java.lang.Object, java.lang.Object, java.lang.Object, java.lang.Object, java.lang.Object, java.lang.Object, java.lang.Object, java.lang.Object, java.lang.Object, java.lang.Object, java.lang.Object, java.lang.Object, java.lang.Object, java.lang.Object)'> (0x00000007099aac80) 
thrown [s\src\hotspot\share\interpreter\lin
Event: 8.313 Thread 0x0000022df9834500 Exception <a 'java/lang/NoSuchMethodError'{0x00000007099d3828}: 'java.lang.Object java.lang.invoke.DirectMethodHandle$Holder.invokeStatic(java.lang.Object, java.lang.Object, java.lang.Object, java.lang.Object, java.lang.Object, java.lang.Object, java.lang.Object, java.lang.Object, java.lang.Object, java.lang.Object, java.lang.Object, java.lang.Object, java.lang.Object, java.lang.Object, java.lang.Object, java.lang.Object, java.lang.Object, java.lang.Object)'> (0x00000007099d3828) 
thrown [s\src\hotspot\sha
Event: 8.315 Thread 0x0000022df9834500 Exception <a 'java/lang/NoSuchMethodError'{0x00000007099fcbb8}: 'java.lang.Object java.lang.invoke.DirectMethodHandle$Holder.invokeStatic(java.lang.Object, java.lang.Object, java.lang.Object, java.lang.Object, java.lang.Object, java.lang.Object, java.lang.Object, java.lang.Object, java.lang.Object, java.lang.Object, java.lang.Object, java.lang.Object, java.lang.Object, java.lang.Object, java.lang.Object, java.lang.Object, java.lang.Object, java.lang.Object, java.lang.Object)'> (0x00000007099fcbb8) 
thrown 
Event: 8.319 Thread 0x0000022df9834500 Exception <a 'java/lang/NoSuchMethodError'{0x00000007096276a8}: 'java.lang.Object java.lang.invoke.DirectMethodHandle$Holder.invokeStatic(java.lang.Object, java.lang.Object, java.lang.Object, java.lang.Object, java.lang.Object, java.lang.Object, java.lang.Object, java.lang.Object, java.lang.Object, java.lang.Object, java.lang.Object, java.lang.Object, java.lang.Object, java.lang.Object, java.lang.Object, java.lang.Object, java.lang.Object, java.lang.Object, java.lang.Object, java.lang.Object)'> (0x00000007
Event: 8.322 Thread 0x0000022df9834500 Exception <a 'java/lang/NoSuchMethodError'{0x0000000709652d58}: 'java.lang.Object java.lang.invoke.DirectMethodHandle$Holder.invokeStatic(java.lang.Object, java.lang.Object, java.lang.Object, java.lang.Object, java.lang.Object, java.lang.Object, java.lang.Object, java.lang.Object, java.lang.Object, java.lang.Object, java.lang.Object, java.lang.Object, java.lang.Object, java.lang.Object, java.lang.Object, java.lang.Object, java.lang.Object, java.lang.Object, java.lang.Object, java.lang.Object, java.lang.Obj
Event: 8.329 Thread 0x0000022df9834500 Exception <a 'java/lang/NoSuchMethodError'{0x000000070967eda8}: 'java.lang.Object java.lang.invoke.DirectMethodHandle$Holder.invokeStatic(java.lang.Object, java.lang.Object, java.lang.Object, java.lang.Object, java.lang.Object, java.lang.Object, java.lang.Object, java.lang.Object, java.lang.Object, java.lang.Object, java.lang.Object, java.lang.Object, java.lang.Object, java.lang.Object, java.lang.Object, java.lang.Object, java.lang.Object, java.lang.Object, java.lang.Object, java.lang.Object, java.lang.Obj
Event: 8.333 Thread 0x0000022df9834500 Exception <a 'java/lang/NoSuchMethodError'{0x00000007096ad530}: 'java.lang.Object java.lang.invoke.DirectMethodHandle$Holder.invokeStatic(java.lang.Object, java.lang.Object, java.lang.Object, java.lang.Object, java.lang.Object, java.lang.Object, java.lang.Object, java.lang.Object, java.lang.Object, java.lang.Object, java.lang.Object, java.lang.Object, java.lang.Object, java.lang.Object, java.lang.Object, java.lang.Object, java.lang.Object, java.lang.Object, java.lang.Object, java.lang.Object, java.lang.Obj
Event: 8.334 Thread 0x0000022df9834500 Exception <a 'java/lang/NoSuchMethodError'{0x00000007096dc8d0}: 'java.lang.Object java.lang.invoke.DirectMethodHandle$Holder.invokeStatic(java.lang.Object, java.lang.Object, java.lang.Object, java.lang.Object, java.lang.Object, java.lang.Object, java.lang.Object, java.lang.Object, java.lang.Object, java.lang.Object, java.lang.Object, java.lang.Object, java.lang.Object, java.lang.Object, java.lang.Object, java.lang.Object, java.lang.Object, java.lang.Object, java.lang.Object, java.lang.Object, java.lang.Obj

VM Operations (20 events):
Event: 7.141 Executing VM operation: G1TryInitiateConcMark
Event: 7.142 Executing VM operation: G1TryInitiateConcMark done
Event: 7.179 Executing VM operation: G1Concurrent
Event: 7.184 Executing VM operation: G1Concurrent done
Event: 7.202 Executing VM operation: G1Concurrent
Event: 7.202 Executing VM operation: G1Concurrent done
Event: 7.291 Executing VM operation: HandshakeAllThreads
Event: 7.291 Executing VM operation: HandshakeAllThreads done
Event: 7.734 Executing VM operation: G1CollectForAllocation
Event: 7.746 Executing VM operation: G1CollectForAllocation done
Event: 8.023 Executing VM operation: HandshakeAllThreads
Event: 8.023 Executing VM operation: HandshakeAllThreads done
Event: 8.073 Executing VM operation: G1TryInitiateConcMark
Event: 8.095 Executing VM operation: G1TryInitiateConcMark done
Event: 8.125 Executing VM operation: G1Concurrent
Event: 8.129 Executing VM operation: G1Concurrent done
Event: 8.150 Executing VM operation: G1Concurrent
Event: 8.150 Executing VM operation: G1Concurrent done
Event: 8.380 Executing VM operation: HandshakeAllThreads
Event: 8.380 Executing VM operation: HandshakeAllThreads done

Events (20 events):
Event: 8.308 loading class java/lang/invoke/ClassSpecializer$Factory$1Var
Event: 8.309 loading class java/lang/invoke/ClassSpecializer$Factory$1Var done
Event: 8.311 loading class java/lang/invoke/BoundMethodHandle$Species_LLLLLLLLLLLLLLL
Event: 8.311 loading class java/lang/invoke/BoundMethodHandle$Species_LLLLLLLLLLLLLLL done
Event: 8.314 loading class java/lang/invoke/BoundMethodHandle$Species_LLLLLLLLLLLLLLLL
Event: 8.314 loading class java/lang/invoke/BoundMethodHandle$Species_LLLLLLLLLLLLLLLL done
Event: 8.316 loading class java/lang/invoke/BoundMethodHandle$Species_LLLLLLLLLLLLLLLLL
Event: 8.316 loading class java/lang/invoke/BoundMethodHandle$Species_LLLLLLLLLLLLLLLLL done
Event: 8.320 loading class java/lang/invoke/BoundMethodHandle$Species_LLLLLLLLLLLLLLLLLL
Event: 8.320 loading class java/lang/invoke/BoundMethodHandle$Species_LLLLLLLLLLLLLLLLLL done
Event: 8.324 loading class java/lang/invoke/BoundMethodHandle$Species_LLLLLLLLLLLLLLLLLLL
Event: 8.324 loading class java/lang/invoke/BoundMethodHandle$Species_LLLLLLLLLLLLLLLLLLL done
Event: 8.331 loading class java/lang/invoke/BoundMethodHandle$Species_LLLLLLLLLLLLLLLLLLLL
Event: 8.331 loading class java/lang/invoke/BoundMethodHandle$Species_LLLLLLLLLLLLLLLLLLLL done
Event: 8.333 loading class java/lang/invoke/BoundMethodHandle$Species_LLLLLLLLLLLLLLLLLLLLL
Event: 8.333 loading class java/lang/invoke/BoundMethodHandle$Species_LLLLLLLLLLLLLLLLLLLLL done
Event: 8.379 loading class java/util/ArrayList$ListItr
Event: 8.379 loading class java/util/ArrayList$ListItr done
Event: 8.467 loading class java/lang/StringIndexOutOfBoundsException
Event: 8.467 loading class java/lang/StringIndexOutOfBoundsException done


Dynamic libraries:
0x00007ff7338a0000 - 0x00007ff7338aa000 	C:\Program Files\Android\Android Studio\jbr\bin\java.exe
0x00007ffcfe3b0000 - 0x00007ffcfe5a8000 	C:\WINDOWS\SYSTEM32\ntdll.dll
0x00007ffcfd9a0000 - 0x00007ffcfda5f000 	C:\WINDOWS\System32\KERNEL32.DLL
0x00007ffcfbd50000 - 0x00007ffcfc046000 	C:\WINDOWS\System32\KERNELBASE.dll
0x0000000050480000 - 0x00000000507b1000 	C:\Program Files\Norton Security\NortonData\22.23.3.8\Definitions\IPSDefs\20230605.061\IPSEng64.dll
0x00007ffcfd5c0000 - 0x00007ffcfd66f000 	C:\WINDOWS\System32\ADVAPI32.dll
0x00007ffcfd800000 - 0x00007ffcfd89e000 	C:\WINDOWS\System32\msvcrt.dll
0x00007ffcfc530000 - 0x00007ffcfc5cc000 	C:\WINDOWS\System32\sechost.dll
0x00007ffcfe240000 - 0x00007ffcfe366000 	C:\WINDOWS\System32\RPCRT4.dll
0x00007ffcfd400000 - 0x00007ffcfd408000 	C:\WINDOWS\System32\PSAPI.DLL
0x00007ffcfbc50000 - 0x00007ffcfbd50000 	C:\WINDOWS\System32\ucrtbase.dll
0x00007ffcf4450000 - 0x00007ffcf446b000 	C:\Program Files\Android\Android Studio\jbr\bin\VCRUNTIME140.dll
0x00007ffcf1280000 - 0x00007ffcf1297000 	C:\Program Files\Android\Android Studio\jbr\bin\jli.dll
0x00007ffcfcb10000 - 0x00007ffcfccad000 	C:\WINDOWS\System32\USER32.dll
0x00007ffcfc370000 - 0x00007ffcfc392000 	C:\WINDOWS\System32\win32u.dll
0x00007ffcfd580000 - 0x00007ffcfd5ac000 	C:\WINDOWS\System32\GDI32.dll
0x00007ffce16e0000 - 0x00007ffce197a000 	C:\WINDOWS\WinSxS\amd64_microsoft.windows.common-controls_6595b64144ccf1df_6.0.19041.1110_none_60b5254171f9507e\COMCTL32.dll
0x00007ffcfba90000 - 0x00007ffcfbba5000 	C:\WINDOWS\System32\gdi32full.dll
0x00007ffcfbbb0000 - 0x00007ffcfbc4d000 	C:\WINDOWS\System32\msvcp_win.dll
0x00007ffcfd410000 - 0x00007ffcfd440000 	C:\WINDOWS\System32\IMM32.DLL
0x00007ffcf49d0000 - 0x00007ffcf49dc000 	C:\Program Files\Android\Android Studio\jbr\bin\vcruntime140_1.dll
0x00007ffccaf50000 - 0x00007ffccafdd000 	C:\Program Files\Android\Android Studio\jbr\bin\msvcp140.dll
0x00007ffcb7d10000 - 0x00007ffcb897d000 	C:\Program Files\Android\Android Studio\jbr\bin\server\jvm.dll
0x00007ffcf5440000 - 0x00007ffcf5449000 	C:\WINDOWS\SYSTEM32\WSOCK32.dll
0x00007ffcf3440000 - 0x00007ffcf3467000 	C:\WINDOWS\SYSTEM32\WINMM.dll
0x00007ffcfde50000 - 0x00007ffcfdebb000 	C:\WINDOWS\System32\WS2_32.dll
0x00007ffcf3470000 - 0x00007ffcf347a000 	C:\WINDOWS\SYSTEM32\VERSION.dll
0x00007ffcfa330000 - 0x00007ffcfa342000 	C:\WINDOWS\SYSTEM32\kernel.appcore.dll
0x00007ffcf8ec0000 - 0x00007ffcf8eca000 	C:\Program Files\Android\Android Studio\jbr\bin\jimage.dll
0x00007ffcfa0d0000 - 0x00007ffcfa2b4000 	C:\WINDOWS\SYSTEM32\DBGHELP.DLL
0x00007ffcef8d0000 - 0x00007ffcef904000 	C:\WINDOWS\SYSTEM32\dbgcore.DLL
0x00007ffcfc230000 - 0x00007ffcfc2b2000 	C:\WINDOWS\System32\bcryptPrimitives.dll
0x00007ffcf4610000 - 0x00007ffcf4635000 	C:\Program Files\Android\Android Studio\jbr\bin\java.dll
0x00007ffcf5dd0000 - 0x00007ffcf5de8000 	C:\Program Files\Android\Android Studio\jbr\bin\zip.dll
0x00007ffcfccb0000 - 0x00007ffcfd3f4000 	C:\WINDOWS\System32\SHELL32.dll
0x00007ffcf97f0000 - 0x00007ffcf9f83000 	C:\WINDOWS\SYSTEM32\windows.storage.dll
0x00007ffcfda60000 - 0x00007ffcfddb4000 	C:\WINDOWS\System32\combase.dll
0x00007ffcfb410000 - 0x00007ffcfb43e000 	C:\WINDOWS\SYSTEM32\Wldp.dll
0x00007ffcfd670000 - 0x00007ffcfd71d000 	C:\WINDOWS\System32\SHCORE.dll
0x00007ffcfdf80000 - 0x00007ffcfdfd5000 	C:\WINDOWS\System32\shlwapi.dll
0x00007ffcfb9d0000 - 0x00007ffcfb9ef000 	C:\WINDOWS\SYSTEM32\profapi.dll
0x00007ffcf5000000 - 0x00007ffcf5019000 	C:\Program Files\Android\Android Studio\jbr\bin\net.dll
0x00007ffcefd70000 - 0x00007ffcefe7a000 	C:\WINDOWS\SYSTEM32\WINHTTP.dll
0x00007ffcfb170000 - 0x00007ffcfb1da000 	C:\WINDOWS\system32\mswsock.dll
0x00007ffcf47d0000 - 0x00007ffcf47e6000 	C:\Program Files\Android\Android Studio\jbr\bin\nio.dll
0x00007ffcf55b0000 - 0x00007ffcf55c0000 	C:\Program Files\Android\Android Studio\jbr\bin\verify.dll
0x00007ffcf3930000 - 0x00007ffcf3957000 	C:\Users\gabri\.gradle\native\68d5fa5c4cc2d200863cafc0d521ce42e7d3e7ee720ec0a83991735586a16f82\windows-amd64\native-platform.dll
0x00007ffcc4de0000 - 0x00007ffcc4f24000 	C:\Users\gabri\.gradle\native\e376f236ea51e6404a007f0833ffe2c6e607c4080706a723a18a27aeea778392\windows-amd64\native-platform-file-events.dll
0x00007ffcf83c0000 - 0x00007ffcf83c9000 	C:\Program Files\Android\Android Studio\jbr\bin\management.dll
0x00007ffcf5e30000 - 0x00007ffcf5e3b000 	C:\Program Files\Android\Android Studio\jbr\bin\management_ext.dll
0x00007ffcfb360000 - 0x00007ffcfb378000 	C:\WINDOWS\SYSTEM32\CRYPTSP.dll
0x00007ffcfaa90000 - 0x00007ffcfaac4000 	C:\WINDOWS\system32\rsaenh.dll
0x00007ffcfc200000 - 0x00007ffcfc227000 	C:\WINDOWS\System32\bcrypt.dll
0x00007ffcfb950000 - 0x00007ffcfb97e000 	C:\WINDOWS\SYSTEM32\USERENV.dll
0x00007ffcfb380000 - 0x00007ffcfb38c000 	C:\WINDOWS\SYSTEM32\CRYPTBASE.dll
0x00007ffcfae60000 - 0x00007ffcfae9c000 	C:\WINDOWS\SYSTEM32\IPHLPAPI.DLL
0x00007ffcfd5b0000 - 0x00007ffcfd5b8000 	C:\WINDOWS\System32\NSI.dll
0x00007ffcef540000 - 0x00007ffcef557000 	C:\WINDOWS\SYSTEM32\dhcpcsvc6.DLL
0x00007ffcefc60000 - 0x00007ffcefc7d000 	C:\WINDOWS\SYSTEM32\dhcpcsvc.DLL
0x00007ffcfaea0000 - 0x00007ffcfaf6b000 	C:\WINDOWS\SYSTEM32\DNSAPI.dll
0x00007ffcf5250000 - 0x00007ffcf5257000 	C:\WINDOWS\system32\wshunix.dll

dbghelp: loaded successfully - version: 4.0.5 - missing functions: none
symbol engine: initialized successfully - sym options: 0x614 - pdb path: .;C:\Program Files\Android\Android Studio\jbr\bin;C:\WINDOWS\SYSTEM32;C:\Program Files\Norton Security\NortonData\22.23.3.8\Definitions\IPSDefs\20230605.061;C:\WINDOWS\WinSxS\amd64_microsoft.windows.common-controls_6595b64144ccf1df_6.0.19041.1110_none_60b5254171f9507e;C:\Program Files\Android\Android Studio\jbr\bin\server;C:\Users\gabri\.gradle\native\68d5fa5c4cc2d200863cafc0d521ce42e7d3e7ee720ec0a83991735586a16f82\windows-amd64;C:\Users\gabri\.gradle\native\e376f236ea51e6404a007f0833ffe2c6e607c4080706a723a18a27aeea778392\windows-amd64

VM Arguments:
jvm_args: --add-opens=java.base/java.util=ALL-UNNAMED --add-opens=java.base/java.lang=ALL-UNNAMED --add-opens=java.base/java.lang.invoke=ALL-UNNAMED --add-opens=java.prefs/java.util.prefs=ALL-UNNAMED --add-opens=java.base/java.nio.charset=ALL-UNNAMED --add-opens=java.base/java.net=ALL-UNNAMED --add-opens=java.base/java.util.concurrent.atomic=ALL-UNNAMED -Xmx4096m -Dfile.encoding=UTF-8 -Duser.country=CL -Duser.language=es -Duser.variant 
java_command: org.gradle.launcher.daemon.bootstrap.GradleDaemon 8.0
java_class_path (initial): C:\Users\gabri\.gradle\wrapper\dists\gradle-8.0-bin\ca5e32bp14vu59qr306oxotwh\gradle-8.0\lib\gradle-launcher-8.0.jar
Launcher Type: SUN_STANDARD

[Global flags]
     intx CICompilerCount                          = 2                                         {product} {ergonomic}
     uint ConcGCThreads                            = 1                                         {product} {ergonomic}
     uint G1ConcRefinementThreads                  = 2                                         {product} {ergonomic}
   size_t G1HeapRegionSize                         = 2097152                                   {product} {ergonomic}
    uintx GCDrainStackTargetSize                   = 64                                        {product} {ergonomic}
   size_t InitialHeapSize                          = 167772160                                 {product} {ergonomic}
   size_t MarkStackSize                            = 4194304                                   {product} {ergonomic}
   size_t MaxHeapSize                              = 4294967296                                {product} {command line}
   size_t MaxNewSize                               = 2575302656                                {product} {ergonomic}
   size_t MinHeapDeltaBytes                        = 2097152                                   {product} {ergonomic}
   size_t MinHeapSize                              = 8388608                                   {product} {ergonomic}
    uintx NonNMethodCodeHeapSize                   = 5826188                                {pd product} {ergonomic}
    uintx NonProfiledCodeHeapSize                  = 122916026                              {pd product} {ergonomic}
    uintx ProfiledCodeHeapSize                     = 122916026                              {pd product} {ergonomic}
    uintx ReservedCodeCacheSize                    = 251658240                              {pd product} {ergonomic}
     bool SegmentedCodeCache                       = true                                      {product} {ergonomic}
   size_t SoftMaxHeapSize                          = 4294967296                             {manageable} {ergonomic}
     bool UseCompressedClassPointers               = true                           {product lp64_product} {ergonomic}
     bool UseCompressedOops                        = true                           {product lp64_product} {ergonomic}
     bool UseG1GC                                  = true                                      {product} {ergonomic}
     bool UseLargePagesIndividualAllocation        = false                                  {pd product} {ergonomic}

Logging:
Log output configuration:
 #0: stdout all=warning uptime,level,tags
 #1: stderr all=off uptime,level,tags

Environment Variables:
PATH=C:\WINDOWS\system32;C:\WINDOWS;C:\WINDOWS\System32\Wbem;C:\WINDOWS\System32\WindowsPowerShell\v1.0\;C:\WINDOWS\System32\OpenSSH\;C:\Program Files\Git\cmd;C:\Users\gabri\AppData\Local\Microsoft\WindowsApps;
USERNAME=gabri
OS=Windows_NT
PROCESSOR_IDENTIFIER=AMD64 Family 23 Model 24 Stepping 1, AuthenticAMD
TMP=C:\Users\gabri\AppData\Local\Temp
TEMP=C:\Users\gabri\AppData\Local\Temp



---------------  S Y S T E M  ---------------

OS:
 Windows 10 , 64 bit Build 19041 (10.0.19041.2913)
OS uptime: 4 days 16:29 hours

CPU: total 2 (initial active 2) (2 cores per cpu, 1 threads per core) family 23 model 24 stepping 1 microcode 0x0, cx8, cmov, fxsr, mmx, 3dnowpref, sse, sse2, sse3, ssse3, sse4a, sse4.1, sse4.2, popcnt, lzcnt, tsc, tscinvbit, avx, avx2, aes, clmul, bmi1, bmi2, adx, sha, fma, vzeroupper, clflush, clflushopt

Memory: 4k page, system-wide physical 10116M (1334M free)
TotalPageFile size 40481M (AvailPageFile size 5M)
current process WorkingSet (physical memory assigned to process): 314M, peak: 314M
current process commit charge ("private bytes"): 342M, peak: 343M

vm_info: OpenJDK 64-Bit Server VM (17.0.6+0-b2043.56-9586694) for windows-amd64 JRE (17.0.6+0-b2043.56-9586694), built on Feb  9 2023 20:06:20 by "androidbuild" with MS VC++ 16.10 / 16.11 (VS2019)

END.
