#
# There is insufficient memory for the Java Runtime Environment to continue.
# Native memory allocation (mmap) failed to map 65536 bytes for Failed to commit metaspace.
# Possible reasons:
#   The system is out of physical RAM or swap space
#   The process is running with CompressedOops enabled, and the Java Heap may be blocking the growth of the native heap
# Possible solutions:
#   Reduce memory load on the system
#   Increase physical memory or swap space
#   Check if swap backing store is full
#   Decrease Java heap size (-Xmx/-Xms)
#   Decrease number of Java threads
#   Decrease Java thread stack sizes (-Xss)
#   Set larger code cache with -XX:ReservedCodeCacheSize=
#   JVM is running with Zero Based Compressed Oops mode in which the Java heap is
#     placed in the first 32GB address space. The Java Heap base address is the
#     maximum limit for the native heap growth. Please use -XX:HeapBaseMinAddress
#     to set the Java Heap base and to place the Java Heap above 32GB virtual address.
# This output file may be truncated or incomplete.
#
#  Out of Memory Error (virtualSpaceNode.cpp:110), pid=23284, tid=3308
#
# JRE version: OpenJDK Runtime Environment (17.0.6) (build 17.0.6+0-b2043.56-9586694)
# Java VM: OpenJDK 64-Bit Server VM (17.0.6+0-b2043.56-9586694, mixed mode, tiered, compressed oops, compressed class ptrs, g1 gc, windows-amd64)
# No core dump will be written. Minidumps are not enabled by default on client versions of Windows
#

---------------  S U M M A R Y ------------

Command Line: --add-opens=java.base/java.util=ALL-UNNAMED --add-opens=java.base/java.lang=ALL-UNNAMED --add-opens=java.base/java.lang.invoke=ALL-UNNAMED --add-opens=java.prefs/java.util.prefs=ALL-UNNAMED --add-opens=java.base/java.nio.charset=ALL-UNNAMED --add-opens=java.base/java.net=ALL-UNNAMED --add-opens=java.base/java.util.concurrent.atomic=ALL-UNNAMED -Xmx4096m -Dfile.encoding=UTF-8 -Duser.country=CL -Duser.language=es -Duser.variant org.gradle.launcher.daemon.bootstrap.GradleDaemon 8.0

Host: AMD Athlon Silver 3050U with Radeon Graphics   , 2 cores, 9G,  Windows 10 , 64 bit Build 19041 (10.0.19041.2913)
Time: Mon Jun  5 16:58:05 2023 Hora est. Sudamérica Pacífico elapsed time: 8.153380 seconds (0d 0h 0m 8s)

---------------  T H R E A D  ---------------

Current thread (0x000001fc23855f60):  JavaThread "C1 CompilerThread0" daemon [_thread_in_vm, id=3308, stack(0x0000006b5d600000,0x0000006b5d700000)]


Current CompileTask:
C1:   8153 5738       2       groovyjarjarantlr4.v4.runtime.atn.ParserATNSimulator::closure (784 bytes)

Stack: [0x0000006b5d600000,0x0000006b5d700000]
Native frames: (J=compiled Java code, j=interpreted, Vv=VM code, C=native code)
V  [jvm.dll+0x683b4a]
V  [jvm.dll+0x842654]
V  [jvm.dll+0x843dfe]
V  [jvm.dll+0x844463]
V  [jvm.dll+0x249b75]
V  [jvm.dll+0x83e6ab]
V  [jvm.dll+0x627fa6]
V  [jvm.dll+0x1c194e]
V  [jvm.dll+0x62a8e1]
V  [jvm.dll+0x628946]
V  [jvm.dll+0x639b9a]
V  [jvm.dll+0x6329aa]
V  [jvm.dll+0x1cdb00]
V  [jvm.dll+0x1cdcf0]
V  [jvm.dll+0x13578e]
V  [jvm.dll+0x135ab6]
V  [jvm.dll+0x134f4a]
V  [jvm.dll+0x136c11]
V  [jvm.dll+0x22b098]
V  [jvm.dll+0x229159]
V  [jvm.dll+0x7f809c]
V  [jvm.dll+0x7f25fa]
V  [jvm.dll+0x682985]
C  [ucrtbase.dll+0x21bb2]
C  [KERNEL32.DLL+0x17614]
C  [ntdll.dll+0x526a1]


---------------  P R O C E S S  ---------------

Threads class SMR info:
_java_thread_list=0x000001fc262bdbd0, length=57, elements={
0x000001fc04fb7750, 0x000001fc22e59fb0, 0x000001fc22e5b990, 0x000001fc2383e4d0,
0x000001fc2383f080, 0x000001fc23841f10, 0x000001fc238428c0, 0x000001fc23843970,
0x000001fc23855f60, 0x000001fc2386e570, 0x000001fc239d28d0, 0x000001fc239d2da0,
0x000001fc24e41160, 0x000001fc24819910, 0x000001fc24ec7ae0, 0x000001fc25130440,
0x000001fc252d1fa0, 0x000001fc24ec4c60, 0x000001fc24ec5540, 0x000001fc24a590b0,
0x000001fc24a59a50, 0x000001fc24a5b730, 0x000001fc24a59580, 0x000001fc24a5ad90,
0x000001fc24a5c5a0, 0x000001fc24a5b260, 0x000001fc24a59f20, 0x000001fc24a5bc00,
0x000001fc24a5c0d0, 0x000001fc24a5a8c0, 0x000001fc24a58be0, 0x000001fc269f4210,
0x000001fc269ef9e0, 0x000001fc269f0850, 0x000001fc269f0d20, 0x000001fc269f46e0,
0x000001fc269f3d40, 0x000001fc269f2060, 0x000001fc269f5550, 0x000001fc269edd00,
0x000001fc269f11f0, 0x000001fc269eeb70, 0x000001fc269ee1d0, 0x000001fc269ee6a0,
0x000001fc269ef040, 0x000001fc269f1b90, 0x000001fc269ef510, 0x000001fc269f16c0,
0x000001fc269f2530, 0x000001fc269f2a00, 0x000001fc269f2ed0, 0x000001fc269f33a0,
0x000001fc269f3870, 0x000001fc27d5f440, 0x000001fc27d5ef70, 0x000001fc27d5f910,
0x000001fc27d5bf50
}

Java Threads: ( => current thread )
  0x000001fc04fb7750 JavaThread "main" [_thread_blocked, id=11848, stack(0x0000006b5c800000,0x0000006b5c900000)]
  0x000001fc22e59fb0 JavaThread "Reference Handler" daemon [_thread_blocked, id=4664, stack(0x0000006b5cf00000,0x0000006b5d000000)]
  0x000001fc22e5b990 JavaThread "Finalizer" daemon [_thread_blocked, id=23672, stack(0x0000006b5d000000,0x0000006b5d100000)]
  0x000001fc2383e4d0 JavaThread "Signal Dispatcher" daemon [_thread_blocked, id=22196, stack(0x0000006b5d100000,0x0000006b5d200000)]
  0x000001fc2383f080 JavaThread "Attach Listener" daemon [_thread_blocked, id=7976, stack(0x0000006b5d200000,0x0000006b5d300000)]
  0x000001fc23841f10 JavaThread "Service Thread" daemon [_thread_blocked, id=21204, stack(0x0000006b5d300000,0x0000006b5d400000)]
  0x000001fc238428c0 JavaThread "Monitor Deflation Thread" daemon [_thread_blocked, id=22820, stack(0x0000006b5d400000,0x0000006b5d500000)]
  0x000001fc23843970 JavaThread "C2 CompilerThread0" daemon [_thread_in_native, id=2092, stack(0x0000006b5d500000,0x0000006b5d600000)]
=>0x000001fc23855f60 JavaThread "C1 CompilerThread0" daemon [_thread_in_vm, id=3308, stack(0x0000006b5d600000,0x0000006b5d700000)]
  0x000001fc2386e570 JavaThread "Sweeper thread" daemon [_thread_blocked, id=16168, stack(0x0000006b5d700000,0x0000006b5d800000)]
  0x000001fc239d28d0 JavaThread "Common-Cleaner" daemon [_thread_blocked, id=2276, stack(0x0000006b5d800000,0x0000006b5d900000)]
  0x000001fc239d2da0 JavaThread "Notification Thread" daemon [_thread_blocked, id=19524, stack(0x0000006b5d900000,0x0000006b5da00000)]
  0x000001fc24e41160 JavaThread "Daemon health stats" [_thread_blocked, id=11000, stack(0x0000006b5dc00000,0x0000006b5dd00000)]
  0x000001fc24819910 JavaThread "Incoming local TCP Connector on port 63525" [_thread_in_native, id=12040, stack(0x0000006b5dd00000,0x0000006b5de00000)]
  0x000001fc24ec7ae0 JavaThread "Daemon periodic checks" [_thread_blocked, id=21952, stack(0x0000006b5de00000,0x0000006b5df00000)]
  0x000001fc25130440 JavaThread "Daemon" [_thread_blocked, id=9612, stack(0x0000006b5df00000,0x0000006b5e000000)]
  0x000001fc252d1fa0 JavaThread "Handler for socket connection from /127.0.0.1:63525 to /127.0.0.1:63526" [_thread_in_native, id=7936, stack(0x0000006b5e000000,0x0000006b5e100000)]
  0x000001fc24ec4c60 JavaThread "Cancel handler" [_thread_blocked, id=14784, stack(0x0000006b5e100000,0x0000006b5e200000)]
  0x000001fc24ec5540 JavaThread "Daemon worker" [_thread_in_vm, id=19636, stack(0x0000006b5e200000,0x0000006b5e300000)]
  0x000001fc24a590b0 JavaThread "Asynchronous log dispatcher for DefaultDaemonConnection: socket connection from /127.0.0.1:63525 to /127.0.0.1:63526" [_thread_blocked, id=13568, stack(0x0000006b5e300000,0x0000006b5e400000)]
  0x000001fc24a59a50 JavaThread "Stdin handler" [_thread_blocked, id=22860, stack(0x0000006b5e400000,0x0000006b5e500000)]
  0x000001fc24a5b730 JavaThread "Daemon client event forwarder" [_thread_blocked, id=16796, stack(0x0000006b5e500000,0x0000006b5e600000)]
  0x000001fc24a59580 JavaThread "Cache worker for journal cache (C:\Users\gabri\.gradle\caches\journal-1)" [_thread_blocked, id=23812, stack(0x0000006b5e600000,0x0000006b5e700000)]
  0x000001fc24a5ad90 JavaThread "File lock request listener" [_thread_in_native, id=13560, stack(0x0000006b5e700000,0x0000006b5e800000)]
  0x000001fc24a5c5a0 JavaThread "Cache worker for file hash cache (C:\Users\gabri\.gradle\caches\8.0\fileHashes)" [_thread_blocked, id=6872, stack(0x0000006b5e800000,0x0000006b5e900000)]
  0x000001fc24a5b260 JavaThread "File watcher server" daemon [_thread_in_native, id=21060, stack(0x0000006b5ea00000,0x0000006b5eb00000)]
  0x000001fc24a59f20 JavaThread "File watcher consumer" daemon [_thread_blocked, id=12048, stack(0x0000006b5eb00000,0x0000006b5ec00000)]
  0x000001fc24a5bc00 JavaThread "Cache worker for checksums cache (C:\Users\gabri\AndroidStudioProjects\Sprint_final3\.gradle\8.0\checksums)" [_thread_blocked, id=17156, stack(0x0000006b5ec00000,0x0000006b5ed00000)]
  0x000001fc24a5c0d0 JavaThread "Cache worker for cache directory md-rule (C:\Users\gabri\.gradle\caches\8.0\md-rule)" [_thread_blocked, id=19088, stack(0x0000006b5ed00000,0x0000006b5ee00000)]
  0x000001fc24a5a8c0 JavaThread "Cache worker for file content cache (C:\Users\gabri\.gradle\caches\8.0\fileContent)" [_thread_blocked, id=23856, stack(0x0000006b5ee00000,0x0000006b5ef00000)]
  0x000001fc24a58be0 JavaThread "Cache worker for file hash cache (C:\Users\gabri\AndroidStudioProjects\Sprint_final3\.gradle\8.0\fileHashes)" [_thread_blocked, id=15192, stack(0x0000006b5ef00000,0x0000006b5f000000)]
  0x000001fc269f4210 JavaThread "Cache worker for cache directory md-supplier (C:\Users\gabri\.gradle\caches\8.0\md-supplier)" [_thread_blocked, id=13388, stack(0x0000006b5f000000,0x0000006b5f100000)]
  0x000001fc269ef9e0 JavaThread "Cache worker for execution history cache (C:\Users\gabri\.gradle\caches\8.0\executionHistory)" [_thread_blocked, id=15964, stack(0x0000006b5f100000,0x0000006b5f200000)]
  0x000001fc269f0850 JavaThread "jar transforms" [_thread_blocked, id=8564, stack(0x0000006b5f200000,0x0000006b5f300000)]
  0x000001fc269f0d20 JavaThread "jar transforms Thread 2" [_thread_blocked, id=21676, stack(0x0000006b5f300000,0x0000006b5f400000)]
  0x000001fc269f46e0 JavaThread "Cache worker for dependencies-accessors (C:\Users\gabri\AndroidStudioProjects\Sprint_final3\.gradle\8.0\dependencies-accessors)" [_thread_blocked, id=20212, stack(0x0000006b5f400000,0x0000006b5f500000)]
  0x000001fc269f3d40 JavaThread "Cache worker for Build Output Cleanup Cache (C:\Users\gabri\AndroidStudioProjects\Sprint_final3\.gradle\buildOutputCleanup)" [_thread_blocked, id=6196, stack(0x0000006b5f500000,0x0000006b5f600000)]
  0x000001fc269f2060 JavaThread "Unconstrained build operations" [_thread_blocked, id=16768, stack(0x0000006b5f600000,0x0000006b5f700000)]
  0x000001fc269f5550 JavaThread "Unconstrained build operations Thread 2" [_thread_blocked, id=21280, stack(0x0000006b5f700000,0x0000006b5f800000)]
  0x000001fc269edd00 JavaThread "Unconstrained build operations Thread 3" [_thread_blocked, id=15632, stack(0x0000006b5f800000,0x0000006b5f900000)]
  0x000001fc269f11f0 JavaThread "Unconstrained build operations Thread 4" [_thread_blocked, id=556, stack(0x0000006b5f900000,0x0000006b5fa00000)]
  0x000001fc269eeb70 JavaThread "Unconstrained build operations Thread 5" [_thread_blocked, id=996, stack(0x0000006b5fa00000,0x0000006b5fb00000)]
  0x000001fc269ee1d0 JavaThread "Unconstrained build operations Thread 6" [_thread_blocked, id=5244, stack(0x0000006b5fb00000,0x0000006b5fc00000)]
  0x000001fc269ee6a0 JavaThread "Unconstrained build operations Thread 7" [_thread_blocked, id=18828, stack(0x0000006b5fc00000,0x0000006b5fd00000)]
  0x000001fc269ef040 JavaThread "Unconstrained build operations Thread 8" [_thread_blocked, id=15328, stack(0x0000006b5fd00000,0x0000006b5fe00000)]
  0x000001fc269f1b90 JavaThread "Unconstrained build operations Thread 9" [_thread_blocked, id=23372, stack(0x0000006b5fe00000,0x0000006b5ff00000)]
  0x000001fc269ef510 JavaThread "Unconstrained build operations Thread 10" [_thread_blocked, id=18772, stack(0x0000006b5ff00000,0x0000006b60000000)]
  0x000001fc269f16c0 JavaThread "Unconstrained build operations Thread 11" [_thread_blocked, id=23628, stack(0x0000006b60000000,0x0000006b60100000)]
  0x000001fc269f2530 JavaThread "Unconstrained build operations Thread 12" [_thread_blocked, id=12284, stack(0x0000006b60100000,0x0000006b60200000)]
  0x000001fc269f2a00 JavaThread "Unconstrained build operations Thread 13" [_thread_blocked, id=2180, stack(0x0000006b60200000,0x0000006b60300000)]
  0x000001fc269f2ed0 JavaThread "Unconstrained build operations Thread 14" [_thread_blocked, id=23740, stack(0x0000006b60300000,0x0000006b60400000)]
  0x000001fc269f33a0 JavaThread "Unconstrained build operations Thread 15" [_thread_blocked, id=3200, stack(0x0000006b60400000,0x0000006b60500000)]
  0x000001fc269f3870 JavaThread "Unconstrained build operations Thread 16" [_thread_blocked, id=20076, stack(0x0000006b60500000,0x0000006b60600000)]
  0x000001fc27d5f440 JavaThread "Unconstrained build operations Thread 17" [_thread_blocked, id=11812, stack(0x0000006b60600000,0x0000006b60700000)]
  0x000001fc27d5ef70 JavaThread "Unconstrained build operations Thread 18" [_thread_blocked, id=22120, stack(0x0000006b60700000,0x0000006b60800000)]
  0x000001fc27d5f910 JavaThread "Unconstrained build operations Thread 19" [_thread_blocked, id=20976, stack(0x0000006b60800000,0x0000006b60900000)]
  0x000001fc27d5bf50 JavaThread "Unconstrained build operations Thread 20" [_thread_blocked, id=23168, stack(0x0000006b60900000,0x0000006b60a00000)]

Other Threads:
  0x000001fc22e51710 VMThread "VM Thread" [stack: 0x0000006b5ce00000,0x0000006b5cf00000] [id=20720]
  0x000001fc2397b340 WatcherThread [stack: 0x0000006b5da00000,0x0000006b5db00000] [id=11416]
  0x000001fc05021ad0 GCTaskThread "GC Thread#0" [stack: 0x0000006b5c900000,0x0000006b5ca00000] [id=22984]
  0x000001fc23ac8f70 GCTaskThread "GC Thread#1" [stack: 0x0000006b5db00000,0x0000006b5dc00000] [id=10032]
  0x000001fc05033b70 ConcurrentGCThread "G1 Main Marker" [stack: 0x0000006b5ca00000,0x0000006b5cb00000] [id=14284]
  0x000001fc050350f0 ConcurrentGCThread "G1 Conc#0" [stack: 0x0000006b5cb00000,0x0000006b5cc00000] [id=5028]
  0x000001fc0505d980 ConcurrentGCThread "G1 Refine#0" [stack: 0x0000006b5cc00000,0x0000006b5cd00000] [id=9688]
  0x000001fc24ea84a0 ConcurrentGCThread "G1 Refine#1" [stack: 0x0000006b5e900000,0x0000006b5ea00000] [id=10280]
  0x000001fc0505e3a0 ConcurrentGCThread "G1 Service" [stack: 0x0000006b5cd00000,0x0000006b5ce00000] [id=16044]

Threads with active compile tasks:
C2 CompilerThread0     8180 5608   !   4       java.net.URLClassLoader$1::run (81 bytes)
C1 CompilerThread0     8180 5738       2       groovyjarjarantlr4.v4.runtime.atn.ParserATNSimulator::closure (784 bytes)

VM state: not at safepoint (normal execution)

VM Mutex/Monitor currently owned by a thread:  ([mutex/lock_event])
[0x000001fc02e2bf30] Metaspace_lock - owner thread: 0x000001fc23855f60
[0x000001fc04fb26f0] MethodData_lock - owner thread: 0x000001fc23855f60

Heap address: 0x0000000700000000, size: 4096 MB, Compressed Oops mode: Zero based, Oop shift amount: 3

CDS archive(s) not mapped
Compressed class space mapped at: 0x0000000800000000-0x0000000840000000, reserved size: 1073741824
Narrow klass base: 0x0000000800000000, Narrow klass shift: 0, Narrow klass range: 0x40000000

GC Precious Log:
 CPUs: 2 total, 2 available
 Memory: 10116M
 Large Page Support: Disabled
 NUMA Support: Disabled
 Compressed Oops: Enabled (Zero based)
 Heap Region Size: 2M
 Heap Min Capacity: 8M
 Heap Initial Capacity: 160M
 Heap Max Capacity: 4G
 Pre-touch: Disabled
 Parallel Workers: 2
 Concurrent Workers: 1
 Concurrent Refinement Workers: 2
 Periodic GC: Disabled

Heap:
 garbage-first heap   total 135168K, used 51772K [0x0000000700000000, 0x0000000800000000)
  region size 2048K, 11 young (22528K), 2 survivors (4096K)
 Metaspace       used 54614K, committed 55040K, reserved 1097728K
  class space    used 7301K, committed 7488K, reserved 1048576K

Heap Regions: E=young(eden), S=young(survivor), O=old, HS=humongous(starts), HC=humongous(continues), CS=collection set, F=free, OA=open archive, CA=closed archive, TAMS=top-at-mark-start (previous, next)
|   0|0x0000000700000000, 0x0000000700200000, 0x0000000700200000|100%|HS|  |TAMS 0x0000000700200000, 0x0000000700000000| Complete 
|   1|0x0000000700200000, 0x0000000700400000, 0x0000000700400000|100%|HC|  |TAMS 0x0000000700400000, 0x0000000700200000| Complete 
|   2|0x0000000700400000, 0x0000000700600000, 0x0000000700600000|100%| O|  |TAMS 0x0000000700600000, 0x0000000700400000| Untracked 
|   3|0x0000000700600000, 0x0000000700800000, 0x0000000700800000|100%| O|  |TAMS 0x0000000700800000, 0x0000000700600000| Untracked 
|   4|0x0000000700800000, 0x0000000700a00000, 0x0000000700a00000|100%| O|  |TAMS 0x0000000700800000, 0x0000000700800000| Untracked 
|   5|0x0000000700a00000, 0x0000000700c00000, 0x0000000700c00000|100%| O|  |TAMS 0x0000000700c00000, 0x0000000700a00000| Untracked 
|   6|0x0000000700c00000, 0x0000000700e00000, 0x0000000700e00000|100%| O|  |TAMS 0x0000000700e00000, 0x0000000700c00000| Untracked 
|   7|0x0000000700e00000, 0x0000000701000000, 0x0000000701000000|100%| O|  |TAMS 0x0000000701000000, 0x0000000700e00000| Untracked 
|   8|0x0000000701000000, 0x0000000701200000, 0x0000000701200000|100%| O|  |TAMS 0x0000000701200000, 0x0000000701000000| Untracked 
|   9|0x0000000701200000, 0x0000000701400000, 0x0000000701400000|100%| O|  |TAMS 0x0000000701400000, 0x0000000701200000| Untracked 
|  10|0x0000000701400000, 0x0000000701600000, 0x0000000701600000|100%| O|  |TAMS 0x000000070159b000, 0x0000000701400000| Untracked 
|  11|0x0000000701600000, 0x0000000701800000, 0x0000000701800000|100%| O|  |TAMS 0x0000000701600000, 0x0000000701600000| Untracked 
|  12|0x0000000701800000, 0x0000000701a00000, 0x0000000701a00000|100%| O|  |TAMS 0x0000000701800000, 0x0000000701800000| Untracked 
|  13|0x0000000701a00000, 0x0000000701c00000, 0x0000000701c00000|100%| O|  |TAMS 0x0000000701a00000, 0x0000000701a00000| Untracked 
|  14|0x0000000701c00000, 0x0000000701e00000, 0x0000000701e00000|100%| O|  |TAMS 0x0000000701c00000, 0x0000000701c00000| Untracked 
|  15|0x0000000701e00000, 0x0000000701e8f000, 0x0000000702000000| 27%| O|  |TAMS 0x0000000701e00000, 0x0000000701e00000| Untracked 
|  16|0x0000000702000000, 0x0000000702000000, 0x0000000702200000|  0%| F|  |TAMS 0x0000000702000000, 0x0000000702000000| Untracked 
|  17|0x0000000702200000, 0x0000000702200000, 0x0000000702400000|  0%| F|  |TAMS 0x0000000702200000, 0x0000000702200000| Untracked 
|  18|0x0000000702400000, 0x0000000702400000, 0x0000000702600000|  0%| F|  |TAMS 0x0000000702400000, 0x0000000702400000| Untracked 
|  19|0x0000000702600000, 0x0000000702600000, 0x0000000702800000|  0%| F|  |TAMS 0x0000000702600000, 0x0000000702600000| Untracked 
|  20|0x0000000702800000, 0x0000000702800000, 0x0000000702a00000|  0%| F|  |TAMS 0x0000000702800000, 0x0000000702800000| Untracked 
|  21|0x0000000702a00000, 0x0000000702a00000, 0x0000000702c00000|  0%| F|  |TAMS 0x0000000702a00000, 0x0000000702a00000| Untracked 
|  22|0x0000000702c00000, 0x0000000702e00000, 0x0000000702e00000|100%| S|CS|TAMS 0x0000000702c00000, 0x0000000702c00000| Complete 
|  23|0x0000000702e00000, 0x0000000703000000, 0x0000000703000000|100%| S|CS|TAMS 0x0000000702e00000, 0x0000000702e00000| Complete 
|  24|0x0000000703000000, 0x0000000703000000, 0x0000000703200000|  0%| F|  |TAMS 0x0000000703000000, 0x0000000703000000| Untracked 
|  25|0x0000000703200000, 0x0000000703200000, 0x0000000703400000|  0%| F|  |TAMS 0x0000000703200000, 0x0000000703200000| Untracked 
|  26|0x0000000703400000, 0x0000000703400000, 0x0000000703600000|  0%| F|  |TAMS 0x0000000703400000, 0x0000000703400000| Untracked 
|  27|0x0000000703600000, 0x0000000703600000, 0x0000000703800000|  0%| F|  |TAMS 0x0000000703600000, 0x0000000703600000| Untracked 
|  28|0x0000000703800000, 0x0000000703800000, 0x0000000703a00000|  0%| F|  |TAMS 0x0000000703800000, 0x0000000703800000| Untracked 
|  29|0x0000000703a00000, 0x0000000703a00000, 0x0000000703c00000|  0%| F|  |TAMS 0x0000000703a00000, 0x0000000703a00000| Untracked 
|  30|0x0000000703c00000, 0x0000000703c00000, 0x0000000703e00000|  0%| F|  |TAMS 0x0000000703c00000, 0x0000000703c00000| Untracked 
|  31|0x0000000703e00000, 0x0000000703e00000, 0x0000000704000000|  0%| F|  |TAMS 0x0000000703e00000, 0x0000000703e00000| Untracked 
|  32|0x0000000704000000, 0x0000000704000000, 0x0000000704200000|  0%| F|  |TAMS 0x0000000704000000, 0x0000000704000000| Untracked 
|  33|0x0000000704200000, 0x0000000704200000, 0x0000000704400000|  0%| F|  |TAMS 0x0000000704200000, 0x0000000704200000| Untracked 
|  34|0x0000000704400000, 0x0000000704400000, 0x0000000704600000|  0%| F|  |TAMS 0x0000000704400000, 0x0000000704400000| Untracked 
|  35|0x0000000704600000, 0x0000000704600000, 0x0000000704800000|  0%| F|  |TAMS 0x0000000704600000, 0x0000000704600000| Untracked 
|  36|0x0000000704800000, 0x0000000704800000, 0x0000000704a00000|  0%| F|  |TAMS 0x0000000704800000, 0x0000000704800000| Untracked 
|  37|0x0000000704a00000, 0x0000000704a00000, 0x0000000704c00000|  0%| F|  |TAMS 0x0000000704a00000, 0x0000000704a00000| Untracked 
|  38|0x0000000704c00000, 0x0000000704c00000, 0x0000000704e00000|  0%| F|  |TAMS 0x0000000704c00000, 0x0000000704c00000| Untracked 
|  39|0x0000000704e00000, 0x0000000704e00000, 0x0000000705000000|  0%| F|  |TAMS 0x0000000704e00000, 0x0000000704e00000| Untracked 
|  40|0x0000000705000000, 0x0000000705000000, 0x0000000705200000|  0%| F|  |TAMS 0x0000000705000000, 0x0000000705000000| Untracked 
|  41|0x0000000705200000, 0x0000000705200000, 0x0000000705400000|  0%| F|  |TAMS 0x0000000705200000, 0x0000000705200000| Untracked 
|  42|0x0000000705400000, 0x0000000705400000, 0x0000000705600000|  0%| F|  |TAMS 0x0000000705400000, 0x0000000705400000| Untracked 
|  43|0x0000000705600000, 0x0000000705600000, 0x0000000705800000|  0%| F|  |TAMS 0x0000000705600000, 0x0000000705600000| Untracked 
|  44|0x0000000705800000, 0x0000000705800000, 0x0000000705a00000|  0%| F|  |TAMS 0x0000000705800000, 0x0000000705800000| Untracked 
|  45|0x0000000705a00000, 0x0000000705a00000, 0x0000000705c00000|  0%| F|  |TAMS 0x0000000705a00000, 0x0000000705a00000| Untracked 
|  46|0x0000000705c00000, 0x0000000705c00000, 0x0000000705e00000|  0%| F|  |TAMS 0x0000000705c00000, 0x0000000705c00000| Untracked 
|  47|0x0000000705e00000, 0x0000000705e00000, 0x0000000706000000|  0%| F|  |TAMS 0x0000000705e00000, 0x0000000705e00000| Untracked 
|  48|0x0000000706000000, 0x0000000706000000, 0x0000000706200000|  0%| F|  |TAMS 0x0000000706000000, 0x0000000706000000| Untracked 
|  49|0x0000000706200000, 0x0000000706200000, 0x0000000706400000|  0%| F|  |TAMS 0x0000000706200000, 0x0000000706200000| Untracked 
|  50|0x0000000706400000, 0x0000000706400000, 0x0000000706600000|  0%| F|  |TAMS 0x0000000706400000, 0x0000000706400000| Untracked 
|  51|0x0000000706600000, 0x0000000706600000, 0x0000000706800000|  0%| F|  |TAMS 0x0000000706600000, 0x0000000706600000| Untracked 
|  52|0x0000000706800000, 0x0000000706800000, 0x0000000706a00000|  0%| F|  |TAMS 0x0000000706800000, 0x0000000706800000| Untracked 
|  53|0x0000000706a00000, 0x0000000706a00000, 0x0000000706c00000|  0%| F|  |TAMS 0x0000000706a00000, 0x0000000706a00000| Untracked 
|  54|0x0000000706c00000, 0x0000000706c00000, 0x0000000706e00000|  0%| F|  |TAMS 0x0000000706c00000, 0x0000000706c00000| Untracked 
|  55|0x0000000706e00000, 0x0000000706e00000, 0x0000000707000000|  0%| F|  |TAMS 0x0000000706e00000, 0x0000000706e00000| Untracked 
|  56|0x0000000707000000, 0x0000000707000000, 0x0000000707200000|  0%| F|  |TAMS 0x0000000707000000, 0x0000000707000000| Untracked 
|  57|0x0000000707200000, 0x0000000707400000, 0x0000000707400000|100%| E|  |TAMS 0x0000000707200000, 0x0000000707200000| Complete 
|  58|0x0000000707400000, 0x0000000707600000, 0x0000000707600000|100%| E|CS|TAMS 0x0000000707400000, 0x0000000707400000| Complete 
|  59|0x0000000707600000, 0x0000000707800000, 0x0000000707800000|100%| E|CS|TAMS 0x0000000707600000, 0x0000000707600000| Complete 
|  60|0x0000000707800000, 0x0000000707a00000, 0x0000000707a00000|100%| E|CS|TAMS 0x0000000707800000, 0x0000000707800000| Complete 
|  61|0x0000000707a00000, 0x0000000707c00000, 0x0000000707c00000|100%| E|CS|TAMS 0x0000000707a00000, 0x0000000707a00000| Complete 
|  62|0x0000000707c00000, 0x0000000707e00000, 0x0000000707e00000|100%| E|CS|TAMS 0x0000000707c00000, 0x0000000707c00000| Complete 
|  63|0x0000000707e00000, 0x0000000708000000, 0x0000000708000000|100%| E|CS|TAMS 0x0000000707e00000, 0x0000000707e00000| Complete 
|  64|0x0000000708000000, 0x0000000708200000, 0x0000000708200000|100%| E|CS|TAMS 0x0000000708000000, 0x0000000708000000| Complete 
|  79|0x0000000709e00000, 0x000000070a000000, 0x000000070a000000|100%| E|CS|TAMS 0x0000000709e00000, 0x0000000709e00000| Complete 

Card table byte_map: [0x000001fc17c60000,0x000001fc18460000] _byte_map_base: 0x000001fc14460000

Marking Bits (Prev, Next): (CMBitMap*) 0x000001fc050220e0, (CMBitMap*) 0x000001fc05022120
 Prev Bits: [0x000001fc18c60000, 0x000001fc1cc60000)
 Next Bits: [0x000001fc1cc60000, 0x000001fc20c60000)

Polling page: 0x000001fc02f60000

Metaspace:

Usage:
  Non-class:     46.20 MB used.
      Class:      7.13 MB used.
       Both:     53.33 MB used.

Virtual space:
  Non-class space:       48.00 MB reserved,      46.44 MB ( 97%) committed,  6 nodes.
      Class space:        1.00 GB reserved,       7.31 MB ( <1%) committed,  1 nodes.
             Both:        1.05 GB reserved,      53.75 MB (  5%) committed. 

Chunk freelists:
   Non-Class:  624.00 KB
       Class:  656.00 KB
        Both:  1.25 MB

MaxMetaspaceSize: unlimited
CompressedClassSpaceSize: 1.00 GB
Initial GC threshold: 21.00 MB
Current GC threshold: 58.88 MB
CDS: off
MetaspaceReclaimPolicy: balanced
 - commit_granule_bytes: 65536.
 - commit_granule_words: 8192.
 - virtual_space_node_default_size: 1048576.
 - enlarge_chunks_in_place: 1.
 - new_chunks_are_fully_committed: 0.
 - uncommit_free_chunks: 1.
 - use_allocation_guard: 0.
 - handle_deallocations: 1.


Internal statistics:

num_allocs_failed_limit: 6.
num_arena_births: 480.
num_arena_deaths: 0.
num_vsnodes_births: 7.
num_vsnodes_deaths: 0.
num_space_committed: 860.
num_space_uncommitted: 0.
num_chunks_returned_to_freelist: 6.
num_chunks_taken_from_freelist: 2207.
num_chunk_merges: 3.
num_chunk_splits: 1485.
num_chunks_enlarged: 1029.
num_purges: 0.
num_inconsistent_stats: 0.

CodeHeap 'non-profiled nmethods': size=120064Kb used=2694Kb max_used=2694Kb free=117369Kb
 bounds [0x000001fc0ff20000, 0x000001fc101d0000, 0x000001fc17460000]
CodeHeap 'profiled nmethods': size=120000Kb used=11398Kb max_used=11398Kb free=108601Kb
 bounds [0x000001fc08460000, 0x000001fc08f90000, 0x000001fc0f990000]
CodeHeap 'non-nmethods': size=5696Kb used=2323Kb max_used=2347Kb free=3372Kb
 bounds [0x000001fc0f990000, 0x000001fc0fc00000, 0x000001fc0ff20000]
 total_blobs=6557 nmethods=5720 adapters=748
 compilation: enabled
              stopped_count=0, restarted_count=0
 full_count=0

Compilation events (20 events):
Event: 8.142 Thread 0x000001fc23855f60 nmethod 5728 0x000001fc08f7d010 code [0x000001fc08f7d1c0, 0x000001fc08f7d338]
Event: 8.145 Thread 0x000001fc23855f60 5729       2       groovyjarjarantlr4.v4.runtime.atn.ATNConfigSet::isReadOnly (13 bytes)
Event: 8.145 Thread 0x000001fc23855f60 nmethod 5729 0x000001fc08f7d410 code [0x000001fc08f7d5a0, 0x000001fc08f7d6b8]
Event: 8.147 Thread 0x000001fc23855f60 5730       2       groovyjarjarantlr4.v4.runtime.atn.ATNConfig::<init> (23 bytes)
Event: 8.147 Thread 0x000001fc23855f60 nmethod 5730 0x000001fc08f7d790 code [0x000001fc08f7d920, 0x000001fc08f7daf8]
Event: 8.147 Thread 0x000001fc23855f60 5731       2       groovyjarjarantlr4.v4.runtime.atn.ATNConfig::transform (101 bytes)
Event: 8.147 Thread 0x000001fc23855f60 nmethod 5731 0x000001fc08f7dc10 code [0x000001fc08f7de20, 0x000001fc08f7e4d8]
Event: 8.148 Thread 0x000001fc23855f60 5732       2       groovyjarjarantlr4.v4.runtime.atn.ATNConfigSet::ensureWritable (19 bytes)
Event: 8.149 Thread 0x000001fc23855f60 nmethod 5732 0x000001fc08f7e790 code [0x000001fc08f7e940, 0x000001fc08f7eb28]
Event: 8.149 Thread 0x000001fc23855f60 5733       2       groovyjarjarantlr4.v4.runtime.atn.ATNConfigSet::add (356 bytes)
Event: 8.150 Thread 0x000001fc23855f60 nmethod 5733 0x000001fc08f7ec10 code [0x000001fc08f7ef20, 0x000001fc08f7fca8]
Event: 8.150 Thread 0x000001fc23855f60 5734       2       groovyjarjarantlr4.v4.runtime.atn.SemanticContext$Predicate::equals (60 bytes)
Event: 8.150 Thread 0x000001fc23855f60 nmethod 5734 0x000001fc08f80610 code [0x000001fc08f807c0, 0x000001fc08f809f8]
Event: 8.150 Thread 0x000001fc23855f60 5735       1       groovyjarjarantlr4.v4.runtime.atn.ATNConfig$SemanticContextATNConfig::getSemanticContext (5 bytes)
Event: 8.150 Thread 0x000001fc23855f60 nmethod 5735 0x000001fc101c1710 code [0x000001fc101c18a0, 0x000001fc101c1978]
Event: 8.150 Thread 0x000001fc23855f60 5736       2       groovyjarjarantlr4.v4.runtime.atn.ParserATNSimulator::getEpsilonTarget (147 bytes)
Event: 8.151 Thread 0x000001fc23855f60 nmethod 5736 0x000001fc08f80b10 code [0x000001fc08f80d60, 0x000001fc08f812d8]
Event: 8.151 Thread 0x000001fc23855f60 5737       2       groovyjarjarantlr4.v4.runtime.atn.ATNConfig::transform (19 bytes)
Event: 8.151 Thread 0x000001fc23855f60 nmethod 5737 0x000001fc08f81590 code [0x000001fc08f81740, 0x000001fc08f818e8]
Event: 8.151 Thread 0x000001fc23855f60 5738       2       groovyjarjarantlr4.v4.runtime.atn.ParserATNSimulator::closure (784 bytes)

GC Heap History (20 events):
Event: 1.251 GC heap before
{Heap before GC invocations=3 (full 0):
 garbage-first heap   total 163840K, used 24550K [0x0000000700000000, 0x0000000800000000)
  region size 2048K, 8 young (16384K), 1 survivors (2048K)
 Metaspace       used 11184K, committed 11392K, reserved 1064960K
  class space    used 1163K, committed 1280K, reserved 1048576K
}
Event: 1.255 GC heap after
{Heap after GC invocations=4 (full 0):
 garbage-first heap   total 163840K, used 10544K [0x0000000700000000, 0x0000000800000000)
  region size 2048K, 1 young (2048K), 1 survivors (2048K)
 Metaspace       used 11184K, committed 11392K, reserved 1064960K
  class space    used 1163K, committed 1280K, reserved 1048576K
}
Event: 2.804 GC heap before
{Heap before GC invocations=4 (full 0):
 garbage-first heap   total 163840K, used 65840K [0x0000000700000000, 0x0000000800000000)
  region size 2048K, 29 young (59392K), 1 survivors (2048K)
 Metaspace       used 21171K, committed 21504K, reserved 1073152K
  class space    used 2565K, committed 2752K, reserved 1048576K
}
Event: 2.819 GC heap after
{Heap after GC invocations=5 (full 0):
 garbage-first heap   total 163840K, used 17970K [0x0000000700000000, 0x0000000800000000)
  region size 2048K, 4 young (8192K), 4 survivors (8192K)
 Metaspace       used 21171K, committed 21504K, reserved 1073152K
  class space    used 2565K, committed 2752K, reserved 1048576K
}
Event: 3.523 GC heap before
{Heap before GC invocations=6 (full 0):
 garbage-first heap   total 69632K, used 50738K [0x0000000700000000, 0x0000000800000000)
  region size 2048K, 20 young (40960K), 4 survivors (8192K)
 Metaspace       used 26191K, committed 26496K, reserved 1073152K
  class space    used 3438K, committed 3584K, reserved 1048576K
}
Event: 3.534 GC heap after
{Heap after GC invocations=7 (full 0):
 garbage-first heap   total 69632K, used 20372K [0x0000000700000000, 0x0000000800000000)
  region size 2048K, 2 young (4096K), 2 survivors (4096K)
 Metaspace       used 26191K, committed 26496K, reserved 1073152K
  class space    used 3438K, committed 3584K, reserved 1048576K
}
Event: 3.574 GC heap before
{Heap before GC invocations=7 (full 0):
 garbage-first heap   total 69632K, used 22420K [0x0000000700000000, 0x0000000800000000)
  region size 2048K, 3 young (6144K), 2 survivors (4096K)
 Metaspace       used 26559K, committed 26880K, reserved 1073152K
  class space    used 3502K, committed 3648K, reserved 1048576K
}
Event: 3.583 GC heap after
{Heap after GC invocations=8 (full 0):
 garbage-first heap   total 83968K, used 20579K [0x0000000700000000, 0x0000000800000000)
  region size 2048K, 1 young (2048K), 1 survivors (2048K)
 Metaspace       used 26559K, committed 26880K, reserved 1073152K
  class space    used 3502K, committed 3648K, reserved 1048576K
}
Event: 4.251 GC heap before
{Heap before GC invocations=8 (full 0):
 garbage-first heap   total 83968K, used 57443K [0x0000000700000000, 0x0000000800000000)
  region size 2048K, 19 young (38912K), 1 survivors (2048K)
 Metaspace       used 31918K, committed 32192K, reserved 1081344K
  class space    used 4360K, committed 4480K, reserved 1048576K
}
Event: 4.255 GC heap after
{Heap after GC invocations=9 (full 0):
 garbage-first heap   total 83968K, used 22044K [0x0000000700000000, 0x0000000800000000)
  region size 2048K, 1 young (2048K), 1 survivors (2048K)
 Metaspace       used 31918K, committed 32192K, reserved 1081344K
  class space    used 4360K, committed 4480K, reserved 1048576K
}
Event: 4.714 GC heap before
{Heap before GC invocations=9 (full 0):
 garbage-first heap   total 83968K, used 40476K [0x0000000700000000, 0x0000000800000000)
  region size 2048K, 11 young (22528K), 1 survivors (2048K)
 Metaspace       used 35601K, committed 35968K, reserved 1081344K
  class space    used 4879K, committed 5056K, reserved 1048576K
}
Event: 4.720 GC heap after
{Heap after GC invocations=10 (full 0):
 garbage-first heap   total 83968K, used 24018K [0x0000000700000000, 0x0000000800000000)
  region size 2048K, 2 young (4096K), 2 survivors (4096K)
 Metaspace       used 35601K, committed 35968K, reserved 1081344K
  class space    used 4879K, committed 5056K, reserved 1048576K
}
Event: 5.392 GC heap before
{Heap before GC invocations=11 (full 0):
 garbage-first heap   total 83968K, used 60882K [0x0000000700000000, 0x0000000800000000)
  region size 2048K, 21 young (43008K), 2 survivors (4096K)
 Metaspace       used 41208K, committed 41536K, reserved 1089536K
  class space    used 5446K, committed 5568K, reserved 1048576K
}
Event: 5.407 GC heap after
{Heap after GC invocations=12 (full 0):
 garbage-first heap   total 83968K, used 28612K [0x0000000700000000, 0x0000000800000000)
  region size 2048K, 3 young (6144K), 3 survivors (6144K)
 Metaspace       used 41208K, committed 41536K, reserved 1089536K
  class space    used 5446K, committed 5568K, reserved 1048576K
}
Event: 6.042 GC heap before
{Heap before GC invocations=12 (full 0):
 garbage-first heap   total 83968K, used 65476K [0x0000000700000000, 0x0000000800000000)
  region size 2048K, 20 young (40960K), 3 survivors (6144K)
 Metaspace       used 44982K, committed 45440K, reserved 1089536K
  class space    used 5933K, committed 6144K, reserved 1048576K
}
Event: 6.054 GC heap after
{Heap after GC invocations=13 (full 0):
 garbage-first heap   total 83968K, used 31674K [0x0000000700000000, 0x0000000800000000)
  region size 2048K, 2 young (4096K), 2 survivors (4096K)
 Metaspace       used 44982K, committed 45440K, reserved 1089536K
  class space    used 5933K, committed 6144K, reserved 1048576K
}
Event: 6.589 GC heap before
{Heap before GC invocations=13 (full 0):
 garbage-first heap   total 83968K, used 60346K [0x0000000700000000, 0x0000000800000000)
  region size 2048K, 17 young (34816K), 2 survivors (4096K)
 Metaspace       used 49494K, committed 49920K, reserved 1097728K
  class space    used 6527K, committed 6720K, reserved 1048576K
}
Event: 6.597 GC heap after
{Heap after GC invocations=14 (full 0):
 garbage-first heap   total 83968K, used 32948K [0x0000000700000000, 0x0000000800000000)
  region size 2048K, 3 young (6144K), 3 survivors (6144K)
 Metaspace       used 49494K, committed 49920K, reserved 1097728K
  class space    used 6527K, committed 6720K, reserved 1048576K
}
Event: 7.670 GC heap before
{Heap before GC invocations=14 (full 0):
 garbage-first heap   total 83968K, used 61620K [0x0000000700000000, 0x0000000800000000)
  region size 2048K, 18 young (36864K), 3 survivors (6144K)
 Metaspace       used 51723K, committed 52096K, reserved 1097728K
  class space    used 6800K, committed 6976K, reserved 1048576K
}
Event: 7.680 GC heap after
{Heap after GC invocations=15 (full 0):
 garbage-first heap   total 135168K, used 35388K [0x0000000700000000, 0x0000000800000000)
  region size 2048K, 2 young (4096K), 2 survivors (4096K)
 Metaspace       used 51723K, committed 52096K, reserved 1097728K
  class space    used 6800K, committed 6976K, reserved 1048576K
}

Dll operation events (2 events):
Event: 0.007 Loaded shared library C:\Program Files\Android\Android Studio\jbr\bin\java.dll
Event: 0.514 Loaded shared library C:\Program Files\Android\Android Studio\jbr\bin\verify.dll

Deoptimization events (20 events):
Event: 7.439 Thread 0x000001fc269f11f0 DEOPT PACKING pc=0x000001fc08bb774c sp=0x0000006b5f9fd5d0
Event: 7.439 Thread 0x000001fc269f11f0 DEOPT UNPACKING pc=0x000001fc0f9e7143 sp=0x0000006b5f9fcb28 mode 0
Event: 7.603 Thread 0x000001fc269f0d20 DEOPT PACKING pc=0x000001fc08bb774c sp=0x0000006b5f3fe700
Event: 7.603 Thread 0x000001fc269f0d20 DEOPT UNPACKING pc=0x000001fc0f9e7143 sp=0x0000006b5f3fdc58 mode 0
Event: 7.729 Thread 0x000001fc24a5c5a0 DEOPT PACKING pc=0x000001fc08d3d7c3 sp=0x0000006b5e8fe620
Event: 7.729 Thread 0x000001fc24a5c5a0 DEOPT UNPACKING pc=0x000001fc0f9e7143 sp=0x0000006b5e8fdaa8 mode 0
Event: 7.779 Thread 0x000001fc24ec5540 DEOPT PACKING pc=0x000001fc084f2a3b sp=0x0000006b5e2f8eb0
Event: 7.779 Thread 0x000001fc24ec5540 DEOPT UNPACKING pc=0x000001fc0f9e7143 sp=0x0000006b5e2f83e8 mode 0
Event: 7.783 Thread 0x000001fc24ec5540 DEOPT PACKING pc=0x000001fc08d32279 sp=0x0000006b5e2f8e30
Event: 7.783 Thread 0x000001fc24ec5540 DEOPT UNPACKING pc=0x000001fc0f9e7143 sp=0x0000006b5e2f8328 mode 0
Event: 7.801 Thread 0x000001fc24ec5540 Uncommon trap: trap_request=0xffffff45 fr.pc=0x000001fc100ee01c relative=0x000000000000007c
Event: 7.801 Thread 0x000001fc24ec5540 Uncommon trap: reason=unstable_if action=reinterpret pc=0x000001fc100ee01c method=java.util.Spliterator.getExactSizeIfKnown()J @ 9 c2
Event: 7.801 Thread 0x000001fc24ec5540 DEOPT PACKING pc=0x000001fc100ee01c sp=0x0000006b5e2fa4b0
Event: 7.801 Thread 0x000001fc24ec5540 DEOPT UNPACKING pc=0x000001fc0f9e69a3 sp=0x0000006b5e2fa448 mode 2
Event: 8.140 Thread 0x000001fc24ec5540 DEOPT PACKING pc=0x000001fc08f7c864 sp=0x0000006b5e2f7770
Event: 8.140 Thread 0x000001fc24ec5540 DEOPT UNPACKING pc=0x000001fc0f9e7143 sp=0x0000006b5e2f6c70 mode 0
Event: 8.140 Thread 0x000001fc24ec5540 DEOPT PACKING pc=0x000001fc08f786a4 sp=0x0000006b5e2f78d0
Event: 8.140 Thread 0x000001fc24ec5540 DEOPT UNPACKING pc=0x000001fc0f9e7143 sp=0x0000006b5e2f6dd0 mode 0
Event: 8.140 Thread 0x000001fc24ec5540 DEOPT PACKING pc=0x000001fc08f79954 sp=0x0000006b5e2f79c0
Event: 8.140 Thread 0x000001fc24ec5540 DEOPT UNPACKING pc=0x000001fc0f9e7143 sp=0x0000006b5e2f6ec8 mode 0

Classes unloaded (0 events):
No events

Classes redefined (0 events):
No events

Internal exceptions (20 events):
Event: 6.757 Thread 0x000001fc24ec5540 Exception <a 'java/lang/NoSuchMethodError'{0x00000007060d77a0}: 'java.lang.Object java.lang.invoke.Invokers$Holder.invoker(java.lang.Object, java.lang.Object, java.lang.Object, java.lang.Object, java.lang.Object, java.lang.Object, java.lang.Object, java.lang.Object, java.lang.Object, java.lang.Object, java.lang.Object, java.lang.Object, java.lang.Object, java.lang.Object, java.lang.Object, java.lang.Object, java.lang.Object, java.lang.Object, java.lang.Object, java.lang.Object, java.lang.Object)'> (0x00000
Event: 6.758 Thread 0x000001fc24ec5540 Exception <a 'java/lang/NoSuchMethodError'{0x00000007060de728}: 'java.lang.Object java.lang.invoke.DelegatingMethodHandle$Holder.delegate(java.lang.Object, java.lang.Object, java.lang.Object, java.lang.Object, java.lang.Object, java.lang.Object, java.lang.Object, java.lang.Object, java.lang.Object, java.lang.Object, java.lang.Object, java.lang.Object, java.lang.Object, java.lang.Object, java.lang.Object, java.lang.Object, java.lang.Object, java.lang.Object, java.lang.Object, java.lang.Object, java.lang.Obj
Event: 6.773 Thread 0x000001fc24ec5540 Exception <a 'java/lang/NoSuchMethodError'{0x0000000706161958}: 'java.lang.Object java.lang.invoke.DirectMethodHandle$Holder.invokeStatic(java.lang.Object, java.lang.Object, java.lang.Object, java.lang.Object, java.lang.Object, java.lang.Object, java.lang.Object, java.lang.Object, java.lang.Object, java.lang.Object, java.lang.Object, java.lang.Object, java.lang.Object, java.lang.Object, java.lang.Object, java.lang.Object, java.lang.Object)'> (0x0000000706161958) 
thrown [s\src\hotspot\share\interpreter\lin
Event: 6.776 Thread 0x000001fc24ec5540 Exception <a 'java/lang/NoSuchMethodError'{0x0000000706189b00}: 'java.lang.Object java.lang.invoke.DirectMethodHandle$Holder.invokeStatic(java.lang.Object, java.lang.Object, java.lang.Object, java.lang.Object, java.lang.Object, java.lang.Object, java.lang.Object, java.lang.Object, java.lang.Object, java.lang.Object, java.lang.Object, java.lang.Object, java.lang.Object, java.lang.Object, java.lang.Object, java.lang.Object, java.lang.Object, java.lang.Object)'> (0x0000000706189b00) 
thrown [s\src\hotspot\sha
Event: 6.779 Thread 0x000001fc24ec5540 Exception <a 'java/lang/NoSuchMethodError'{0x00000007061b2698}: 'java.lang.Object java.lang.invoke.DirectMethodHandle$Holder.invokeStatic(java.lang.Object, java.lang.Object, java.lang.Object, java.lang.Object, java.lang.Object, java.lang.Object, java.lang.Object, java.lang.Object, java.lang.Object, java.lang.Object, java.lang.Object, java.lang.Object, java.lang.Object, java.lang.Object, java.lang.Object, java.lang.Object, java.lang.Object, java.lang.Object, java.lang.Object)'> (0x00000007061b2698) 
thrown 
Event: 6.784 Thread 0x000001fc24ec5540 Exception <a 'java/lang/NoSuchMethodError'{0x00000007061dc9c0}: 'java.lang.Object java.lang.invoke.DirectMethodHandle$Holder.invokeStatic(java.lang.Object, java.lang.Object, java.lang.Object, java.lang.Object, java.lang.Object, java.lang.Object, java.lang.Object, java.lang.Object, java.lang.Object, java.lang.Object, java.lang.Object, java.lang.Object, java.lang.Object, java.lang.Object, java.lang.Object, java.lang.Object, java.lang.Object, java.lang.Object, java.lang.Object, java.lang.Object)'> (0x00000007
Event: 6.787 Thread 0x000001fc24ec5540 Exception <a 'java/lang/NoSuchMethodError'{0x0000000705e07d98}: 'java.lang.Object java.lang.invoke.DirectMethodHandle$Holder.invokeStatic(java.lang.Object, java.lang.Object, java.lang.Object, java.lang.Object, java.lang.Object, java.lang.Object, java.lang.Object, java.lang.Object, java.lang.Object, java.lang.Object, java.lang.Object, java.lang.Object, java.lang.Object, java.lang.Object, java.lang.Object, java.lang.Object, java.lang.Object, java.lang.Object, java.lang.Object, java.lang.Object, java.lang.Obj
Event: 6.791 Thread 0x000001fc24ec5540 Exception <a 'java/lang/NoSuchMethodError'{0x0000000705e335f0}: 'java.lang.Object java.lang.invoke.DirectMethodHandle$Holder.invokeStatic(java.lang.Object, java.lang.Object, java.lang.Object, java.lang.Object, java.lang.Object, java.lang.Object, java.lang.Object, java.lang.Object, java.lang.Object, java.lang.Object, java.lang.Object, java.lang.Object, java.lang.Object, java.lang.Object, java.lang.Object, java.lang.Object, java.lang.Object, java.lang.Object, java.lang.Object, java.lang.Object, java.lang.Obj
Event: 6.795 Thread 0x000001fc24ec5540 Exception <a 'java/lang/NoSuchMethodError'{0x0000000705e608e0}: 'java.lang.Object java.lang.invoke.DirectMethodHandle$Holder.invokeStatic(java.lang.Object, java.lang.Object, java.lang.Object, java.lang.Object, java.lang.Object, java.lang.Object, java.lang.Object, java.lang.Object, java.lang.Object, java.lang.Object, java.lang.Object, java.lang.Object, java.lang.Object, java.lang.Object, java.lang.Object, java.lang.Object, java.lang.Object, java.lang.Object, java.lang.Object, java.lang.Object, java.lang.Obj
Event: 6.796 Thread 0x000001fc24ec5540 Exception <a 'java/lang/NoSuchMethodError'{0x0000000705e8f488}: 'java.lang.Object java.lang.invoke.DirectMethodHandle$Holder.invokeStatic(java.lang.Object, java.lang.Object, java.lang.Object, java.lang.Object, java.lang.Object, java.lang.Object, java.lang.Object, java.lang.Object, java.lang.Object, java.lang.Object, java.lang.Object, java.lang.Object, java.lang.Object, java.lang.Object, java.lang.Object, java.lang.Object, java.lang.Object, java.lang.Object, java.lang.Object, java.lang.Object, java.lang.Obj
Event: 7.798 Thread 0x000001fc24ec5540 Exception <a 'java/lang/NoSuchMethodError'{0x0000000708194450}: 'long java.lang.invoke.DirectMethodHandle$Holder.invokeVirtual(java.lang.Object, java.lang.Object)'> (0x0000000708194450) 
thrown [s\src\hotspot\share\interpreter\linkResolver.cpp, line 771]
Event: 7.816 Thread 0x000001fc24a5b730 Exception <a 'java/lang/NoSuchMethodError'{0x0000000707e1dcb0}: static Lorg/gradle/internal/build/event/types/DefaultOperationFinishedProgressEvent;.<clinit>()V> (0x0000000707e1dcb0) 
thrown [s\src\hotspot\share\prims\jni.cpp, line 1108]
Event: 7.818 Thread 0x000001fc24a5b730 Exception <a 'java/lang/NoSuchMethodError'{0x0000000707e40068}: static Lorg/gradle/internal/build/event/types/DefaultProjectConfigurationSuccessResult;.<clinit>()V> (0x0000000707e40068) 
thrown [s\src\hotspot\share\prims\jni.cpp, line 1108]
Event: 7.818 Thread 0x000001fc24a5b730 Exception <a 'java/lang/NoSuchMethodError'{0x0000000707e41120}: static Lorg/gradle/internal/build/event/types/AbstractProjectConfigurationResult;.<clinit>()V> (0x0000000707e41120) 
thrown [s\src\hotspot\share\prims\jni.cpp, line 1108]
Event: 7.818 Thread 0x000001fc24a5b730 Exception <a 'java/lang/NoSuchMethodError'{0x0000000707e42640}: static Lorg/gradle/internal/build/event/types/AbstractOperationResult;.<clinit>()V> (0x0000000707e42640) 
thrown [s\src\hotspot\share\prims\jni.cpp, line 1108]
Event: 7.819 Thread 0x000001fc24a5b730 Exception <a 'java/lang/NoSuchMethodError'{0x0000000707e43600}: static Lorg/gradle/internal/build/event/types/AbstractResult;.<clinit>()V> (0x0000000707e43600) 
thrown [s\src\hotspot\share\prims\jni.cpp, line 1108]
Event: 7.821 Thread 0x000001fc24a5b730 Exception <a 'java/lang/NoSuchMethodError'{0x0000000707e57498}: static Lorg/gradle/internal/build/event/types/DefaultPluginApplicationResult;.<clinit>()V> (0x0000000707e57498) 
thrown [s\src\hotspot\share\prims\jni.cpp, line 1108]
Event: 7.822 Thread 0x000001fc24a5b730 Exception <a 'java/lang/NoSuchMethodError'{0x0000000707e61ce0}: static Lorg/gradle/internal/build/event/types/DefaultBinaryPluginIdentifier;.<clinit>()V> (0x0000000707e61ce0) 
thrown [s\src\hotspot\share\prims\jni.cpp, line 1108]
Event: 7.824 Thread 0x000001fc24a5b730 Exception <a 'java/lang/NoSuchMethodError'{0x0000000707e75b68}: static Lorg/gradle/internal/build/event/types/DefaultScriptPluginIdentifier;.<clinit>()V> (0x0000000707e75b68) 
thrown [s\src\hotspot\share\prims\jni.cpp, line 1108]
Event: 7.882 Thread 0x000001fc24ec5540 Exception <a 'java/lang/NoSuchMethodError'{0x0000000707f6a760}: 'void java.lang.invoke.DirectMethodHandle$Holder.invokeVirtual(java.lang.Object, java.lang.Object)'> (0x0000000707f6a760) 
thrown [s\src\hotspot\share\interpreter\linkResolver.cpp, line 771]

VM Operations (20 events):
Event: 6.273 Executing VM operation: HandshakeAllThreads
Event: 6.273 Executing VM operation: HandshakeAllThreads done
Event: 6.274 Executing VM operation: HandshakeAllThreads
Event: 6.274 Executing VM operation: HandshakeAllThreads done
Event: 6.589 Executing VM operation: G1CollectForAllocation
Event: 6.599 Executing VM operation: G1CollectForAllocation done
Event: 7.171 Executing VM operation: ICBufferFull
Event: 7.171 Executing VM operation: ICBufferFull done
Event: 7.238 Executing VM operation: HandshakeAllThreads
Event: 7.238 Executing VM operation: HandshakeAllThreads done
Event: 7.367 Executing VM operation: ICBufferFull
Event: 7.370 Executing VM operation: ICBufferFull done
Event: 7.670 Executing VM operation: G1CollectForAllocation
Event: 7.681 Executing VM operation: G1CollectForAllocation done
Event: 7.799 Executing VM operation: HandshakeAllThreads
Event: 7.800 Executing VM operation: HandshakeAllThreads done
Event: 8.139 Executing VM operation: HandshakeAllThreads
Event: 8.140 Executing VM operation: HandshakeAllThreads done
Event: 8.148 Executing VM operation: HandshakeAllThreads
Event: 8.148 Executing VM operation: HandshakeAllThreads done

Events (20 events):
Event: 7.801 loading class java/util/stream/SortedOps$RefSortingSink
Event: 7.801 loading class java/util/stream/SortedOps$AbstractRefSortingSink
Event: 7.801 loading class java/util/stream/SortedOps$AbstractRefSortingSink done
Event: 7.801 loading class java/util/stream/SortedOps$RefSortingSink done
Event: 7.823 loading class java/time/Ser
Event: 7.823 loading class java/time/Ser done
Event: 7.973 loading class java/lang/Short$ShortCache
Event: 7.973 loading class java/lang/Short$ShortCache done
Event: 7.973 loading class java/lang/Byte$ByteCache
Event: 7.973 loading class java/lang/Byte$ByteCache done
Event: 7.986 loading class java/util/EmptyStackException
Event: 7.986 loading class java/util/EmptyStackException done
Event: 7.991 loading class java/io/InvalidClassException
Event: 7.991 loading class java/io/InvalidClassException done
Event: 8.039 loading class java/util/concurrent/locks/ReentrantReadWriteLock$FairSync
Event: 8.039 loading class java/util/concurrent/locks/ReentrantReadWriteLock$FairSync done
Event: 8.143 loading class java/util/concurrent/atomic/AtomicIntegerArray
Event: 8.143 loading class java/util/concurrent/atomic/AtomicIntegerArray done
Event: 8.143 loading class java/lang/invoke/VarHandleInts$Array
Event: 8.144 loading class java/lang/invoke/VarHandleInts$Array done


Dynamic libraries:
0x00007ff7338a0000 - 0x00007ff7338aa000 	C:\Program Files\Android\Android Studio\jbr\bin\java.exe
0x00007ffcfe3b0000 - 0x00007ffcfe5a8000 	C:\WINDOWS\SYSTEM32\ntdll.dll
0x00007ffcfd9a0000 - 0x00007ffcfda5f000 	C:\WINDOWS\System32\KERNEL32.DLL
0x00007ffcfbd50000 - 0x00007ffcfc046000 	C:\WINDOWS\System32\KERNELBASE.dll
0x0000000050480000 - 0x00000000507b1000 	C:\Program Files\Norton Security\NortonData\22.23.3.8\Definitions\IPSDefs\20230605.061\IPSEng64.dll
0x00007ffcfd5c0000 - 0x00007ffcfd66f000 	C:\WINDOWS\System32\ADVAPI32.dll
0x00007ffcfd800000 - 0x00007ffcfd89e000 	C:\WINDOWS\System32\msvcrt.dll
0x00007ffcfc530000 - 0x00007ffcfc5cc000 	C:\WINDOWS\System32\sechost.dll
0x00007ffcfe240000 - 0x00007ffcfe366000 	C:\WINDOWS\System32\RPCRT4.dll
0x00007ffcfd400000 - 0x00007ffcfd408000 	C:\WINDOWS\System32\PSAPI.DLL
0x00007ffcfbc50000 - 0x00007ffcfbd50000 	C:\WINDOWS\System32\ucrtbase.dll
0x00007ffcf4450000 - 0x00007ffcf4467000 	C:\Program Files\Android\Android Studio\jbr\bin\jli.dll
0x00007ffcf1280000 - 0x00007ffcf129b000 	C:\Program Files\Android\Android Studio\jbr\bin\VCRUNTIME140.dll
0x00007ffcfcb10000 - 0x00007ffcfccad000 	C:\WINDOWS\System32\USER32.dll
0x00007ffcfc370000 - 0x00007ffcfc392000 	C:\WINDOWS\System32\win32u.dll
0x00007ffcfd580000 - 0x00007ffcfd5ac000 	C:\WINDOWS\System32\GDI32.dll
0x00007ffce16e0000 - 0x00007ffce197a000 	C:\WINDOWS\WinSxS\amd64_microsoft.windows.common-controls_6595b64144ccf1df_6.0.19041.1110_none_60b5254171f9507e\COMCTL32.dll
0x00007ffcfba90000 - 0x00007ffcfbba5000 	C:\WINDOWS\System32\gdi32full.dll
0x00007ffcfbbb0000 - 0x00007ffcfbc4d000 	C:\WINDOWS\System32\msvcp_win.dll
0x00007ffcfd410000 - 0x00007ffcfd440000 	C:\WINDOWS\System32\IMM32.DLL
0x00007ffcf49d0000 - 0x00007ffcf49dc000 	C:\Program Files\Android\Android Studio\jbr\bin\vcruntime140_1.dll
0x00007ffccaf50000 - 0x00007ffccafdd000 	C:\Program Files\Android\Android Studio\jbr\bin\msvcp140.dll
0x00007ffcb7d10000 - 0x00007ffcb897d000 	C:\Program Files\Android\Android Studio\jbr\bin\server\jvm.dll
0x00007ffcf5440000 - 0x00007ffcf5449000 	C:\WINDOWS\SYSTEM32\WSOCK32.dll
0x00007ffcfde50000 - 0x00007ffcfdebb000 	C:\WINDOWS\System32\WS2_32.dll
0x00007ffcf3440000 - 0x00007ffcf3467000 	C:\WINDOWS\SYSTEM32\WINMM.dll
0x00007ffcf3470000 - 0x00007ffcf347a000 	C:\WINDOWS\SYSTEM32\VERSION.dll
0x00007ffcfa330000 - 0x00007ffcfa342000 	C:\WINDOWS\SYSTEM32\kernel.appcore.dll
0x00007ffcf8ec0000 - 0x00007ffcf8eca000 	C:\Program Files\Android\Android Studio\jbr\bin\jimage.dll
0x00007ffcfa0d0000 - 0x00007ffcfa2b4000 	C:\WINDOWS\SYSTEM32\DBGHELP.DLL
0x00007ffcef8d0000 - 0x00007ffcef904000 	C:\WINDOWS\SYSTEM32\dbgcore.DLL
0x00007ffcfc230000 - 0x00007ffcfc2b2000 	C:\WINDOWS\System32\bcryptPrimitives.dll
0x00007ffcf4610000 - 0x00007ffcf4635000 	C:\Program Files\Android\Android Studio\jbr\bin\java.dll
0x00007ffcf5dd0000 - 0x00007ffcf5de8000 	C:\Program Files\Android\Android Studio\jbr\bin\zip.dll
0x00007ffcfccb0000 - 0x00007ffcfd3f4000 	C:\WINDOWS\System32\SHELL32.dll
0x00007ffcf97f0000 - 0x00007ffcf9f83000 	C:\WINDOWS\SYSTEM32\windows.storage.dll
0x00007ffcfda60000 - 0x00007ffcfddb4000 	C:\WINDOWS\System32\combase.dll
0x00007ffcfb410000 - 0x00007ffcfb43e000 	C:\WINDOWS\SYSTEM32\Wldp.dll
0x00007ffcfd670000 - 0x00007ffcfd71d000 	C:\WINDOWS\System32\SHCORE.dll
0x00007ffcfdf80000 - 0x00007ffcfdfd5000 	C:\WINDOWS\System32\shlwapi.dll
0x00007ffcfb9d0000 - 0x00007ffcfb9ef000 	C:\WINDOWS\SYSTEM32\profapi.dll
0x00007ffcf5000000 - 0x00007ffcf5019000 	C:\Program Files\Android\Android Studio\jbr\bin\net.dll
0x00007ffcefd70000 - 0x00007ffcefe7a000 	C:\WINDOWS\SYSTEM32\WINHTTP.dll
0x00007ffcfb170000 - 0x00007ffcfb1da000 	C:\WINDOWS\system32\mswsock.dll
0x00007ffcf47d0000 - 0x00007ffcf47e6000 	C:\Program Files\Android\Android Studio\jbr\bin\nio.dll
0x00007ffcf55b0000 - 0x00007ffcf55c0000 	C:\Program Files\Android\Android Studio\jbr\bin\verify.dll
0x00007ffcf3930000 - 0x00007ffcf3957000 	C:\Users\gabri\.gradle\native\68d5fa5c4cc2d200863cafc0d521ce42e7d3e7ee720ec0a83991735586a16f82\windows-amd64\native-platform.dll
0x00007ffcc4de0000 - 0x00007ffcc4f24000 	C:\Users\gabri\.gradle\native\e376f236ea51e6404a007f0833ffe2c6e607c4080706a723a18a27aeea778392\windows-amd64\native-platform-file-events.dll
0x00007ffcf83c0000 - 0x00007ffcf83c9000 	C:\Program Files\Android\Android Studio\jbr\bin\management.dll
0x00007ffcf5e30000 - 0x00007ffcf5e3b000 	C:\Program Files\Android\Android Studio\jbr\bin\management_ext.dll
0x00007ffcfb360000 - 0x00007ffcfb378000 	C:\WINDOWS\SYSTEM32\CRYPTSP.dll
0x00007ffcfaa90000 - 0x00007ffcfaac4000 	C:\WINDOWS\system32\rsaenh.dll
0x00007ffcfc200000 - 0x00007ffcfc227000 	C:\WINDOWS\System32\bcrypt.dll
0x00007ffcfb950000 - 0x00007ffcfb97e000 	C:\WINDOWS\SYSTEM32\USERENV.dll
0x00007ffcfb380000 - 0x00007ffcfb38c000 	C:\WINDOWS\SYSTEM32\CRYPTBASE.dll
0x00007ffcfae60000 - 0x00007ffcfae9c000 	C:\WINDOWS\SYSTEM32\IPHLPAPI.DLL
0x00007ffcfd5b0000 - 0x00007ffcfd5b8000 	C:\WINDOWS\System32\NSI.dll
0x00007ffcef540000 - 0x00007ffcef557000 	C:\WINDOWS\SYSTEM32\dhcpcsvc6.DLL
0x00007ffcefc60000 - 0x00007ffcefc7d000 	C:\WINDOWS\SYSTEM32\dhcpcsvc.DLL
0x00007ffcfaea0000 - 0x00007ffcfaf6b000 	C:\WINDOWS\SYSTEM32\DNSAPI.dll
0x00007ffcf5250000 - 0x00007ffcf5257000 	C:\WINDOWS\system32\wshunix.dll

dbghelp: loaded successfully - version: 4.0.5 - missing functions: none
symbol engine: initialized successfully - sym options: 0x614 - pdb path: .;C:\Program Files\Android\Android Studio\jbr\bin;C:\WINDOWS\SYSTEM32;C:\Program Files\Norton Security\NortonData\22.23.3.8\Definitions\IPSDefs\20230605.061;C:\WINDOWS\WinSxS\amd64_microsoft.windows.common-controls_6595b64144ccf1df_6.0.19041.1110_none_60b5254171f9507e;C:\Program Files\Android\Android Studio\jbr\bin\server;C:\Users\gabri\.gradle\native\68d5fa5c4cc2d200863cafc0d521ce42e7d3e7ee720ec0a83991735586a16f82\windows-amd64;C:\Users\gabri\.gradle\native\e376f236ea51e6404a007f0833ffe2c6e607c4080706a723a18a27aeea778392\windows-amd64

VM Arguments:
jvm_args: --add-opens=java.base/java.util=ALL-UNNAMED --add-opens=java.base/java.lang=ALL-UNNAMED --add-opens=java.base/java.lang.invoke=ALL-UNNAMED --add-opens=java.prefs/java.util.prefs=ALL-UNNAMED --add-opens=java.base/java.nio.charset=ALL-UNNAMED --add-opens=java.base/java.net=ALL-UNNAMED --add-opens=java.base/java.util.concurrent.atomic=ALL-UNNAMED -Xmx4096m -Dfile.encoding=UTF-8 -Duser.country=CL -Duser.language=es -Duser.variant 
java_command: org.gradle.launcher.daemon.bootstrap.GradleDaemon 8.0
java_class_path (initial): C:\Users\gabri\.gradle\wrapper\dists\gradle-8.0-bin\ca5e32bp14vu59qr306oxotwh\gradle-8.0\lib\gradle-launcher-8.0.jar
Launcher Type: SUN_STANDARD

[Global flags]
     intx CICompilerCount                          = 2                                         {product} {ergonomic}
     uint ConcGCThreads                            = 1                                         {product} {ergonomic}
     uint G1ConcRefinementThreads                  = 2                                         {product} {ergonomic}
   size_t G1HeapRegionSize                         = 2097152                                   {product} {ergonomic}
    uintx GCDrainStackTargetSize                   = 64                                        {product} {ergonomic}
   size_t InitialHeapSize                          = 167772160                                 {product} {ergonomic}
   size_t MarkStackSize                            = 4194304                                   {product} {ergonomic}
   size_t MaxHeapSize                              = 4294967296                                {product} {command line}
   size_t MaxNewSize                               = 2575302656                                {product} {ergonomic}
   size_t MinHeapDeltaBytes                        = 2097152                                   {product} {ergonomic}
   size_t MinHeapSize                              = 8388608                                   {product} {ergonomic}
    uintx NonNMethodCodeHeapSize                   = 5826188                                {pd product} {ergonomic}
    uintx NonProfiledCodeHeapSize                  = 122916026                              {pd product} {ergonomic}
    uintx ProfiledCodeHeapSize                     = 122916026                              {pd product} {ergonomic}
    uintx ReservedCodeCacheSize                    = 251658240                              {pd product} {ergonomic}
     bool SegmentedCodeCache                       = true                                      {product} {ergonomic}
   size_t SoftMaxHeapSize                          = 4294967296                             {manageable} {ergonomic}
     bool UseCompressedClassPointers               = true                           {product lp64_product} {ergonomic}
     bool UseCompressedOops                        = true                           {product lp64_product} {ergonomic}
     bool UseG1GC                                  = true                                      {product} {ergonomic}
     bool UseLargePagesIndividualAllocation        = false                                  {pd product} {ergonomic}

Logging:
Log output configuration:
 #0: stdout all=warning uptime,level,tags
 #1: stderr all=off uptime,level,tags

Environment Variables:
PATH=C:\WINDOWS\system32;C:\WINDOWS;C:\WINDOWS\System32\Wbem;C:\WINDOWS\System32\WindowsPowerShell\v1.0\;C:\WINDOWS\System32\OpenSSH\;C:\Program Files\Git\cmd;C:\Users\gabri\AppData\Local\Microsoft\WindowsApps;
USERNAME=gabri
OS=Windows_NT
PROCESSOR_IDENTIFIER=AMD64 Family 23 Model 24 Stepping 1, AuthenticAMD
TMP=C:\Users\gabri\AppData\Local\Temp
TEMP=C:\Users\gabri\AppData\Local\Temp



---------------  S Y S T E M  ---------------

OS:
 Windows 10 , 64 bit Build 19041 (10.0.19041.2913)
OS uptime: 4 days 16:30 hours

CPU: total 2 (initial active 2) (2 cores per cpu, 1 threads per core) family 23 model 24 stepping 1 microcode 0x0, cx8, cmov, fxsr, mmx, 3dnowpref, sse, sse2, sse3, ssse3, sse4a, sse4.1, sse4.2, popcnt, lzcnt, tsc, tscinvbit, avx, avx2, aes, clmul, bmi1, bmi2, adx, sha, fma, vzeroupper, clflush, clflushopt

Memory: 4k page, system-wide physical 10116M (1343M free)
TotalPageFile size 40481M (AvailPageFile size 4M)
current process WorkingSet (physical memory assigned to process): 262M, peak: 262M
current process commit charge ("private bytes"): 318M, peak: 318M

vm_info: OpenJDK 64-Bit Server VM (17.0.6+0-b2043.56-9586694) for windows-amd64 JRE (17.0.6+0-b2043.56-9586694), built on Feb  9 2023 20:06:20 by "androidbuild" with MS VC++ 16.10 / 16.11 (VS2019)

END.
