#
# There is insufficient memory for the Java Runtime Environment to continue.
# Native memory allocation (mmap) failed to map 18874368 bytes for G1 virtual space
# Possible reasons:
#   The system is out of physical RAM or swap space
#   The process is running with CompressedOops enabled, and the Java Heap may be blocking the growth of the native heap
# Possible solutions:
#   Reduce memory load on the system
#   Increase physical memory or swap space
#   Check if swap backing store is full
#   Decrease Java heap size (-Xmx/-Xms)
#   Decrease number of Java threads
#   Decrease Java thread stack sizes (-Xss)
#   Set larger code cache with -XX:ReservedCodeCacheSize=
#   JVM is running with Zero Based Compressed Oops mode in which the Java heap is
#     placed in the first 32GB address space. The Java Heap base address is the
#     maximum limit for the native heap growth. Please use -XX:HeapBaseMinAddress
#     to set the Java Heap base and to place the Java Heap above 32GB virtual address.
# This output file may be truncated or incomplete.
#
#  Out of Memory Error (os_windows.cpp:3769), pid=7128, tid=21444
#
# JRE version: OpenJDK Runtime Environment (17.0.6) (build 17.0.6+0-b2043.56-9586694)
# Java VM: OpenJDK 64-Bit Server VM (17.0.6+0-b2043.56-9586694, mixed mode, tiered, compressed oops, compressed class ptrs, g1 gc, windows-amd64)
# No core dump will be written. Minidumps are not enabled by default on client versions of Windows
#

---------------  S U M M A R Y ------------

Command Line: --add-opens=java.base/java.util=ALL-UNNAMED --add-opens=java.base/java.lang=ALL-UNNAMED --add-opens=java.base/java.lang.invoke=ALL-UNNAMED --add-opens=java.prefs/java.util.prefs=ALL-UNNAMED --add-opens=java.base/java.nio.charset=ALL-UNNAMED --add-opens=java.base/java.net=ALL-UNNAMED --add-opens=java.base/java.util.concurrent.atomic=ALL-UNNAMED -Xmx4096m -Dfile.encoding=UTF-8 -Duser.country=CL -Duser.language=es -Duser.variant org.gradle.launcher.daemon.bootstrap.GradleDaemon 8.0

Host: AMD Athlon Silver 3050U with Radeon Graphics   , 2 cores, 9G,  Windows 10 , 64 bit Build 19041 (10.0.19041.2913)
Time: Mon Jun  5 16:56:48 2023 Hora est. Sudamérica Pacífico elapsed time: 8.162819 seconds (0d 0h 0m 8s)

---------------  T H R E A D  ---------------

Current thread (0x000002767e790ef0):  VMThread "VM Thread" [stack: 0x0000009bdbd00000,0x0000009bdbe00000] [id=21444]

Stack: [0x0000009bdbd00000,0x0000009bdbe00000]
Native frames: (J=compiled Java code, j=interpreted, Vv=VM code, C=native code)
V  [jvm.dll+0x683b4a]
V  [jvm.dll+0x842654]
V  [jvm.dll+0x843dfe]
V  [jvm.dll+0x844463]
V  [jvm.dll+0x249b75]
V  [jvm.dll+0x680a19]
V  [jvm.dll+0x674f0a]
V  [jvm.dll+0x309acb]
V  [jvm.dll+0x310f86]
V  [jvm.dll+0x3608ee]
V  [jvm.dll+0x360b1f]
V  [jvm.dll+0x2dfbf8]
V  [jvm.dll+0x2e2ce6]
V  [jvm.dll+0x2ed478]
V  [jvm.dll+0x322150]
V  [jvm.dll+0x84893b]
V  [jvm.dll+0x849674]
V  [jvm.dll+0x849b8d]
V  [jvm.dll+0x849f64]
V  [jvm.dll+0x84a030]
V  [jvm.dll+0x7f25fa]
V  [jvm.dll+0x682985]
C  [ucrtbase.dll+0x21bb2]
C  [KERNEL32.DLL+0x17614]
C  [ntdll.dll+0x526a1]

VM_Operation (0x0000009bdb9ff6d0): G1Concurrent, mode: safepoint, requested by thread 0x000002767cd70db0


---------------  P R O C E S S  ---------------

Threads class SMR info:
_java_thread_list=0x0000027620afbb90, length=36, elements={
0x000002767ccfa6d0, 0x000002767e79aff0, 0x000002767e79c230, 0x000002767f0438e0,
0x000002767f044490, 0x000002767f047220, 0x000002767f047fa0, 0x000002767f04c600,
0x000002767f04f480, 0x000002767f062e00, 0x000002767f1f1020, 0x000002767f1f14f0,
0x000002761cffc030, 0x000002761cf1a9e0, 0x000002761ccefdf0, 0x000002761c8cd900,
0x000002761ceb8b40, 0x000002761d03b4c0, 0x000002761d03b990, 0x000002761d0f3a50,
0x000002761d0f2be0, 0x000002761d0f0090, 0x000002761d0f30b0, 0x000002761d0f0a30,
0x000002761d0f1d70, 0x000002761d0f0560, 0x000002761d0f3580, 0x000002761d0f2240,
0x000002761d0f13d0, 0x000002761d0f2710, 0x000002761e9cc3e0, 0x000002761e9c5060,
0x000002761e9c76e0, 0x000002761e9c93c0, 0x000002761e9cbf10, 0x000002761e9cb0a0
}

Java Threads: ( => current thread )
  0x000002767ccfa6d0 JavaThread "main" [_thread_blocked, id=12052, stack(0x0000009bdb700000,0x0000009bdb800000)]
  0x000002767e79aff0 JavaThread "Reference Handler" daemon [_thread_blocked, id=2500, stack(0x0000009bdbe00000,0x0000009bdbf00000)]
  0x000002767e79c230 JavaThread "Finalizer" daemon [_thread_blocked, id=576, stack(0x0000009bdbf00000,0x0000009bdc000000)]
  0x000002767f0438e0 JavaThread "Signal Dispatcher" daemon [_thread_blocked, id=7456, stack(0x0000009bdc000000,0x0000009bdc100000)]
  0x000002767f044490 JavaThread "Attach Listener" daemon [_thread_blocked, id=18240, stack(0x0000009bdc100000,0x0000009bdc200000)]
  0x000002767f047220 JavaThread "Service Thread" daemon [_thread_blocked, id=24236, stack(0x0000009bdc200000,0x0000009bdc300000)]
  0x000002767f047fa0 JavaThread "Monitor Deflation Thread" daemon [_thread_blocked, id=14020, stack(0x0000009bdc300000,0x0000009bdc400000)]
  0x000002767f04c600 JavaThread "C2 CompilerThread0" daemon [_thread_blocked, id=23896, stack(0x0000009bdc400000,0x0000009bdc500000)]
  0x000002767f04f480 JavaThread "C1 CompilerThread0" daemon [_thread_blocked, id=15836, stack(0x0000009bdc500000,0x0000009bdc600000)]
  0x000002767f062e00 JavaThread "Sweeper thread" daemon [_thread_blocked, id=2108, stack(0x0000009bdc600000,0x0000009bdc700000)]
  0x000002767f1f1020 JavaThread "Common-Cleaner" daemon [_thread_blocked, id=17416, stack(0x0000009bdc700000,0x0000009bdc800000)]
  0x000002767f1f14f0 JavaThread "Notification Thread" daemon [_thread_blocked, id=18340, stack(0x0000009bdc800000,0x0000009bdc900000)]
  0x000002761cffc030 JavaThread "Daemon health stats" [_thread_blocked, id=21632, stack(0x0000009bdcb00000,0x0000009bdcc00000)]
  0x000002761cf1a9e0 JavaThread "Incoming local TCP Connector on port 63326" [_thread_in_native, id=19056, stack(0x0000009bdcc00000,0x0000009bdcd00000)]
  0x000002761ccefdf0 JavaThread "Daemon periodic checks" [_thread_blocked, id=19288, stack(0x0000009bdcd00000,0x0000009bdce00000)]
  0x000002761c8cd900 JavaThread "Daemon" [_thread_blocked, id=19336, stack(0x0000009bdce00000,0x0000009bdcf00000)]
  0x000002761ceb8b40 JavaThread "Handler for socket connection from /127.0.0.1:63326 to /127.0.0.1:63327" [_thread_in_native, id=22656, stack(0x0000009bdcf00000,0x0000009bdd000000)]
  0x000002761d03b4c0 JavaThread "Cancel handler" [_thread_blocked, id=11864, stack(0x0000009bdd000000,0x0000009bdd100000)]
  0x000002761d03b990 JavaThread "Daemon worker" [_thread_blocked, id=21844, stack(0x0000009bdd100000,0x0000009bdd200000)]
  0x000002761d0f3a50 JavaThread "Asynchronous log dispatcher for DefaultDaemonConnection: socket connection from /127.0.0.1:63326 to /127.0.0.1:63327" [_thread_blocked, id=12184, stack(0x0000009bdd200000,0x0000009bdd300000)]
  0x000002761d0f2be0 JavaThread "Stdin handler" [_thread_blocked, id=5212, stack(0x0000009bdd300000,0x0000009bdd400000)]
  0x000002761d0f0090 JavaThread "Daemon client event forwarder" [_thread_blocked, id=2452, stack(0x0000009bdd400000,0x0000009bdd500000)]
  0x000002761d0f30b0 JavaThread "Cache worker for journal cache (C:\Users\gabri\.gradle\caches\journal-1)" [_thread_blocked, id=19820, stack(0x0000009bdd500000,0x0000009bdd600000)]
  0x000002761d0f0a30 JavaThread "File lock request listener" [_thread_in_native, id=20560, stack(0x0000009bdd600000,0x0000009bdd700000)]
  0x000002761d0f1d70 JavaThread "Cache worker for file hash cache (C:\Users\gabri\.gradle\caches\8.0\fileHashes)" [_thread_blocked, id=19016, stack(0x0000009bdd700000,0x0000009bdd800000)]
  0x000002761d0f0560 JavaThread "File watcher server" daemon [_thread_in_native, id=2612, stack(0x0000009bdd800000,0x0000009bdd900000)]
  0x000002761d0f3580 JavaThread "File watcher consumer" daemon [_thread_blocked, id=14992, stack(0x0000009bdd900000,0x0000009bdda00000)]
  0x000002761d0f2240 JavaThread "jar transforms" [_thread_blocked, id=20576, stack(0x0000009bdda00000,0x0000009bddb00000)]
  0x000002761d0f13d0 JavaThread "jar transforms Thread 2" [_thread_blocked, id=12780, stack(0x0000009bddb00000,0x0000009bddc00000)]
  0x000002761d0f2710 JavaThread "Cache worker for checksums cache (C:\Users\gabri\AndroidStudioProjects\Sprint_final3\.gradle\8.0\checksums)" [_thread_blocked, id=21984, stack(0x0000009bddd00000,0x0000009bdde00000)]
  0x000002761e9cc3e0 JavaThread "Cache worker for cache directory md-rule (C:\Users\gabri\.gradle\caches\8.0\md-rule)" [_thread_blocked, id=15280, stack(0x0000009bdde00000,0x0000009bddf00000)]
  0x000002761e9c5060 JavaThread "Cache worker for file content cache (C:\Users\gabri\.gradle\caches\8.0\fileContent)" [_thread_blocked, id=564, stack(0x0000009bddf00000,0x0000009bde000000)]
  0x000002761e9c76e0 JavaThread "Cache worker for file hash cache (C:\Users\gabri\AndroidStudioProjects\Sprint_final3\.gradle\8.0\fileHashes)" [_thread_blocked, id=22556, stack(0x0000009bde000000,0x0000009bde100000)]
  0x000002761e9c93c0 JavaThread "Cache worker for cache directory md-supplier (C:\Users\gabri\.gradle\caches\8.0\md-supplier)" [_thread_blocked, id=10652, stack(0x0000009bde100000,0x0000009bde200000)]
  0x000002761e9cbf10 JavaThread "Cache worker for execution history cache (C:\Users\gabri\.gradle\caches\8.0\executionHistory)" [_thread_blocked, id=16436, stack(0x0000009bde200000,0x0000009bde300000)]
  0x000002761e9cb0a0 JavaThread "Cache worker for dependencies-accessors (C:\Users\gabri\AndroidStudioProjects\Sprint_final3\.gradle\8.0\dependencies-accessors)" [_thread_blocked, id=13904, stack(0x0000009bde300000,0x0000009bde400000)]

Other Threads:
=>0x000002767e790ef0 VMThread "VM Thread" [stack: 0x0000009bdbd00000,0x0000009bdbe00000] [id=21444]
  0x000002767f1f19c0 WatcherThread [stack: 0x0000009bdc900000,0x0000009bdca00000] [id=8872]
  0x000002767cd5fd20 GCTaskThread "GC Thread#0" [stack: 0x0000009bdb800000,0x0000009bdb900000] [id=7148]
  0x000002767f38ef00 GCTaskThread "GC Thread#1" [stack: 0x0000009bdca00000,0x0000009bdcb00000] [id=19012]
  0x000002767cd70db0 ConcurrentGCThread "G1 Main Marker" [stack: 0x0000009bdb900000,0x0000009bdba00000] [id=13800]
  0x000002767cd72330 ConcurrentGCThread "G1 Conc#0" [stack: 0x0000009bdba00000,0x0000009bdbb00000] [id=20260]
  0x000002767cd9ebe0 ConcurrentGCThread "G1 Refine#0" [stack: 0x0000009bdbb00000,0x0000009bdbc00000] [id=21492]
  0x000002761ea482f0 ConcurrentGCThread "G1 Refine#1" [stack: 0x0000009bddc00000,0x0000009bddd00000] [id=15080]
  0x000002767e5e8730 ConcurrentGCThread "G1 Service" [stack: 0x0000009bdbc00000,0x0000009bdbd00000] [id=22472]

Threads with active compile tasks:

VM state: at safepoint (normal execution)

VM Mutex/Monitor currently owned by a thread:  ([mutex/lock_event])
[0x000002767ccf74e0] Threads_lock - owner thread: 0x000002767e790ef0
[0x000002767ccf6fd0] Heap_lock - owner thread: 0x000002767cd70db0

Heap address: 0x0000000700000000, size: 4096 MB, Compressed Oops mode: Zero based, Oop shift amount: 3

CDS archive(s) not mapped
Compressed class space mapped at: 0x0000000800000000-0x0000000840000000, reserved size: 1073741824
Narrow klass base: 0x0000000800000000, Narrow klass shift: 0, Narrow klass range: 0x40000000

GC Precious Log:
 CPUs: 2 total, 2 available
 Memory: 10116M
 Large Page Support: Disabled
 NUMA Support: Disabled
 Compressed Oops: Enabled (Zero based)
 Heap Region Size: 2M
 Heap Min Capacity: 8M
 Heap Initial Capacity: 160M
 Heap Max Capacity: 4G
 Pre-touch: Disabled
 Parallel Workers: 2
 Concurrent Workers: 1
 Concurrent Refinement Workers: 2
 Periodic GC: Disabled

Heap:
 garbage-first heap   total 163840K, used 104067K [0x0000000700000000, 0x0000000800000000)
  region size 2048K, 2 young (4096K), 1 survivors (2048K)
 Metaspace       used 50928K, committed 51392K, reserved 1097728K
  class space    used 6718K, committed 6912K, reserved 1048576K

Heap Regions: E=young(eden), S=young(survivor), O=old, HS=humongous(starts), HC=humongous(continues), CS=collection set, F=free, OA=open archive, CA=closed archive, TAMS=top-at-mark-start (previous, next)
|   0|0x0000000700000000, 0x0000000700200000, 0x0000000700200000|100%|HS|  |TAMS 0x0000000700200000, 0x0000000700000000| Complete 
|   1|0x0000000700200000, 0x0000000700400000, 0x0000000700400000|100%|HC|  |TAMS 0x0000000700400000, 0x0000000700200000| Complete 
|   2|0x0000000700400000, 0x0000000700600000, 0x0000000700600000|100%| O|  |TAMS 0x0000000700600000, 0x0000000700400000| Updating 
|   3|0x0000000700600000, 0x0000000700800000, 0x0000000700800000|100%| O|  |TAMS 0x0000000700800000, 0x0000000700600000| Untracked 
|   4|0x0000000700800000, 0x00000007008e6200, 0x0000000700a00000| 44%| O|  |TAMS 0x00000007008e6200, 0x0000000700800000| Updating 
|   5|0x0000000700a00000, 0x0000000700c00000, 0x0000000700c00000|100%| O|  |TAMS 0x0000000700c00000, 0x0000000700a00000| Untracked 
|   6|0x0000000700c00000, 0x0000000700e00000, 0x0000000700e00000|100%| O|  |TAMS 0x0000000700e00000, 0x0000000700c00000| Untracked 
|   7|0x0000000700e00000, 0x0000000701000000, 0x0000000701000000|100%| O|  |TAMS 0x0000000701000000, 0x0000000700e00000| Untracked 
|   8|0x0000000701000000, 0x0000000701200000, 0x0000000701200000|100%| O|  |TAMS 0x0000000701200000, 0x0000000701000000| Untracked 
|   9|0x0000000701200000, 0x0000000701400000, 0x0000000701400000|100%| O|  |TAMS 0x0000000701400000, 0x0000000701200000| Untracked 
|  10|0x0000000701400000, 0x0000000701600000, 0x0000000701600000|100%|HS|  |TAMS 0x0000000701600000, 0x0000000701400000| Complete 
|  11|0x0000000701600000, 0x0000000701800000, 0x0000000701800000|100%|HS|  |TAMS 0x0000000701800000, 0x0000000701600000| Complete 
|  12|0x0000000701800000, 0x0000000701a00000, 0x0000000701a00000|100%|HC|  |TAMS 0x0000000701a00000, 0x0000000701800000| Complete 
|  13|0x0000000701a00000, 0x0000000701c00000, 0x0000000701c00000|100%| O|  |TAMS 0x0000000701c00000, 0x0000000701a00000| Untracked 
|  14|0x0000000701c00000, 0x0000000701e00000, 0x0000000701e00000|100%| O|  |TAMS 0x0000000701e00000, 0x0000000701c00000| Untracked 
|  15|0x0000000701e00000, 0x0000000702000000, 0x0000000702000000|100%|HS|  |TAMS 0x0000000702000000, 0x0000000701e00000| Complete 
|  16|0x0000000702000000, 0x0000000702200000, 0x0000000702200000|100%|HC|  |TAMS 0x0000000702200000, 0x0000000702000000| Complete 
|  17|0x0000000702200000, 0x0000000702400000, 0x0000000702400000|100%|HS|  |TAMS 0x0000000702400000, 0x0000000702200000| Complete 
|  18|0x0000000702400000, 0x0000000702600000, 0x0000000702600000|100%| O|  |TAMS 0x0000000702600000, 0x0000000702400000| Updating 
|  19|0x0000000702600000, 0x0000000702800000, 0x0000000702800000|100%|HS|  |TAMS 0x0000000702800000, 0x0000000702600000| Complete 
|  20|0x0000000702800000, 0x0000000702a00000, 0x0000000702a00000|100%|HC|  |TAMS 0x0000000702a00000, 0x0000000702800000| Complete 
|  21|0x0000000702a00000, 0x0000000702c00000, 0x0000000702c00000|100%|HC|  |TAMS 0x0000000702c00000, 0x0000000702a00000| Complete 
|  22|0x0000000702c00000, 0x0000000702e00000, 0x0000000702e00000|100%|HC|  |TAMS 0x0000000702e00000, 0x0000000702c00000| Complete 
|  23|0x0000000702e00000, 0x0000000703000000, 0x0000000703000000|100%|HC|  |TAMS 0x0000000703000000, 0x0000000702e00000| Complete 
|  24|0x0000000703000000, 0x0000000703200000, 0x0000000703200000|100%|HS|  |TAMS 0x0000000703200000, 0x0000000703000000| Complete 
|  25|0x0000000703200000, 0x0000000703400000, 0x0000000703400000|100%|HS|  |TAMS 0x0000000703400000, 0x0000000703200000| Complete 
|  26|0x0000000703400000, 0x0000000703600000, 0x0000000703600000|100%|HC|  |TAMS 0x0000000703600000, 0x0000000703400000| Complete 
|  27|0x0000000703600000, 0x0000000703800000, 0x0000000703800000|100%|HC|  |TAMS 0x0000000703800000, 0x0000000703600000| Complete 
|  28|0x0000000703800000, 0x0000000703a00000, 0x0000000703a00000|100%| O|  |TAMS 0x0000000703a00000, 0x0000000703800000| Updating 
|  29|0x0000000703a00000, 0x0000000703c00000, 0x0000000703c00000|100%| O|  |TAMS 0x0000000703c00000, 0x0000000703a00000| Updating 
|  30|0x0000000703c00000, 0x0000000703e00000, 0x0000000703e00000|100%| O|  |TAMS 0x0000000703e00000, 0x0000000703c00000| Untracked 
|  31|0x0000000703e00000, 0x0000000704000000, 0x0000000704000000|100%| O|  |TAMS 0x0000000704000000, 0x0000000703e00000| Updating 
|  32|0x0000000704000000, 0x0000000704200000, 0x0000000704200000|100%|HS|  |TAMS 0x0000000704200000, 0x0000000704000000| Complete 
|  33|0x0000000704200000, 0x0000000704400000, 0x0000000704400000|100%|HC|  |TAMS 0x0000000704400000, 0x0000000704200000| Complete 
|  34|0x0000000704400000, 0x0000000704600000, 0x0000000704600000|100%|HC|  |TAMS 0x0000000704600000, 0x0000000704400000| Complete 
|  35|0x0000000704600000, 0x0000000704800000, 0x0000000704800000|100%|HC|  |TAMS 0x0000000704800000, 0x0000000704600000| Complete 
|  36|0x0000000704800000, 0x0000000704a00000, 0x0000000704a00000|100%|HC|  |TAMS 0x0000000704a00000, 0x0000000704800000| Complete 
|  37|0x0000000704a00000, 0x0000000704c00000, 0x0000000704c00000|100%|HC|  |TAMS 0x0000000704c00000, 0x0000000704a00000| Complete 
|  38|0x0000000704c00000, 0x0000000704e00000, 0x0000000704e00000|100%| O|  |TAMS 0x0000000704e00000, 0x0000000704c00000| Untracked 
|  39|0x0000000704e00000, 0x0000000705000000, 0x0000000705000000|100%|HS|  |TAMS 0x0000000705000000, 0x0000000704e00000| Complete 
|  40|0x0000000705000000, 0x0000000705200000, 0x0000000705200000|100%|HS|  |TAMS 0x0000000705200000, 0x0000000705000000| Complete 
|  41|0x0000000705200000, 0x0000000705400000, 0x0000000705400000|100%|HC|  |TAMS 0x0000000705400000, 0x0000000705200000| Complete 
|  42|0x0000000705400000, 0x0000000705600000, 0x0000000705600000|100%|HS|  |TAMS 0x0000000705600000, 0x0000000705400000| Complete 
|  43|0x0000000705600000, 0x0000000705800000, 0x0000000705800000|100%|HS|  |TAMS 0x0000000705800000, 0x0000000705600000| Complete 
|  44|0x0000000705800000, 0x0000000705a00000, 0x0000000705a00000|100%|HC|  |TAMS 0x0000000705a00000, 0x0000000705800000| Complete 
|  45|0x0000000705a00000, 0x0000000705c00000, 0x0000000705c00000|100%| O|  |TAMS 0x0000000705ad8200, 0x0000000705a00000| Untracked 
|  46|0x0000000705c00000, 0x0000000705e00000, 0x0000000705e00000|100%| O|  |TAMS 0x0000000705c00000, 0x0000000705c00000| Untracked 
|  47|0x0000000705e00000, 0x0000000705ebaa00, 0x0000000706000000| 36%| O|  |TAMS 0x0000000705e00000, 0x0000000705e00000| Updating 
|  48|0x0000000706000000, 0x0000000706200000, 0x0000000706200000|100%|HS|  |TAMS 0x0000000706000000, 0x0000000706000000| Complete 
|  49|0x0000000706200000, 0x0000000706400000, 0x0000000706400000|100%|HC|  |TAMS 0x0000000706200000, 0x0000000706200000| Complete 
|  50|0x0000000706400000, 0x0000000706600000, 0x0000000706600000|100%|HC|  |TAMS 0x0000000706400000, 0x0000000706400000| Complete 
|  51|0x0000000706600000, 0x0000000706600000, 0x0000000706800000|  0%| F|  |TAMS 0x0000000706600000, 0x0000000706600000| Untracked 
|  52|0x0000000706800000, 0x0000000706800000, 0x0000000706a00000|  0%| F|  |TAMS 0x0000000706800000, 0x0000000706800000| Untracked 
|  53|0x0000000706a00000, 0x0000000706a00000, 0x0000000706c00000|  0%| F|  |TAMS 0x0000000706a00000, 0x0000000706a00000| Untracked 
|  54|0x0000000706c00000, 0x0000000706c00000, 0x0000000706e00000|  0%| F|  |TAMS 0x0000000706c00000, 0x0000000706c00000| Untracked 
|  55|0x0000000706e00000, 0x0000000706e00000, 0x0000000707000000|  0%| F|  |TAMS 0x0000000706e00000, 0x0000000706e00000| Untracked 
|  56|0x0000000707000000, 0x0000000707000000, 0x0000000707200000|  0%| F|  |TAMS 0x0000000707000000, 0x0000000707000000| Untracked 
|  57|0x0000000707200000, 0x0000000707200000, 0x0000000707400000|  0%| F|  |TAMS 0x0000000707200000, 0x0000000707200000| Untracked 
|  58|0x0000000707400000, 0x0000000707400000, 0x0000000707600000|  0%| F|  |TAMS 0x0000000707400000, 0x0000000707400000| Untracked 
|  59|0x0000000707600000, 0x0000000707600000, 0x0000000707800000|  0%| F|  |TAMS 0x0000000707600000, 0x0000000707600000| Untracked 
|  60|0x0000000707800000, 0x0000000707800000, 0x0000000707a00000|  0%| F|  |TAMS 0x0000000707800000, 0x0000000707800000| Untracked 
|  61|0x0000000707a00000, 0x0000000707a00000, 0x0000000707c00000|  0%| F|  |TAMS 0x0000000707a00000, 0x0000000707a00000| Untracked 
|  62|0x0000000707c00000, 0x0000000707c00000, 0x0000000707e00000|  0%| F|  |TAMS 0x0000000707c00000, 0x0000000707c00000| Untracked 
|  63|0x0000000707e00000, 0x0000000707e00000, 0x0000000708000000|  0%| F|  |TAMS 0x0000000707e00000, 0x0000000707e00000| Untracked 
|  64|0x0000000708000000, 0x0000000708000000, 0x0000000708200000|  0%| F|  |TAMS 0x0000000708000000, 0x0000000708000000| Untracked 
|  65|0x0000000708200000, 0x0000000708200000, 0x0000000708400000|  0%| F|  |TAMS 0x0000000708200000, 0x0000000708200000| Untracked 
|  66|0x0000000708400000, 0x0000000708400000, 0x0000000708600000|  0%| F|  |TAMS 0x0000000708400000, 0x0000000708400000| Untracked 
|  67|0x0000000708600000, 0x0000000708600000, 0x0000000708800000|  0%| F|  |TAMS 0x0000000708600000, 0x0000000708600000| Untracked 
|  68|0x0000000708800000, 0x0000000708a00000, 0x0000000708a00000|100%| S|CS|TAMS 0x0000000708800000, 0x0000000708800000| Complete 
|  69|0x0000000708a00000, 0x0000000708a00000, 0x0000000708c00000|  0%| F|  |TAMS 0x0000000708a00000, 0x0000000708a00000| Untracked 
|  70|0x0000000708c00000, 0x0000000708c00000, 0x0000000708e00000|  0%| F|  |TAMS 0x0000000708c00000, 0x0000000708c00000| Untracked 
|  71|0x0000000708e00000, 0x0000000708e00000, 0x0000000709000000|  0%| F|  |TAMS 0x0000000708e00000, 0x0000000708e00000| Untracked 
|  72|0x0000000709000000, 0x0000000709000000, 0x0000000709200000|  0%| F|  |TAMS 0x0000000709000000, 0x0000000709000000| Untracked 
|  73|0x0000000709200000, 0x0000000709200000, 0x0000000709400000|  0%| F|  |TAMS 0x0000000709200000, 0x0000000709200000| Untracked 
|  74|0x0000000709400000, 0x0000000709400000, 0x0000000709600000|  0%| F|  |TAMS 0x0000000709400000, 0x0000000709400000| Untracked 
|  75|0x0000000709600000, 0x0000000709600000, 0x0000000709800000|  0%| F|  |TAMS 0x0000000709600000, 0x0000000709600000| Untracked 
|  76|0x0000000709800000, 0x0000000709800000, 0x0000000709a00000|  0%| F|  |TAMS 0x0000000709800000, 0x0000000709800000| Untracked 
|  77|0x0000000709a00000, 0x0000000709a00000, 0x0000000709c00000|  0%| F|  |TAMS 0x0000000709a00000, 0x0000000709a00000| Untracked 
|  78|0x0000000709c00000, 0x0000000709c00000, 0x0000000709e00000|  0%| F|  |TAMS 0x0000000709c00000, 0x0000000709c00000| Untracked 
|  79|0x0000000709e00000, 0x0000000709f00a60, 0x000000070a000000| 50%| E|  |TAMS 0x0000000709e00000, 0x0000000709e00000| Complete 

Card table byte_map: [0x000002767d5a0000,0x000002767dda0000] _byte_map_base: 0x0000027679da0000

Marking Bits (Prev, Next): (CMBitMap*) 0x000002767cd60370, (CMBitMap*) 0x000002767cd60330
 Prev Bits: [0x0000027616400000, 0x000002761a400000)
 Next Bits: [0x0000027612400000, 0x0000027616400000)

Polling page: 0x000002767c4a0000

Metaspace:

Usage:
  Non-class:     43.17 MB used.
      Class:      6.56 MB used.
       Both:     49.73 MB used.

Virtual space:
  Non-class space:       48.00 MB reserved,      43.44 MB ( 90%) committed,  6 nodes.
      Class space:        1.00 GB reserved,       6.75 MB ( <1%) committed,  1 nodes.
             Both:        1.05 GB reserved,      50.19 MB (  5%) committed. 

Chunk freelists:
   Non-Class:  556.00 KB
       Class:  1.06 MB
        Both:  1.61 MB

MaxMetaspaceSize: unlimited
CompressedClassSpaceSize: 1.00 GB
Initial GC threshold: 21.00 MB
Current GC threshold: 76.81 MB
CDS: off
MetaspaceReclaimPolicy: balanced
 - commit_granule_bytes: 65536.
 - commit_granule_words: 8192.
 - virtual_space_node_default_size: 1048576.
 - enlarge_chunks_in_place: 1.
 - new_chunks_are_fully_committed: 0.
 - uncommit_free_chunks: 1.
 - use_allocation_guard: 0.
 - handle_deallocations: 1.


Internal statistics:

num_allocs_failed_limit: 3.
num_arena_births: 488.
num_arena_deaths: 0.
num_vsnodes_births: 7.
num_vsnodes_deaths: 0.
num_space_committed: 803.
num_space_uncommitted: 0.
num_chunks_returned_to_freelist: 3.
num_chunks_taken_from_freelist: 2108.
num_chunk_merges: 3.
num_chunk_splits: 1355.
num_chunks_enlarged: 922.
num_purges: 0.
num_inconsistent_stats: 0.

CodeHeap 'non-profiled nmethods': size=120064Kb used=2300Kb max_used=2300Kb free=117763Kb
 bounds [0x000002760aec0000, 0x000002760b130000, 0x0000027612400000]
CodeHeap 'profiled nmethods': size=120000Kb used=9285Kb max_used=9285Kb free=110714Kb
 bounds [0x0000027603400000, 0x0000027603d20000, 0x000002760a930000]
CodeHeap 'non-nmethods': size=5696Kb used=2309Kb max_used=2352Kb free=3386Kb
 bounds [0x000002760a930000, 0x000002760aba0000, 0x000002760aec0000]
 total_blobs=5384 nmethods=4564 adapters=731
 compilation: enabled
              stopped_count=0, restarted_count=0
 full_count=0

Compilation events (20 events):
Event: 8.083 Thread 0x000002767f04f480 nmethod 4570 0x000002760b0f6490 code [0x000002760b0f6620, 0x000002760b0f66f8]
Event: 8.086 Thread 0x000002767f04c600 nmethod 4545 0x000002760b0f6790 code [0x000002760b0f6a40, 0x000002760b0fa070]
Event: 8.087 Thread 0x000002767f04c600 4561       4       java.util.Arrays::equals (57 bytes)
Event: 8.089 Thread 0x000002767f04c600 nmethod 4561 0x000002760b0fb910 code [0x000002760b0fbaa0, 0x000002760b0fbc38]
Event: 8.089 Thread 0x000002767f04c600 4554       4       org.objectweb.asm.SymbolTable::addConstantUtf8 (98 bytes)
Event: 8.091 Thread 0x000002767f04f480 4571   !   3       org.gradle.internal.dispatch.ReflectionDispatch::dispatch (42 bytes)
Event: 8.092 Thread 0x000002767f04f480 nmethod 4571 0x0000027603d0f890 code [0x0000027603d0fb40, 0x0000027603d10818]
Event: 8.097 Thread 0x000002767f04f480 4572       1       org.gradle.internal.operations.BuildOperationDescriptor::getParentId (5 bytes)
Event: 8.097 Thread 0x000002767f04f480 nmethod 4572 0x000002760b0fbd90 code [0x000002760b0fbf20, 0x000002760b0fbff8]
Event: 8.099 Thread 0x000002767f04f480 4573       3       java.lang.invoke.MethodHandles::identity (87 bytes)
Event: 8.099 Thread 0x000002767f04f480 nmethod 4573 0x0000027603d10e90 code [0x0000027603d11080, 0x0000027603d114d8]
Event: 8.100 Thread 0x000002767f04f480 4574       1       java.lang.reflect.AccessibleObject::isAccessible (5 bytes)
Event: 8.100 Thread 0x000002767f04f480 nmethod 4574 0x000002760b0fc090 code [0x000002760b0fc220, 0x000002760b0fc2f8]
Event: 8.129 Thread 0x000002767f04c600 nmethod 4554 0x000002760b0fc390 code [0x000002760b0fc5a0, 0x000002760b0fd870]
Event: 8.129 Thread 0x000002767f04c600 4548       4       java.util.LinkedHashMap$LinkedValueIterator::next (8 bytes)
Event: 8.131 Thread 0x000002767f04c600 nmethod 4548 0x000002760b0fe210 code [0x000002760b0fe380, 0x000002760b0fe618]
Event: 8.131 Thread 0x000002767f04c600 4547       4       java.lang.Integer::hashCode (8 bytes)
Event: 8.131 Thread 0x000002767f04c600 nmethod 4547 0x000002760b0fe710 code [0x000002760b0fe880, 0x000002760b0fe8f8]
Event: 8.131 Thread 0x000002767f04c600 4546       4       org.gradle.internal.reflect.MethodSet$MethodKey::hashCode (29 bytes)
Event: 8.136 Thread 0x000002767f04c600 nmethod 4546 0x000002760b0fea10 code [0x000002760b0feba0, 0x000002760b0fef98]

GC Heap History (20 events):
Event: 5.322 GC heap before
{Heap before GC invocations=14 (full 0):
 garbage-first heap   total 110592K, used 80010K [0x0000000700000000, 0x0000000800000000)
  region size 2048K, 13 young (26624K), 1 survivors (2048K)
 Metaspace       used 36734K, committed 37184K, reserved 1081344K
  class space    used 5095K, committed 5312K, reserved 1048576K
}
Event: 5.327 GC heap after
{Heap after GC invocations=15 (full 0):
 garbage-first heap   total 110592K, used 59340K [0x0000000700000000, 0x0000000800000000)
  region size 2048K, 2 young (4096K), 2 survivors (4096K)
 Metaspace       used 36734K, committed 37184K, reserved 1081344K
  class space    used 5095K, committed 5312K, reserved 1048576K
}
Event: 5.857 GC heap before
{Heap before GC invocations=15 (full 0):
 garbage-first heap   total 110592K, used 81868K [0x0000000700000000, 0x0000000800000000)
  region size 2048K, 14 young (28672K), 2 survivors (4096K)
 Metaspace       used 41863K, committed 42240K, reserved 1089536K
  class space    used 5576K, committed 5760K, reserved 1048576K
}
Event: 5.866 GC heap after
{Heap after GC invocations=16 (full 0):
 garbage-first heap   total 110592K, used 62832K [0x0000000700000000, 0x0000000800000000)
  region size 2048K, 2 young (4096K), 2 survivors (4096K)
 Metaspace       used 41863K, committed 42240K, reserved 1089536K
  class space    used 5576K, committed 5760K, reserved 1048576K
}
Event: 6.061 GC heap before
{Heap before GC invocations=17 (full 0):
 garbage-first heap   total 112640K, used 75120K [0x0000000700000000, 0x0000000800000000)
  region size 2048K, 10 young (20480K), 2 survivors (4096K)
 Metaspace       used 42295K, committed 42752K, reserved 1089536K
  class space    used 5621K, committed 5824K, reserved 1048576K
}
Event: 6.069 GC heap after
{Heap after GC invocations=18 (full 0):
 garbage-first heap   total 112640K, used 65641K [0x0000000700000000, 0x0000000800000000)
  region size 2048K, 2 young (4096K), 2 survivors (4096K)
 Metaspace       used 42295K, committed 42752K, reserved 1089536K
  class space    used 5621K, committed 5824K, reserved 1048576K
}
Event: 6.565 GC heap before
{Heap before GC invocations=19 (full 0):
 garbage-first heap   total 122880K, used 86121K [0x0000000700000000, 0x0000000800000000)
  region size 2048K, 12 young (24576K), 2 survivors (4096K)
 Metaspace       used 45745K, committed 46208K, reserved 1089536K
  class space    used 6039K, committed 6272K, reserved 1048576K
}
Event: 6.572 GC heap after
{Heap after GC invocations=20 (full 0):
 garbage-first heap   total 122880K, used 66734K [0x0000000700000000, 0x0000000800000000)
  region size 2048K, 1 young (2048K), 1 survivors (2048K)
 Metaspace       used 45745K, committed 46208K, reserved 1089536K
  class space    used 6039K, committed 6272K, reserved 1048576K
}
Event: 6.863 GC heap before
{Heap before GC invocations=20 (full 0):
 garbage-first heap   total 122880K, used 76974K [0x0000000700000000, 0x0000000800000000)
  region size 2048K, 7 young (14336K), 1 survivors (2048K)
 Metaspace       used 46730K, committed 47168K, reserved 1097728K
  class space    used 6191K, committed 6400K, reserved 1048576K
}
Event: 6.873 GC heap after
{Heap after GC invocations=21 (full 0):
 garbage-first heap   total 122880K, used 67934K [0x0000000700000000, 0x0000000800000000)
  region size 2048K, 2 young (4096K), 2 survivors (4096K)
 Metaspace       used 46730K, committed 47168K, reserved 1097728K
  class space    used 6191K, committed 6400K, reserved 1048576K
}
Event: 6.961 GC heap before
{Heap before GC invocations=22 (full 0):
 garbage-first heap   total 122880K, used 79591K [0x0000000700000000, 0x0000000800000000)
  region size 2048K, 3 young (6144K), 2 survivors (4096K)
 Metaspace       used 46730K, committed 47168K, reserved 1097728K
  class space    used 6191K, committed 6400K, reserved 1048576K
}
Event: 6.966 GC heap after
{Heap after GC invocations=23 (full 0):
 garbage-first heap   total 122880K, used 79771K [0x0000000700000000, 0x0000000800000000)
  region size 2048K, 1 young (2048K), 1 survivors (2048K)
 Metaspace       used 46730K, committed 47168K, reserved 1097728K
  class space    used 6191K, committed 6400K, reserved 1048576K
}
Event: 7.042 GC heap before
{Heap before GC invocations=24 (full 0):
 garbage-first heap   total 141312K, used 81819K [0x0000000700000000, 0x0000000800000000)
  region size 2048K, 2 young (4096K), 1 survivors (2048K)
 Metaspace       used 46731K, committed 47168K, reserved 1097728K
  class space    used 6191K, committed 6400K, reserved 1048576K
}
Event: 7.046 GC heap after
{Heap after GC invocations=25 (full 0):
 garbage-first heap   total 141312K, used 81974K [0x0000000700000000, 0x0000000800000000)
  region size 2048K, 1 young (2048K), 1 survivors (2048K)
 Metaspace       used 46731K, committed 47168K, reserved 1097728K
  class space    used 6191K, committed 6400K, reserved 1048576K
}
Event: 7.132 GC heap before
{Heap before GC invocations=26 (full 0):
 garbage-first heap   total 147456K, used 88118K [0x0000000700000000, 0x0000000800000000)
  region size 2048K, 2 young (4096K), 1 survivors (2048K)
 Metaspace       used 46731K, committed 47168K, reserved 1097728K
  class space    used 6191K, committed 6400K, reserved 1048576K
}
Event: 7.135 GC heap after
{Heap after GC invocations=27 (full 0):
 garbage-first heap   total 147456K, used 88682K [0x0000000700000000, 0x0000000800000000)
  region size 2048K, 2 young (4096K), 2 survivors (4096K)
 Metaspace       used 46731K, committed 47168K, reserved 1097728K
  class space    used 6191K, committed 6400K, reserved 1048576K
}
Event: 7.748 GC heap before
{Heap before GC invocations=28 (full 0):
 garbage-first heap   total 163840K, used 117354K [0x0000000700000000, 0x0000000800000000)
  region size 2048K, 15 young (30720K), 2 survivors (4096K)
 Metaspace       used 49287K, committed 49792K, reserved 1097728K
  class space    used 6428K, committed 6656K, reserved 1048576K
}
Event: 7.761 GC heap after
{Heap after GC invocations=29 (full 0):
 garbage-first heap   total 163840K, used 95865K [0x0000000700000000, 0x0000000800000000)
  region size 2048K, 2 young (4096K), 2 survivors (4096K)
 Metaspace       used 49287K, committed 49792K, reserved 1097728K
  class space    used 6428K, committed 6656K, reserved 1048576K
}
Event: 8.101 GC heap before
{Heap before GC invocations=29 (full 0):
 garbage-first heap   total 163840K, used 116345K [0x0000000700000000, 0x0000000800000000)
  region size 2048K, 13 young (26624K), 2 survivors (4096K)
 Metaspace       used 50926K, committed 51392K, reserved 1097728K
  class space    used 6718K, committed 6912K, reserved 1048576K
}
Event: 8.111 GC heap after
{Heap after GC invocations=30 (full 0):
 garbage-first heap   total 163840K, used 97923K [0x0000000700000000, 0x0000000800000000)
  region size 2048K, 1 young (2048K), 1 survivors (2048K)
 Metaspace       used 50926K, committed 51392K, reserved 1097728K
  class space    used 6718K, committed 6912K, reserved 1048576K
}

Dll operation events (2 events):
Event: 0.008 Loaded shared library C:\Program Files\Android\Android Studio\jbr\bin\java.dll
Event: 0.538 Loaded shared library C:\Program Files\Android\Android Studio\jbr\bin\verify.dll

Deoptimization events (20 events):
Event: 7.630 Thread 0x000002761d03b990 DEOPT PACKING pc=0x000002760afac8b8 sp=0x0000009bdd1f7ae0
Event: 7.630 Thread 0x000002761d03b990 DEOPT UNPACKING pc=0x000002760a9869a3 sp=0x0000009bdd1f7a08 mode 2
Event: 7.957 Thread 0x000002761d03b990 Uncommon trap: trap_request=0xffffffbe fr.pc=0x000002760b0ec924 relative=0x0000000000000764
Event: 7.957 Thread 0x000002761d03b990 Uncommon trap: reason=profile_predicate action=maybe_recompile pc=0x000002760b0ec924 method=java.lang.PublicMethods$MethodList.filter([Ljava/lang/reflect/Method;Ljava/lang/String;[Ljava/lang/Class;Z)Ljava/lang/PublicMethods$MethodList; @ 21 c2
Event: 7.957 Thread 0x000002761d03b990 DEOPT PACKING pc=0x000002760b0ec924 sp=0x0000009bdd1fb840
Event: 7.957 Thread 0x000002761d03b990 DEOPT UNPACKING pc=0x000002760a9869a3 sp=0x0000009bdd1fb7f8 mode 2
Event: 7.957 Thread 0x000002761d03b990 Uncommon trap: trap_request=0xffffffbe fr.pc=0x000002760b0ec924 relative=0x0000000000000764
Event: 7.957 Thread 0x000002761d03b990 Uncommon trap: reason=profile_predicate action=maybe_recompile pc=0x000002760b0ec924 method=java.lang.PublicMethods$MethodList.filter([Ljava/lang/reflect/Method;Ljava/lang/String;[Ljava/lang/Class;Z)Ljava/lang/PublicMethods$MethodList; @ 21 c2
Event: 7.957 Thread 0x000002761d03b990 DEOPT PACKING pc=0x000002760b0ec924 sp=0x0000009bdd1fb840
Event: 7.957 Thread 0x000002761d03b990 DEOPT UNPACKING pc=0x000002760a9869a3 sp=0x0000009bdd1fb7f8 mode 2
Event: 7.957 Thread 0x000002761d03b990 Uncommon trap: trap_request=0xffffffbe fr.pc=0x000002760b0ec924 relative=0x0000000000000764
Event: 7.957 Thread 0x000002761d03b990 Uncommon trap: reason=profile_predicate action=maybe_recompile pc=0x000002760b0ec924 method=java.lang.PublicMethods$MethodList.filter([Ljava/lang/reflect/Method;Ljava/lang/String;[Ljava/lang/Class;Z)Ljava/lang/PublicMethods$MethodList; @ 21 c2
Event: 7.957 Thread 0x000002761d03b990 DEOPT PACKING pc=0x000002760b0ec924 sp=0x0000009bdd1fb840
Event: 7.957 Thread 0x000002761d03b990 DEOPT UNPACKING pc=0x000002760a9869a3 sp=0x0000009bdd1fb7f8 mode 2
Event: 7.957 Thread 0x000002761d03b990 Uncommon trap: trap_request=0xffffffbe fr.pc=0x000002760b0ec924 relative=0x0000000000000764
Event: 7.957 Thread 0x000002761d03b990 Uncommon trap: reason=profile_predicate action=maybe_recompile pc=0x000002760b0ec924 method=java.lang.PublicMethods$MethodList.filter([Ljava/lang/reflect/Method;Ljava/lang/String;[Ljava/lang/Class;Z)Ljava/lang/PublicMethods$MethodList; @ 21 c2
Event: 7.957 Thread 0x000002761d03b990 DEOPT PACKING pc=0x000002760b0ec924 sp=0x0000009bdd1fb840
Event: 7.957 Thread 0x000002761d03b990 DEOPT UNPACKING pc=0x000002760a9869a3 sp=0x0000009bdd1fb7f8 mode 2
Event: 8.150 Thread 0x000002761d03b990 DEOPT PACKING pc=0x0000027603c2d22d sp=0x0000009bdd1f5500
Event: 8.150 Thread 0x000002761d03b990 DEOPT UNPACKING pc=0x000002760a987143 sp=0x0000009bdd1f4a90 mode 0

Classes unloaded (0 events):
No events

Classes redefined (0 events):
No events

Internal exceptions (20 events):
Event: 7.879 Thread 0x000002761d03b990 Exception <a 'java/lang/ClassNotFoundException'{0x00000007097ba3f0}: org/gradle/internal/management/DefaultDependencyResolutionManagementCustomizer> (0x00000007097ba3f0) 
thrown [s\src\hotspot\share\classfile\systemDictionary.cpp, line 256]
Event: 7.880 Thread 0x000002761d03b990 Exception <a 'java/lang/ClassNotFoundException'{0x00000007097e1f28}: org/gradle/internal/management/DefaultDependencyResolutionManagement_DecoratedCustomizer> (0x00000007097e1f28) 
thrown [s\src\hotspot\share\classfile\systemDictionary.cpp, line 256]
Event: 7.884 Thread 0x000002761d03b990 Exception <a 'java/lang/ClassNotFoundException'{0x000000070942c180}: org/gradle/api/initialization/resolve/RepositoriesModeBeanInfo> (0x000000070942c180) 
thrown [s\src\hotspot\share\classfile\systemDictionary.cpp, line 256]
Event: 7.884 Thread 0x000002761d03b990 Exception <a 'java/lang/ClassNotFoundException'{0x0000000709431a68}: java/lang/EnumBeanInfo> (0x0000000709431a68) 
thrown [s\src\hotspot\share\classfile\systemDictionary.cpp, line 256]
Event: 7.884 Thread 0x000002761d03b990 Exception <a 'java/lang/ClassNotFoundException'{0x0000000709437370}: java/lang/EnumCustomizer> (0x0000000709437370) 
thrown [s\src\hotspot\share\classfile\systemDictionary.cpp, line 256]
Event: 7.886 Thread 0x000002761d03b990 Exception <a 'java/lang/ClassNotFoundException'{0x0000000709451720}: org/gradle/api/initialization/resolve/RepositoriesModeCustomizer> (0x0000000709451720) 
thrown [s\src\hotspot\share\classfile\systemDictionary.cpp, line 256]
Event: 7.891 Thread 0x000002761d03b990 Exception <a 'java/lang/ClassNotFoundException'{0x00000007094b8050}: org/gradle/api/internal/provider/DefaultPropertyBeanInfo> (0x00000007094b8050) 
thrown [s\src\hotspot\share\classfile\systemDictionary.cpp, line 256]
Event: 7.891 Thread 0x000002761d03b990 Exception <a 'java/lang/ClassNotFoundException'{0x00000007094c9f38}: org/gradle/api/internal/provider/AbstractPropertyBeanInfo> (0x00000007094c9f38) 
thrown [s\src\hotspot\share\classfile\systemDictionary.cpp, line 256]
Event: 7.892 Thread 0x000002761d03b990 Exception <a 'java/lang/ClassNotFoundException'{0x00000007094dbf00}: org/gradle/api/internal/provider/AbstractMinimalProviderBeanInfo> (0x00000007094dbf00) 
thrown [s\src\hotspot\share\classfile\systemDictionary.cpp, line 256]
Event: 7.892 Thread 0x000002761d03b990 Exception <a 'java/lang/ClassNotFoundException'{0x00000007094edef8}: org/gradle/api/internal/provider/AbstractMinimalProviderCustomizer> (0x00000007094edef8) 
thrown [s\src\hotspot\share\classfile\systemDictionary.cpp, line 256]
Event: 7.895 Thread 0x000002761d03b990 Exception <a 'java/lang/ClassNotFoundException'{0x0000000709519288}: org/gradle/api/internal/provider/AbstractPropertyCustomizer> (0x0000000709519288) 
thrown [s\src\hotspot\share\classfile\systemDictionary.cpp, line 256]
Event: 7.897 Thread 0x000002761d03b990 Exception <a 'java/lang/ClassNotFoundException'{0x0000000709537c90}: org/gradle/api/internal/provider/DefaultPropertyCustomizer> (0x0000000709537c90) 
thrown [s\src\hotspot\share\classfile\systemDictionary.cpp, line 256]
Event: 7.906 Thread 0x000002761d03b990 Exception <a 'java/lang/ClassNotFoundException'{0x00000007095854d0}: org/gradle/initialization/DefaultProjectDescriptorBeanInfo> (0x00000007095854d0) 
thrown [s\src\hotspot\share\classfile\systemDictionary.cpp, line 256]
Event: 7.906 Thread 0x000002761d03b990 Exception <a 'java/lang/ClassNotFoundException'{0x0000000709595680}: org/gradle/initialization/DefaultProjectDescriptorCustomizer> (0x0000000709595680) 
thrown [s\src\hotspot\share\classfile\systemDictionary.cpp, line 256]
Event: 7.975 Thread 0x000002761d03b990 Exception <a 'java/lang/ClassNotFoundException'{0x00000007090a93b8}: org/jetbrains/plugins/gradle/model/web/WebConfigurationBeanInfo> (0x00000007090a93b8) 
thrown [s\src\hotspot\share\classfile\systemDictionary.cpp, line 256]
Event: 7.976 Thread 0x000002761d03b990 Exception <a 'java/lang/ClassNotFoundException'{0x00000007090b16f8}: org/jetbrains/plugins/gradle/model/web/WebConfigurationCustomizer> (0x00000007090b16f8) 
thrown [s\src\hotspot\share\classfile\systemDictionary.cpp, line 256]
Event: 7.978 Thread 0x000002761d03b990 Exception <a 'java/lang/ClassNotFoundException'{0x00000007090cfbc8}: org/jetbrains/plugins/gradle/model/scala/ScalaModelBeanInfo> (0x00000007090cfbc8) 
thrown [s\src\hotspot\share\classfile\systemDictionary.cpp, line 256]
Event: 7.978 Thread 0x000002761d03b990 Exception <a 'java/lang/ClassNotFoundException'{0x00000007090d7e88}: org/jetbrains/plugins/gradle/model/scala/ScalaModelCustomizer> (0x00000007090d7e88) 
thrown [s\src\hotspot\share\classfile\systemDictionary.cpp, line 256]
Event: 7.981 Thread 0x000002761d03b990 Exception <a 'java/lang/ClassNotFoundException'{0x0000000709108ec0}: org/jetbrains/plugins/gradle/model/DependencyAccessorsModelBeanInfo> (0x0000000709108ec0) 
thrown [s\src\hotspot\share\classfile\systemDictionary.cpp, line 256]
Event: 7.981 Thread 0x000002761d03b990 Exception <a 'java/lang/ClassNotFoundException'{0x0000000709111228}: org/jetbrains/plugins/gradle/model/DependencyAccessorsModelCustomizer> (0x0000000709111228) 
thrown [s\src\hotspot\share\classfile\systemDictionary.cpp, line 256]

VM Operations (20 events):
Event: 7.046 Executing VM operation: G1TryInitiateConcMark done
Event: 7.082 Executing VM operation: G1Concurrent
Event: 7.109 Executing VM operation: G1Concurrent done
Event: 7.126 Executing VM operation: G1Concurrent
Event: 7.126 Executing VM operation: G1Concurrent done
Event: 7.132 Executing VM operation: G1TryInitiateConcMark
Event: 7.135 Executing VM operation: G1TryInitiateConcMark done
Event: 7.174 Executing VM operation: G1Concurrent
Event: 7.178 Executing VM operation: G1Concurrent done
Event: 7.195 Executing VM operation: G1Concurrent
Event: 7.195 Executing VM operation: G1Concurrent done
Event: 7.237 Executing VM operation: HandshakeAllThreads
Event: 7.237 Executing VM operation: HandshakeAllThreads done
Event: 7.747 Executing VM operation: G1CollectForAllocation
Event: 7.761 Executing VM operation: G1CollectForAllocation done
Event: 8.047 Executing VM operation: HandshakeAllThreads
Event: 8.047 Executing VM operation: HandshakeAllThreads done
Event: 8.101 Executing VM operation: G1TryInitiateConcMark
Event: 8.111 Executing VM operation: G1TryInitiateConcMark done
Event: 8.156 Executing VM operation: G1Concurrent

Events (20 events):
Event: 7.884 loading class java/lang/EnumBeanInfo done
Event: 7.884 loading class java/lang/EnumBeanInfo
Event: 7.884 loading class java/lang/EnumBeanInfo done
Event: 7.884 loading class java/lang/EnumCustomizer
Event: 7.884 loading class java/lang/EnumCustomizer done
Event: 7.884 loading class java/lang/EnumCustomizer
Event: 7.884 loading class java/lang/EnumCustomizer done
Event: 7.911 loading class jdk/internal/math/FDBigInteger
Event: 7.911 loading class jdk/internal/math/FDBigInteger done
Event: 7.924 loading class java/util/zip/GZIPOutputStream
Event: 7.924 loading class java/util/zip/GZIPOutputStream done
Event: 7.924 loading class java/util/zip/GZIPInputStream
Event: 7.925 loading class java/util/zip/GZIPInputStream done
Event: 7.929 loading class java/lang/ThreadLocal$SuppliedThreadLocal
Event: 7.929 loading class java/lang/ThreadLocal$SuppliedThreadLocal done
Event: 7.985 Thread 0x000002761e9cb0a0 Thread added: 0x000002761e9cb0a0
Event: 8.029 loading class java/nio/file/AtomicMoveNotSupportedException
Event: 8.029 loading class java/nio/file/AtomicMoveNotSupportedException done
Event: 8.046 loading class java/io/FileWriter
Event: 8.046 loading class java/io/FileWriter done


Dynamic libraries:
0x00007ff7338a0000 - 0x00007ff7338aa000 	C:\Program Files\Android\Android Studio\jbr\bin\java.exe
0x00007ffcfe3b0000 - 0x00007ffcfe5a8000 	C:\WINDOWS\SYSTEM32\ntdll.dll
0x00007ffcfd9a0000 - 0x00007ffcfda5f000 	C:\WINDOWS\System32\KERNEL32.DLL
0x00007ffcfbd50000 - 0x00007ffcfc046000 	C:\WINDOWS\System32\KERNELBASE.dll
0x0000000050480000 - 0x00000000507b1000 	C:\Program Files\Norton Security\NortonData\22.23.3.8\Definitions\IPSDefs\20230605.061\IPSEng64.dll
0x00007ffcfd5c0000 - 0x00007ffcfd66f000 	C:\WINDOWS\System32\ADVAPI32.dll
0x00007ffcfd800000 - 0x00007ffcfd89e000 	C:\WINDOWS\System32\msvcrt.dll
0x00007ffcfc530000 - 0x00007ffcfc5cc000 	C:\WINDOWS\System32\sechost.dll
0x00007ffcfe240000 - 0x00007ffcfe366000 	C:\WINDOWS\System32\RPCRT4.dll
0x00007ffcfd400000 - 0x00007ffcfd408000 	C:\WINDOWS\System32\PSAPI.DLL
0x00007ffcfbc50000 - 0x00007ffcfbd50000 	C:\WINDOWS\System32\ucrtbase.dll
0x00007ffcf4450000 - 0x00007ffcf4467000 	C:\Program Files\Android\Android Studio\jbr\bin\jli.dll
0x00007ffcf1280000 - 0x00007ffcf129b000 	C:\Program Files\Android\Android Studio\jbr\bin\VCRUNTIME140.dll
0x00007ffcfcb10000 - 0x00007ffcfccad000 	C:\WINDOWS\System32\USER32.dll
0x00007ffcfc370000 - 0x00007ffcfc392000 	C:\WINDOWS\System32\win32u.dll
0x00007ffcfd580000 - 0x00007ffcfd5ac000 	C:\WINDOWS\System32\GDI32.dll
0x00007ffce16e0000 - 0x00007ffce197a000 	C:\WINDOWS\WinSxS\amd64_microsoft.windows.common-controls_6595b64144ccf1df_6.0.19041.1110_none_60b5254171f9507e\COMCTL32.dll
0x00007ffcfba90000 - 0x00007ffcfbba5000 	C:\WINDOWS\System32\gdi32full.dll
0x00007ffcfbbb0000 - 0x00007ffcfbc4d000 	C:\WINDOWS\System32\msvcp_win.dll
0x00007ffcfd410000 - 0x00007ffcfd440000 	C:\WINDOWS\System32\IMM32.DLL
0x00007ffcf49d0000 - 0x00007ffcf49dc000 	C:\Program Files\Android\Android Studio\jbr\bin\vcruntime140_1.dll
0x00007ffccaf50000 - 0x00007ffccafdd000 	C:\Program Files\Android\Android Studio\jbr\bin\msvcp140.dll
0x00007ffcb7d10000 - 0x00007ffcb897d000 	C:\Program Files\Android\Android Studio\jbr\bin\server\jvm.dll
0x00007ffcf3440000 - 0x00007ffcf3467000 	C:\WINDOWS\SYSTEM32\WINMM.dll
0x00007ffcf5440000 - 0x00007ffcf5449000 	C:\WINDOWS\SYSTEM32\WSOCK32.dll
0x00007ffcfde50000 - 0x00007ffcfdebb000 	C:\WINDOWS\System32\WS2_32.dll
0x00007ffcf3470000 - 0x00007ffcf347a000 	C:\WINDOWS\SYSTEM32\VERSION.dll
0x00007ffcfa330000 - 0x00007ffcfa342000 	C:\WINDOWS\SYSTEM32\kernel.appcore.dll
0x00007ffcf8ec0000 - 0x00007ffcf8eca000 	C:\Program Files\Android\Android Studio\jbr\bin\jimage.dll
0x00007ffcfa0d0000 - 0x00007ffcfa2b4000 	C:\WINDOWS\SYSTEM32\DBGHELP.DLL
0x00007ffcef8d0000 - 0x00007ffcef904000 	C:\WINDOWS\SYSTEM32\dbgcore.DLL
0x00007ffcfc230000 - 0x00007ffcfc2b2000 	C:\WINDOWS\System32\bcryptPrimitives.dll
0x00007ffcf4610000 - 0x00007ffcf4635000 	C:\Program Files\Android\Android Studio\jbr\bin\java.dll
0x00007ffcf5dd0000 - 0x00007ffcf5de8000 	C:\Program Files\Android\Android Studio\jbr\bin\zip.dll
0x00007ffcfccb0000 - 0x00007ffcfd3f4000 	C:\WINDOWS\System32\SHELL32.dll
0x00007ffcf97f0000 - 0x00007ffcf9f83000 	C:\WINDOWS\SYSTEM32\windows.storage.dll
0x00007ffcfda60000 - 0x00007ffcfddb4000 	C:\WINDOWS\System32\combase.dll
0x00007ffcfb410000 - 0x00007ffcfb43e000 	C:\WINDOWS\SYSTEM32\Wldp.dll
0x00007ffcfd670000 - 0x00007ffcfd71d000 	C:\WINDOWS\System32\SHCORE.dll
0x00007ffcfdf80000 - 0x00007ffcfdfd5000 	C:\WINDOWS\System32\shlwapi.dll
0x00007ffcfb9d0000 - 0x00007ffcfb9ef000 	C:\WINDOWS\SYSTEM32\profapi.dll
0x00007ffcf5000000 - 0x00007ffcf5019000 	C:\Program Files\Android\Android Studio\jbr\bin\net.dll
0x00007ffcefd70000 - 0x00007ffcefe7a000 	C:\WINDOWS\SYSTEM32\WINHTTP.dll
0x00007ffcfb170000 - 0x00007ffcfb1da000 	C:\WINDOWS\system32\mswsock.dll
0x00007ffcf47d0000 - 0x00007ffcf47e6000 	C:\Program Files\Android\Android Studio\jbr\bin\nio.dll
0x00007ffcf55b0000 - 0x00007ffcf55c0000 	C:\Program Files\Android\Android Studio\jbr\bin\verify.dll
0x00007ffcf3930000 - 0x00007ffcf3957000 	C:\Users\gabri\.gradle\native\68d5fa5c4cc2d200863cafc0d521ce42e7d3e7ee720ec0a83991735586a16f82\windows-amd64\native-platform.dll
0x00007ffcc4de0000 - 0x00007ffcc4f24000 	C:\Users\gabri\.gradle\native\e376f236ea51e6404a007f0833ffe2c6e607c4080706a723a18a27aeea778392\windows-amd64\native-platform-file-events.dll
0x00007ffcf83c0000 - 0x00007ffcf83c9000 	C:\Program Files\Android\Android Studio\jbr\bin\management.dll
0x00007ffcf5e30000 - 0x00007ffcf5e3b000 	C:\Program Files\Android\Android Studio\jbr\bin\management_ext.dll
0x00007ffcfb360000 - 0x00007ffcfb378000 	C:\WINDOWS\SYSTEM32\CRYPTSP.dll
0x00007ffcfaa90000 - 0x00007ffcfaac4000 	C:\WINDOWS\system32\rsaenh.dll
0x00007ffcfc200000 - 0x00007ffcfc227000 	C:\WINDOWS\System32\bcrypt.dll
0x00007ffcfb950000 - 0x00007ffcfb97e000 	C:\WINDOWS\SYSTEM32\USERENV.dll
0x00007ffcfb380000 - 0x00007ffcfb38c000 	C:\WINDOWS\SYSTEM32\CRYPTBASE.dll
0x00007ffcfae60000 - 0x00007ffcfae9c000 	C:\WINDOWS\SYSTEM32\IPHLPAPI.DLL
0x00007ffcfd5b0000 - 0x00007ffcfd5b8000 	C:\WINDOWS\System32\NSI.dll
0x00007ffcef540000 - 0x00007ffcef557000 	C:\WINDOWS\SYSTEM32\dhcpcsvc6.DLL
0x00007ffcefc60000 - 0x00007ffcefc7d000 	C:\WINDOWS\SYSTEM32\dhcpcsvc.DLL
0x00007ffcfaea0000 - 0x00007ffcfaf6b000 	C:\WINDOWS\SYSTEM32\DNSAPI.dll
0x00007ffcf5250000 - 0x00007ffcf5257000 	C:\WINDOWS\system32\wshunix.dll

dbghelp: loaded successfully - version: 4.0.5 - missing functions: none
symbol engine: initialized successfully - sym options: 0x614 - pdb path: .;C:\Program Files\Android\Android Studio\jbr\bin;C:\WINDOWS\SYSTEM32;C:\Program Files\Norton Security\NortonData\22.23.3.8\Definitions\IPSDefs\20230605.061;C:\WINDOWS\WinSxS\amd64_microsoft.windows.common-controls_6595b64144ccf1df_6.0.19041.1110_none_60b5254171f9507e;C:\Program Files\Android\Android Studio\jbr\bin\server;C:\Users\gabri\.gradle\native\68d5fa5c4cc2d200863cafc0d521ce42e7d3e7ee720ec0a83991735586a16f82\windows-amd64;C:\Users\gabri\.gradle\native\e376f236ea51e6404a007f0833ffe2c6e607c4080706a723a18a27aeea778392\windows-amd64

VM Arguments:
jvm_args: --add-opens=java.base/java.util=ALL-UNNAMED --add-opens=java.base/java.lang=ALL-UNNAMED --add-opens=java.base/java.lang.invoke=ALL-UNNAMED --add-opens=java.prefs/java.util.prefs=ALL-UNNAMED --add-opens=java.base/java.nio.charset=ALL-UNNAMED --add-opens=java.base/java.net=ALL-UNNAMED --add-opens=java.base/java.util.concurrent.atomic=ALL-UNNAMED -Xmx4096m -Dfile.encoding=UTF-8 -Duser.country=CL -Duser.language=es -Duser.variant 
java_command: org.gradle.launcher.daemon.bootstrap.GradleDaemon 8.0
java_class_path (initial): C:\Users\gabri\.gradle\wrapper\dists\gradle-8.0-bin\ca5e32bp14vu59qr306oxotwh\gradle-8.0\lib\gradle-launcher-8.0.jar
Launcher Type: SUN_STANDARD

[Global flags]
     intx CICompilerCount                          = 2                                         {product} {ergonomic}
     uint ConcGCThreads                            = 1                                         {product} {ergonomic}
     uint G1ConcRefinementThreads                  = 2                                         {product} {ergonomic}
   size_t G1HeapRegionSize                         = 2097152                                   {product} {ergonomic}
    uintx GCDrainStackTargetSize                   = 64                                        {product} {ergonomic}
   size_t InitialHeapSize                          = 167772160                                 {product} {ergonomic}
   size_t MarkStackSize                            = 4194304                                   {product} {ergonomic}
   size_t MaxHeapSize                              = 4294967296                                {product} {command line}
   size_t MaxNewSize                               = 2575302656                                {product} {ergonomic}
   size_t MinHeapDeltaBytes                        = 2097152                                   {product} {ergonomic}
   size_t MinHeapSize                              = 8388608                                   {product} {ergonomic}
    uintx NonNMethodCodeHeapSize                   = 5826188                                {pd product} {ergonomic}
    uintx NonProfiledCodeHeapSize                  = 122916026                              {pd product} {ergonomic}
    uintx ProfiledCodeHeapSize                     = 122916026                              {pd product} {ergonomic}
    uintx ReservedCodeCacheSize                    = 251658240                              {pd product} {ergonomic}
     bool SegmentedCodeCache                       = true                                      {product} {ergonomic}
   size_t SoftMaxHeapSize                          = 4294967296                             {manageable} {ergonomic}
     bool UseCompressedClassPointers               = true                           {product lp64_product} {ergonomic}
     bool UseCompressedOops                        = true                           {product lp64_product} {ergonomic}
     bool UseG1GC                                  = true                                      {product} {ergonomic}
     bool UseLargePagesIndividualAllocation        = false                                  {pd product} {ergonomic}

Logging:
Log output configuration:
 #0: stdout all=warning uptime,level,tags
 #1: stderr all=off uptime,level,tags

Environment Variables:
PATH=C:\WINDOWS\system32;C:\WINDOWS;C:\WINDOWS\System32\Wbem;C:\WINDOWS\System32\WindowsPowerShell\v1.0\;C:\WINDOWS\System32\OpenSSH\;C:\Program Files\Git\cmd;C:\Users\gabri\AppData\Local\Microsoft\WindowsApps;
USERNAME=gabri
OS=Windows_NT
PROCESSOR_IDENTIFIER=AMD64 Family 23 Model 24 Stepping 1, AuthenticAMD
TMP=C:\Users\gabri\AppData\Local\Temp
TEMP=C:\Users\gabri\AppData\Local\Temp



---------------  S Y S T E M  ---------------

OS:
 Windows 10 , 64 bit Build 19041 (10.0.19041.2913)
OS uptime: 4 days 16:29 hours

CPU: total 2 (initial active 2) (2 cores per cpu, 1 threads per core) family 23 model 24 stepping 1 microcode 0x0, cx8, cmov, fxsr, mmx, 3dnowpref, sse, sse2, sse3, ssse3, sse4a, sse4.1, sse4.2, popcnt, lzcnt, tsc, tscinvbit, avx, avx2, aes, clmul, bmi1, bmi2, adx, sha, fma, vzeroupper, clflush, clflushopt

Memory: 4k page, system-wide physical 10116M (1129M free)
TotalPageFile size 40481M (AvailPageFile size 12M)
current process WorkingSet (physical memory assigned to process): 306M, peak: 306M
current process commit charge ("private bytes"): 338M, peak: 356M

vm_info: OpenJDK 64-Bit Server VM (17.0.6+0-b2043.56-9586694) for windows-amd64 JRE (17.0.6+0-b2043.56-9586694), built on Feb  9 2023 20:06:20 by "androidbuild" with MS VC++ 16.10 / 16.11 (VS2019)

END.
